------------------------------------------------------------
------------------------------------------------------------
------------------------------------------------------------
------------------------------------------------------------
------------------------------------------------------------
------------------------------------------------------------
------------------------------------------------------------
------------------------------------------------------------
------------------------------------------------------------
------------------------------------------------------------
------------------------------------------------------------
------------------------------------------------------------
------------------------------------------------------------
2013-01-23 16:59:12,007 [6] - http://localhost:10476/ [ 2013/1/23 16:59:12 ] 

[ Headers ]

Connection : Keep-Alive
Accept : text/html, application/xhtml+xml, */*
Accept-Encoding : gzip, deflate
Accept-Language : zh-CN
Host : localhost:10476
User-Agent : Mozilla/5.0 (compatible; MSIE 10.0; Windows NT 6.2; WOW64; Trident/6.0; Touch; ASU2JS)

[ QueryString ]


[ Form ]


------------------------------------------------------------
2013-01-23 16:59:19,826 [10] - http://localhost:10476/Scripts/modernizr-2.5.3.js [ 2013/1/23 16:59:19 ] 

[ Headers ]

Connection : Keep-Alive
Accept : application/javascript, */*;q=0.8
Accept-Encoding : gzip, deflate
Accept-Language : zh-CN
Host : localhost:10476
Referer : http://localhost:10476/
User-Agent : Mozilla/5.0 (compatible; MSIE 10.0; Windows NT 6.2; WOW64; Trident/6.0; Touch; ASU2JS)

[ QueryString ]


[ Form ]


2013-01-23 16:59:19,826 [12] - http://localhost:10476/Scripts/jquery-1.7.1.min.js [ 2013/1/23 16:59:19 ] 

[ Headers ]

Connection : Keep-Alive
Accept : application/javascript, */*;q=0.8
Accept-Encoding : gzip, deflate
Accept-Language : zh-CN
Host : localhost:10476
Referer : http://localhost:10476/
User-Agent : Mozilla/5.0 (compatible; MSIE 10.0; Windows NT 6.2; WOW64; Trident/6.0; Touch; ASU2JS)

[ QueryString ]


[ Form ]


2013-01-23 16:59:19,826 [4] - http://localhost:10476/Content/Site.css [ 2013/1/23 16:59:19 ] 

[ Headers ]

Connection : Keep-Alive
Accept : text/css
Accept-Encoding : gzip, deflate
Accept-Language : zh-CN
Host : localhost:10476
Referer : http://localhost:10476/
User-Agent : Mozilla/5.0 (compatible; MSIE 10.0; Windows NT 6.2; WOW64; Trident/6.0; Touch; ASU2JS)

[ QueryString ]


[ Form ]


2013-01-23 16:59:21,482 [10] - http://localhost:10476/favicon.ico [ 2013/1/23 16:59:21 ] 

[ Headers ]

Connection : Keep-Alive
Accept : */*
Accept-Encoding : gzip, deflate
Host : localhost:10476
User-Agent : Mozilla/5.0 (compatible; MSIE 10.0; Windows NT 6.2; WOW64; Trident/6.0; Touch; ASU2JS)

[ QueryString ]


[ Form ]


2013-01-23 16:59:37,661 [12] - http://localhost:10476/account/login [ 2013/1/23 16:59:37 ] 

[ Headers ]

Connection : Keep-Alive
Accept : text/html, application/xhtml+xml, */*
Accept-Encoding : gzip, deflate
Accept-Language : zh-CN
Host : localhost:10476
Referer : http://localhost:10476/
User-Agent : Mozilla/5.0 (compatible; MSIE 10.0; Windows NT 6.2; WOW64; Trident/6.0; Touch; ASU2JS)

[ QueryString ]


[ Form ]


------------------------------------------------------------
2013-01-23 17:04:47,872 [5] - http://localhost:10476/ [ 2013/1/23 17:04:47 ] 

[ Headers ]

Connection : Keep-Alive
Accept : text/html, application/xhtml+xml, */*
Accept-Encoding : gzip, deflate
Accept-Language : zh-CN
Host : localhost:10476
User-Agent : Mozilla/5.0 (compatible; MSIE 10.0; Windows NT 6.2; WOW64; Trident/6.0; Touch; ASU2JS)

[ QueryString ]


[ Form ]


2013-01-23 17:04:51,375 [6] - http://localhost:10476/Content/Site.css [ 2013/1/23 17:04:51 ] 

[ Headers ]

Connection : Keep-Alive
Accept : text/css
Accept-Encoding : gzip, deflate
Accept-Language : zh-CN
Host : localhost:10476
If-None-Match : "1CDF887E6332F80"
Referer : http://localhost:10476/
User-Agent : Mozilla/5.0 (compatible; MSIE 10.0; Windows NT 6.2; WOW64; Trident/6.0; Touch; ASU2JS)

[ QueryString ]


[ Form ]


2013-01-23 17:04:51,379 [11] - http://localhost:10476/Scripts/modernizr-2.5.3.js [ 2013/1/23 17:04:51 ] 

[ Headers ]

Connection : Keep-Alive
Accept : application/javascript, */*;q=0.8
Accept-Encoding : gzip, deflate
Accept-Language : zh-CN
Host : localhost:10476
If-None-Match : "1CDF887E6332F80"
Referer : http://localhost:10476/
User-Agent : Mozilla/5.0 (compatible; MSIE 10.0; Windows NT 6.2; WOW64; Trident/6.0; Touch; ASU2JS)

[ QueryString ]


[ Form ]


2013-01-23 17:04:51,387 [10] - http://localhost:10476/Scripts/jquery-1.7.1.min.js [ 2013/1/23 17:04:51 ] 

[ Headers ]

Connection : Keep-Alive
Accept : application/javascript, */*;q=0.8
Accept-Encoding : gzip, deflate
Accept-Language : zh-CN
Host : localhost:10476
If-None-Match : "1CDF887E6332F80"
Referer : http://localhost:10476/
User-Agent : Mozilla/5.0 (compatible; MSIE 10.0; Windows NT 6.2; WOW64; Trident/6.0; Touch; ASU2JS)

[ QueryString ]


[ Form ]


2013-01-23 17:04:53,917 [11] - http://localhost:10476/account/login [ 2013/1/23 17:04:53 ] 

[ Headers ]

Connection : Keep-Alive
Accept : text/html, application/xhtml+xml, */*
Accept-Encoding : gzip, deflate
Accept-Language : zh-CN
Host : localhost:10476
Referer : http://localhost:10476/
User-Agent : Mozilla/5.0 (compatible; MSIE 10.0; Windows NT 6.2; WOW64; Trident/6.0; Touch; ASU2JS)

[ QueryString ]


[ Form ]


2013-01-23 17:05:01,156 [5] - http://localhost:10476/Content/Site.css [ 2013/1/23 17:05:01 ] 

[ Headers ]

Connection : Keep-Alive
Accept : text/css
Accept-Encoding : gzip, deflate
Accept-Language : zh-CN
Cookie : __RequestVerificationToken_Lw__=lv+1+J6PQpVmOHablkJhAjK82gARZVeSIrCgRAHiReHWR0HaupYAyKp/NeJtURiLUqmlfQMjFap4Nup7TuNd5wNVyk146441StEtyZghBpr+o2/SDQ0qROiNOTLQo/I99LEXDGH0hbr8BX/g1KcBVKmYttqQae+DpXE3hAE0Iuw=
Host : localhost:10476
If-None-Match : "1CDF887E6332F80"
Referer : http://localhost:10476/account/login
User-Agent : Mozilla/5.0 (compatible; MSIE 10.0; Windows NT 6.2; WOW64; Trident/6.0; Touch; ASU2JS)

[ QueryString ]


[ Form ]


2013-01-23 17:05:01,179 [10] - http://localhost:10476/Scripts/modernizr-2.5.3.js [ 2013/1/23 17:05:01 ] 

[ Headers ]

Connection : Keep-Alive
Accept : application/javascript, */*;q=0.8
Accept-Encoding : gzip, deflate
Accept-Language : zh-CN
Cookie : __RequestVerificationToken_Lw__=lv+1+J6PQpVmOHablkJhAjK82gARZVeSIrCgRAHiReHWR0HaupYAyKp/NeJtURiLUqmlfQMjFap4Nup7TuNd5wNVyk146441StEtyZghBpr+o2/SDQ0qROiNOTLQo/I99LEXDGH0hbr8BX/g1KcBVKmYttqQae+DpXE3hAE0Iuw=
Host : localhost:10476
If-None-Match : "1CDF887E6332F80"
Referer : http://localhost:10476/account/login
User-Agent : Mozilla/5.0 (compatible; MSIE 10.0; Windows NT 6.2; WOW64; Trident/6.0; Touch; ASU2JS)

[ QueryString ]


[ Form ]


2013-01-23 17:05:01,179 [11] - http://localhost:10476/Scripts/jquery-1.7.1.min.js [ 2013/1/23 17:05:01 ] 

[ Headers ]

Connection : Keep-Alive
Accept : application/javascript, */*;q=0.8
Accept-Encoding : gzip, deflate
Accept-Language : zh-CN
Cookie : __RequestVerificationToken_Lw__=lv+1+J6PQpVmOHablkJhAjK82gARZVeSIrCgRAHiReHWR0HaupYAyKp/NeJtURiLUqmlfQMjFap4Nup7TuNd5wNVyk146441StEtyZghBpr+o2/SDQ0qROiNOTLQo/I99LEXDGH0hbr8BX/g1KcBVKmYttqQae+DpXE3hAE0Iuw=
Host : localhost:10476
If-None-Match : "1CDF887E6332F80"
Referer : http://localhost:10476/account/login
User-Agent : Mozilla/5.0 (compatible; MSIE 10.0; Windows NT 6.2; WOW64; Trident/6.0; Touch; ASU2JS)

[ QueryString ]


[ Form ]


2013-01-23 17:05:01,191 [6] - http://localhost:10476/Scripts/jquery.validate.min.js [ 2013/1/23 17:05:01 ] 

[ Headers ]

Connection : Keep-Alive
Accept : application/javascript, */*;q=0.8
Accept-Encoding : gzip, deflate
Accept-Language : zh-CN
Cookie : __RequestVerificationToken_Lw__=lv+1+J6PQpVmOHablkJhAjK82gARZVeSIrCgRAHiReHWR0HaupYAyKp/NeJtURiLUqmlfQMjFap4Nup7TuNd5wNVyk146441StEtyZghBpr+o2/SDQ0qROiNOTLQo/I99LEXDGH0hbr8BX/g1KcBVKmYttqQae+DpXE3hAE0Iuw=
Host : localhost:10476
Referer : http://localhost:10476/account/login
User-Agent : Mozilla/5.0 (compatible; MSIE 10.0; Windows NT 6.2; WOW64; Trident/6.0; Touch; ASU2JS)

[ QueryString ]


[ Form ]


2013-01-23 17:05:01,191 [11] - http://localhost:10476/Scripts/jquery.validate.unobtrusive.min.js [ 2013/1/23 17:05:01 ] 

[ Headers ]

Connection : Keep-Alive
Accept : application/javascript, */*;q=0.8
Accept-Encoding : gzip, deflate
Accept-Language : zh-CN
Cookie : __RequestVerificationToken_Lw__=lv+1+J6PQpVmOHablkJhAjK82gARZVeSIrCgRAHiReHWR0HaupYAyKp/NeJtURiLUqmlfQMjFap4Nup7TuNd5wNVyk146441StEtyZghBpr+o2/SDQ0qROiNOTLQo/I99LEXDGH0hbr8BX/g1KcBVKmYttqQae+DpXE3hAE0Iuw=
Host : localhost:10476
Referer : http://localhost:10476/account/login
User-Agent : Mozilla/5.0 (compatible; MSIE 10.0; Windows NT 6.2; WOW64; Trident/6.0; Touch; ASU2JS)

[ QueryString ]


[ Form ]


2013-01-23 17:05:18,421 [5] - http://localhost:10476/account/login [ 2013/1/23 17:05:18 ] 

[ Headers ]

Cache-Control : no-cache
Connection : Keep-Alive
Content-Length : 253
Content-Type : application/x-www-form-urlencoded
Accept : text/html, application/xhtml+xml, */*
Accept-Encoding : gzip, deflate
Accept-Language : zh-CN
Cookie : __RequestVerificationToken_Lw__=lv+1+J6PQpVmOHablkJhAjK82gARZVeSIrCgRAHiReHWR0HaupYAyKp/NeJtURiLUqmlfQMjFap4Nup7TuNd5wNVyk146441StEtyZghBpr+o2/SDQ0qROiNOTLQo/I99LEXDGH0hbr8BX/g1KcBVKmYttqQae+DpXE3hAE0Iuw=
Host : localhost:10476
Referer : http://localhost:10476/account/login
User-Agent : Mozilla/5.0 (compatible; MSIE 10.0; Windows NT 6.2; WOW64; Trident/6.0; Touch; ASU2JS)

[ QueryString ]


[ Form ]

__RequestVerificationToken : tJhyw+I5Cd5QnVb4dwgCoZP3r+8sI/ixsgoQstjSVpgMnso8qygu39Z53QM209IVMGS3VvrI2jQUdlyt825Gapgng7hJdHhIa+0MwFZcCZ4yQrzyMpxJin4LUZTY58+xKi+LXMcJ+TZ7TQDtRMXKfonMXli2LZq3TlDmQp25u0A=
UserName : admintest
Password : admintest

2013-01-23 17:05:19,745 [6] - http://localhost:10476/account/login [ 2013/1/23 17:05:19 ] 

[ Headers ]

Cache-Control : no-cache
Connection : Keep-Alive
Content-Length : 253
Content-Type : application/x-www-form-urlencoded
Accept : text/html, application/xhtml+xml, */*
Accept-Encoding : gzip, deflate
Accept-Language : zh-CN
Cookie : __RequestVerificationToken_Lw__=lv+1+J6PQpVmOHablkJhAjK82gARZVeSIrCgRAHiReHWR0HaupYAyKp/NeJtURiLUqmlfQMjFap4Nup7TuNd5wNVyk146441StEtyZghBpr+o2/SDQ0qROiNOTLQo/I99LEXDGH0hbr8BX/g1KcBVKmYttqQae+DpXE3hAE0Iuw=
Host : localhost:10476
Referer : http://localhost:10476/account/login
User-Agent : Mozilla/5.0 (compatible; MSIE 10.0; Windows NT 6.2; WOW64; Trident/6.0; Touch; ASU2JS)

[ QueryString ]


[ Form ]

__RequestVerificationToken : tJhyw+I5Cd5QnVb4dwgCoZP3r+8sI/ixsgoQstjSVpgMnso8qygu39Z53QM209IVMGS3VvrI2jQUdlyt825Gapgng7hJdHhIa+0MwFZcCZ4yQrzyMpxJin4LUZTY58+xKi+LXMcJ+TZ7TQDtRMXKfonMXli2LZq3TlDmQp25u0A=
UserName : admintest
Password : admintest

------------------------------------------------------------
2013-01-23 17:07:17,426 [5] - http://localhost:10476/ [ 2013/1/23 17:07:17 ] 

[ Headers ]

Connection : Keep-Alive
Accept : text/html, application/xhtml+xml, */*
Accept-Encoding : gzip, deflate
Accept-Language : zh-CN
Host : localhost:10476
User-Agent : Mozilla/5.0 (compatible; MSIE 10.0; Windows NT 6.2; WOW64; Trident/6.0; Touch; ASU2JS)

[ QueryString ]


[ Form ]


------------------------------------------------------------
2013-01-23 17:07:26,324 [6] - http://localhost:10476/account/login [ 2013/1/23 17:07:26 ] 

[ Headers ]

Connection : Keep-Alive
Accept : text/html, application/xhtml+xml, */*
Accept-Encoding : gzip, deflate
Accept-Language : zh-CN
Host : localhost:10476
Referer : http://localhost:10476/
User-Agent : Mozilla/5.0 (compatible; MSIE 10.0; Windows NT 6.2; WOW64; Trident/6.0; Touch; ASU2JS)

[ QueryString ]


[ Form ]


2013-01-23 17:07:35,000 [10] - http://localhost:10476/Scripts/jquery.validate.min.js [ 2013/1/23 17:07:35 ] 

[ Headers ]

Connection : Keep-Alive
Accept : application/javascript, */*;q=0.8
Accept-Encoding : gzip, deflate
Accept-Language : zh-CN
Cookie : __RequestVerificationToken_Lw__=q9Gpzf2wY45qr6cGo6qXmaXvaeo3eC33IARcecgH3d9SE5/YIl2cY0rQwtTed8x1sNOcLJ4a1ysFkZiiC3ren4rdpYJQGf8NqCVmtT5A5CJFZb6g05qSUy78yigWGW6Ro+KMZegUGcirHgegUXMurziZqUC4D5QwO+8ZkkvHAbs=
Host : localhost:10476
If-None-Match : "1CDF887E6332F80"
Referer : http://localhost:10476/account/login
User-Agent : Mozilla/5.0 (compatible; MSIE 10.0; Windows NT 6.2; WOW64; Trident/6.0; Touch; ASU2JS)

[ QueryString ]


[ Form ]


2013-01-23 17:07:35,005 [11] - http://localhost:10476/Scripts/jquery.validate.unobtrusive.min.js [ 2013/1/23 17:07:35 ] 

[ Headers ]

Connection : Keep-Alive
Accept : application/javascript, */*;q=0.8
Accept-Encoding : gzip, deflate
Accept-Language : zh-CN
Cookie : __RequestVerificationToken_Lw__=q9Gpzf2wY45qr6cGo6qXmaXvaeo3eC33IARcecgH3d9SE5/YIl2cY0rQwtTed8x1sNOcLJ4a1ysFkZiiC3ren4rdpYJQGf8NqCVmtT5A5CJFZb6g05qSUy78yigWGW6Ro+KMZegUGcirHgegUXMurziZqUC4D5QwO+8ZkkvHAbs=
Host : localhost:10476
If-None-Match : "1CDF887E6332F80"
Referer : http://localhost:10476/account/login
User-Agent : Mozilla/5.0 (compatible; MSIE 10.0; Windows NT 6.2; WOW64; Trident/6.0; Touch; ASU2JS)

[ QueryString ]


[ Form ]


2013-01-23 17:07:54,885 [11] - http://localhost:10476/account/login [ 2013/1/23 17:07:54 ] 

[ Headers ]

Cache-Control : no-cache
Connection : Keep-Alive
Content-Length : 247
Content-Type : application/x-www-form-urlencoded
Accept : text/html, application/xhtml+xml, */*
Accept-Encoding : gzip, deflate
Accept-Language : zh-CN
Cookie : __RequestVerificationToken_Lw__=q9Gpzf2wY45qr6cGo6qXmaXvaeo3eC33IARcecgH3d9SE5/YIl2cY0rQwtTed8x1sNOcLJ4a1ysFkZiiC3ren4rdpYJQGf8NqCVmtT5A5CJFZb6g05qSUy78yigWGW6Ro+KMZegUGcirHgegUXMurziZqUC4D5QwO+8ZkkvHAbs=
Host : localhost:10476
Referer : http://localhost:10476/account/login
User-Agent : Mozilla/5.0 (compatible; MSIE 10.0; Windows NT 6.2; WOW64; Trident/6.0; Touch; ASU2JS)

[ QueryString ]


[ Form ]

__RequestVerificationToken : QlAjRKpeTJ8w0UyNo6BI1lVnpTdIJukJ6t1/t9zurkkU08f1qA3aYONCv2mY/6b0mxR4xBBi3kUZxYAOSFLBUw0ZJuHJPG2Q0Rsc3FWAaG/OCHeF+O8Q8uOupjqvbeJRCWGyOdRgZgQrpbDhenb20aWV7R8A2Q9DbsLhuovA2FM=
UserName : admintest
Password : admintest

------------------------------------------------------------
2013-01-23 17:09:06,425 [5] - http://localhost:10476/ [ 2013/1/23 17:09:06 ] 

[ Headers ]

Connection : Keep-Alive
Accept : text/html, application/xhtml+xml, */*
Accept-Encoding : gzip, deflate
Accept-Language : zh-CN
Host : localhost:10476
User-Agent : Mozilla/5.0 (compatible; MSIE 10.0; Windows NT 6.2; WOW64; Trident/6.0; Touch; ASU2JS)

[ QueryString ]


[ Form ]


------------------------------------------------------------
2013-01-23 17:09:29,025 [6] - http://localhost:10476/account/login [ 2013/1/23 17:09:29 ] 

[ Headers ]

Connection : Keep-Alive
Accept : text/html, application/xhtml+xml, */*
Accept-Encoding : gzip, deflate
Accept-Language : zh-CN
Host : localhost:10476
Referer : http://localhost:10476/
User-Agent : Mozilla/5.0 (compatible; MSIE 10.0; Windows NT 6.2; WOW64; Trident/6.0; Touch; ASU2JS)

[ QueryString ]


[ Form ]


2013-01-23 17:09:36,331 [10] - http://localhost:10476/Scripts/jquery.validate.min.js [ 2013/1/23 17:09:36 ] 

[ Headers ]

Connection : Keep-Alive
Accept : application/javascript, */*;q=0.8
Accept-Encoding : gzip, deflate
Accept-Language : zh-CN
Cookie : __RequestVerificationToken_Lw__=7oyDqz1XBMMEBlM0Qmrcr4AKX2JOmyEAIJZ8QLhp9/eOVl2vJP1NS9DagaQ5YrSG445+5AXphO0ToyYup6XQuCoqiBsES3zt5gdzBy2wnuTtRTWo3zsSYOCVvpMcr4KnVq70y/+qaYhgdnOX86uWgyHDn/XvSM+NgQxtCIJEo7E=
Host : localhost:10476
If-None-Match : "1CDF887E6332F80"
Referer : http://localhost:10476/account/login
User-Agent : Mozilla/5.0 (compatible; MSIE 10.0; Windows NT 6.2; WOW64; Trident/6.0; Touch; ASU2JS)

[ QueryString ]


[ Form ]


2013-01-23 17:09:36,332 [12] - http://localhost:10476/Scripts/jquery.validate.unobtrusive.min.js [ 2013/1/23 17:09:36 ] 

[ Headers ]

Connection : Keep-Alive
Accept : application/javascript, */*;q=0.8
Accept-Encoding : gzip, deflate
Accept-Language : zh-CN
Cookie : __RequestVerificationToken_Lw__=7oyDqz1XBMMEBlM0Qmrcr4AKX2JOmyEAIJZ8QLhp9/eOVl2vJP1NS9DagaQ5YrSG445+5AXphO0ToyYup6XQuCoqiBsES3zt5gdzBy2wnuTtRTWo3zsSYOCVvpMcr4KnVq70y/+qaYhgdnOX86uWgyHDn/XvSM+NgQxtCIJEo7E=
Host : localhost:10476
If-None-Match : "1CDF887E6332F80"
Referer : http://localhost:10476/account/login
User-Agent : Mozilla/5.0 (compatible; MSIE 10.0; Windows NT 6.2; WOW64; Trident/6.0; Touch; ASU2JS)

[ QueryString ]


[ Form ]


2013-01-23 17:09:40,833 [5] - http://localhost:10476/account/login [ 2013/1/23 17:09:40 ] 

[ Headers ]

Cache-Control : no-cache
Connection : Keep-Alive
Content-Length : 250
Content-Type : application/x-www-form-urlencoded
Accept : text/html, application/xhtml+xml, */*
Accept-Encoding : gzip, deflate
Accept-Language : zh-CN
Cookie : __RequestVerificationToken_Lw__=7oyDqz1XBMMEBlM0Qmrcr4AKX2JOmyEAIJZ8QLhp9/eOVl2vJP1NS9DagaQ5YrSG445+5AXphO0ToyYup6XQuCoqiBsES3zt5gdzBy2wnuTtRTWo3zsSYOCVvpMcr4KnVq70y/+qaYhgdnOX86uWgyHDn/XvSM+NgQxtCIJEo7E=
Host : localhost:10476
Referer : http://localhost:10476/account/login
User-Agent : Mozilla/5.0 (compatible; MSIE 10.0; Windows NT 6.2; WOW64; Trident/6.0; Touch; ASU2JS)

[ QueryString ]


[ Form ]

__RequestVerificationToken : 26bjvrpuSANmVWzx703sIEiddCbHRi0hd/iYVcziRKbYlCf/vK14h3aTdfjcWvf7pKhl6gOl6iQWAova2WXZlc0aj3f0t50hhQZcm/fqY8cjCufV9v5SV08mkXlA/hjEZ7x0SXegwTiHALdQk4XrutIP/MQBk+BU5bfbsN35GOU=
UserName : admintest
Password : dmintest

2013-01-23 17:09:44,792 [11] - http://localhost:10476/Scripts/jquery.validate.min.js [ 2013/1/23 17:09:44 ] 

[ Headers ]

Connection : Keep-Alive
Accept : application/javascript, */*;q=0.8
Accept-Encoding : gzip, deflate
Accept-Language : zh-CN
Cookie : __RequestVerificationToken_Lw__=7oyDqz1XBMMEBlM0Qmrcr4AKX2JOmyEAIJZ8QLhp9/eOVl2vJP1NS9DagaQ5YrSG445+5AXphO0ToyYup6XQuCoqiBsES3zt5gdzBy2wnuTtRTWo3zsSYOCVvpMcr4KnVq70y/+qaYhgdnOX86uWgyHDn/XvSM+NgQxtCIJEo7E=
Host : localhost:10476
If-None-Match : "1CDF887E6332F80"
Referer : http://localhost:10476/account/login
User-Agent : Mozilla/5.0 (compatible; MSIE 10.0; Windows NT 6.2; WOW64; Trident/6.0; Touch; ASU2JS)

[ QueryString ]


[ Form ]


2013-01-23 17:09:44,798 [6] - http://localhost:10476/Scripts/jquery.validate.unobtrusive.min.js [ 2013/1/23 17:09:44 ] 

[ Headers ]

Connection : Keep-Alive
Accept : application/javascript, */*;q=0.8
Accept-Encoding : gzip, deflate
Accept-Language : zh-CN
Cookie : __RequestVerificationToken_Lw__=7oyDqz1XBMMEBlM0Qmrcr4AKX2JOmyEAIJZ8QLhp9/eOVl2vJP1NS9DagaQ5YrSG445+5AXphO0ToyYup6XQuCoqiBsES3zt5gdzBy2wnuTtRTWo3zsSYOCVvpMcr4KnVq70y/+qaYhgdnOX86uWgyHDn/XvSM+NgQxtCIJEo7E=
Host : localhost:10476
If-None-Match : "1CDF887E6332F80"
Referer : http://localhost:10476/account/login
User-Agent : Mozilla/5.0 (compatible; MSIE 10.0; Windows NT 6.2; WOW64; Trident/6.0; Touch; ASU2JS)

[ QueryString ]


[ Form ]


2013-01-23 17:09:54,479 [13] - http://localhost:10476/account/login [ 2013/1/23 17:09:54 ] 

[ Headers ]

Cache-Control : no-cache
Connection : Keep-Alive
Content-Length : 247
Content-Type : application/x-www-form-urlencoded
Accept : text/html, application/xhtml+xml, */*
Accept-Encoding : gzip, deflate
Accept-Language : zh-CN
Cookie : __RequestVerificationToken_Lw__=7oyDqz1XBMMEBlM0Qmrcr4AKX2JOmyEAIJZ8QLhp9/eOVl2vJP1NS9DagaQ5YrSG445+5AXphO0ToyYup6XQuCoqiBsES3zt5gdzBy2wnuTtRTWo3zsSYOCVvpMcr4KnVq70y/+qaYhgdnOX86uWgyHDn/XvSM+NgQxtCIJEo7E=
Host : localhost:10476
Referer : http://localhost:10476/account/login
User-Agent : Mozilla/5.0 (compatible; MSIE 10.0; Windows NT 6.2; WOW64; Trident/6.0; Touch; ASU2JS)

[ QueryString ]


[ Form ]

__RequestVerificationToken : Iu/v9tbIaSj9thQ6Zawrt/ntKUvXciFfuHH/snMY0qBnjChhPhkGQodCFqtmgOPq23mdnPTaPdbN6ZdRCn8/lmfikKWFNAaiDshWXAxdJsJOun6ldWyeFxWMgbCLt9QKEet8Z59jL2Bf7O9LA4pqXhirPWZu9eBz98kCtVQyCMY=
UserName : AdminTest
Password : AdminTest

2013-01-23 17:09:57,395 [12] - http://localhost:10476/ [ 2013/1/23 17:09:57 ] 

[ Headers ]

Cache-Control : no-cache
Connection : Keep-Alive
Accept : text/html, application/xhtml+xml, */*
Accept-Encoding : gzip, deflate
Accept-Language : zh-CN
Cookie : __RequestVerificationToken_Lw__=7oyDqz1XBMMEBlM0Qmrcr4AKX2JOmyEAIJZ8QLhp9/eOVl2vJP1NS9DagaQ5YrSG445+5AXphO0ToyYup6XQuCoqiBsES3zt5gdzBy2wnuTtRTWo3zsSYOCVvpMcr4KnVq70y/+qaYhgdnOX86uWgyHDn/XvSM+NgQxtCIJEo7E=; .ASPXAUTH=04F6B73AE19CACCF6A95BAAC584CF5C1EA4EE165611547FAA12C8311B92EDCA6664D11A7B459A723A32BC4D3C3D75E9D32FD2536DE70FDDD37893052A61121AFB20E1D7B88C3F7843FCE80A31854A5F336B9A99B422996F7877833E1EFB2B0DAC37F0B4AB71F237A780FD8CE2975983A5F8EBC17325C212C29E60FDFCB566699A018D51999ACD2FC4C5C608E93C630BEE505E1AF5908B1F2C94E51B070F05C67E92AE4CF770F100C3DCC3CA319DF87A6380B02FEE8445C944124BC61F37F7991557DF87494A50F228923BBC5763F82E2
Host : localhost:10476
Referer : http://localhost:10476/account/login
User-Agent : Mozilla/5.0 (compatible; MSIE 10.0; Windows NT 6.2; WOW64; Trident/6.0; Touch; ASU2JS)

[ QueryString ]


[ Form ]


2013-01-23 17:10:00,609 [13] - http://localhost:10476/resource [ 2013/1/23 17:10:00 ] 

[ Headers ]

Connection : Keep-Alive
Accept : text/html, application/xhtml+xml, */*
Accept-Encoding : gzip, deflate
Accept-Language : zh-CN
Cookie : __RequestVerificationToken_Lw__=7oyDqz1XBMMEBlM0Qmrcr4AKX2JOmyEAIJZ8QLhp9/eOVl2vJP1NS9DagaQ5YrSG445+5AXphO0ToyYup6XQuCoqiBsES3zt5gdzBy2wnuTtRTWo3zsSYOCVvpMcr4KnVq70y/+qaYhgdnOX86uWgyHDn/XvSM+NgQxtCIJEo7E=; .ASPXAUTH=04F6B73AE19CACCF6A95BAAC584CF5C1EA4EE165611547FAA12C8311B92EDCA6664D11A7B459A723A32BC4D3C3D75E9D32FD2536DE70FDDD37893052A61121AFB20E1D7B88C3F7843FCE80A31854A5F336B9A99B422996F7877833E1EFB2B0DAC37F0B4AB71F237A780FD8CE2975983A5F8EBC17325C212C29E60FDFCB566699A018D51999ACD2FC4C5C608E93C630BEE505E1AF5908B1F2C94E51B070F05C67E92AE4CF770F100C3DCC3CA319DF87A6380B02FEE8445C944124BC61F37F7991557DF87494A50F228923BBC5763F82E2
Host : localhost:10476
Referer : http://localhost:10476/
User-Agent : Mozilla/5.0 (compatible; MSIE 10.0; Windows NT 6.2; WOW64; Trident/6.0; Touch; ASU2JS)

[ QueryString ]


[ Form ]


2013-01-23 17:10:08,191 [5] - http://localhost:10476/content/themes/webget/easyui/default/easyui.css [ 2013/1/23 17:10:08 ] 

[ Headers ]

Connection : Keep-Alive
Accept : text/css
Accept-Encoding : gzip, deflate
Accept-Language : zh-CN
Cookie : __RequestVerificationToken_Lw__=7oyDqz1XBMMEBlM0Qmrcr4AKX2JOmyEAIJZ8QLhp9/eOVl2vJP1NS9DagaQ5YrSG445+5AXphO0ToyYup6XQuCoqiBsES3zt5gdzBy2wnuTtRTWo3zsSYOCVvpMcr4KnVq70y/+qaYhgdnOX86uWgyHDn/XvSM+NgQxtCIJEo7E=; .ASPXAUTH=04F6B73AE19CACCF6A95BAAC584CF5C1EA4EE165611547FAA12C8311B92EDCA6664D11A7B459A723A32BC4D3C3D75E9D32FD2536DE70FDDD37893052A61121AFB20E1D7B88C3F7843FCE80A31854A5F336B9A99B422996F7877833E1EFB2B0DAC37F0B4AB71F237A780FD8CE2975983A5F8EBC17325C212C29E60FDFCB566699A018D51999ACD2FC4C5C608E93C630BEE505E1AF5908B1F2C94E51B070F05C67E92AE4CF770F100C3DCC3CA319DF87A6380B02FEE8445C944124BC61F37F7991557DF87494A50F228923BBC5763F82E2
Host : localhost:10476
Referer : http://localhost:10476/resource
User-Agent : Mozilla/5.0 (compatible; MSIE 10.0; Windows NT 6.2; WOW64; Trident/6.0; Touch; ASU2JS)

[ QueryString ]


[ Form ]


2013-01-23 17:10:08,192 [13] - http://localhost:10476/content/themes/webget/easyui/icon.css [ 2013/1/23 17:10:08 ] 

[ Headers ]

Connection : Keep-Alive
Accept : text/css
Accept-Encoding : gzip, deflate
Accept-Language : zh-CN
Cookie : __RequestVerificationToken_Lw__=7oyDqz1XBMMEBlM0Qmrcr4AKX2JOmyEAIJZ8QLhp9/eOVl2vJP1NS9DagaQ5YrSG445+5AXphO0ToyYup6XQuCoqiBsES3zt5gdzBy2wnuTtRTWo3zsSYOCVvpMcr4KnVq70y/+qaYhgdnOX86uWgyHDn/XvSM+NgQxtCIJEo7E=; .ASPXAUTH=04F6B73AE19CACCF6A95BAAC584CF5C1EA4EE165611547FAA12C8311B92EDCA6664D11A7B459A723A32BC4D3C3D75E9D32FD2536DE70FDDD37893052A61121AFB20E1D7B88C3F7843FCE80A31854A5F336B9A99B422996F7877833E1EFB2B0DAC37F0B4AB71F237A780FD8CE2975983A5F8EBC17325C212C29E60FDFCB566699A018D51999ACD2FC4C5C608E93C630BEE505E1AF5908B1F2C94E51B070F05C67E92AE4CF770F100C3DCC3CA319DF87A6380B02FEE8445C944124BC61F37F7991557DF87494A50F228923BBC5763F82E2
Host : localhost:10476
Referer : http://localhost:10476/resource
User-Agent : Mozilla/5.0 (compatible; MSIE 10.0; Windows NT 6.2; WOW64; Trident/6.0; Touch; ASU2JS)

[ QueryString ]


[ Form ]


2013-01-23 17:10:08,192 [11] - http://localhost:10476/Scripts/widget/jquery.easyui.min.js [ 2013/1/23 17:10:08 ] 

[ Headers ]

Connection : Keep-Alive
Accept : application/javascript, */*;q=0.8
Accept-Encoding : gzip, deflate
Accept-Language : zh-CN
Cookie : __RequestVerificationToken_Lw__=7oyDqz1XBMMEBlM0Qmrcr4AKX2JOmyEAIJZ8QLhp9/eOVl2vJP1NS9DagaQ5YrSG445+5AXphO0ToyYup6XQuCoqiBsES3zt5gdzBy2wnuTtRTWo3zsSYOCVvpMcr4KnVq70y/+qaYhgdnOX86uWgyHDn/XvSM+NgQxtCIJEo7E=; .ASPXAUTH=04F6B73AE19CACCF6A95BAAC584CF5C1EA4EE165611547FAA12C8311B92EDCA6664D11A7B459A723A32BC4D3C3D75E9D32FD2536DE70FDDD37893052A61121AFB20E1D7B88C3F7843FCE80A31854A5F336B9A99B422996F7877833E1EFB2B0DAC37F0B4AB71F237A780FD8CE2975983A5F8EBC17325C212C29E60FDFCB566699A018D51999ACD2FC4C5C608E93C630BEE505E1AF5908B1F2C94E51B070F05C67E92AE4CF770F100C3DCC3CA319DF87A6380B02FEE8445C944124BC61F37F7991557DF87494A50F228923BBC5763F82E2
Host : localhost:10476
Referer : http://localhost:10476/resource
User-Agent : Mozilla/5.0 (compatible; MSIE 10.0; Windows NT 6.2; WOW64; Trident/6.0; Touch; ASU2JS)

[ QueryString ]


[ Form ]


2013-01-23 17:10:08,462 [11] - http://localhost:10476/content/themes/webget/easyui/default/images/pagination_last.gif [ 2013/1/23 17:10:08 ] 

[ Headers ]

Connection : Keep-Alive
Accept : image/png, image/svg+xml, image/*;q=0.8, */*;q=0.5
Accept-Encoding : gzip, deflate
Accept-Language : zh-CN
Cookie : __RequestVerificationToken_Lw__=7oyDqz1XBMMEBlM0Qmrcr4AKX2JOmyEAIJZ8QLhp9/eOVl2vJP1NS9DagaQ5YrSG445+5AXphO0ToyYup6XQuCoqiBsES3zt5gdzBy2wnuTtRTWo3zsSYOCVvpMcr4KnVq70y/+qaYhgdnOX86uWgyHDn/XvSM+NgQxtCIJEo7E=; .ASPXAUTH=04F6B73AE19CACCF6A95BAAC584CF5C1EA4EE165611547FAA12C8311B92EDCA6664D11A7B459A723A32BC4D3C3D75E9D32FD2536DE70FDDD37893052A61121AFB20E1D7B88C3F7843FCE80A31854A5F336B9A99B422996F7877833E1EFB2B0DAC37F0B4AB71F237A780FD8CE2975983A5F8EBC17325C212C29E60FDFCB566699A018D51999ACD2FC4C5C608E93C630BEE505E1AF5908B1F2C94E51B070F05C67E92AE4CF770F100C3DCC3CA319DF87A6380B02FEE8445C944124BC61F37F7991557DF87494A50F228923BBC5763F82E2
Host : localhost:10476
Referer : http://localhost:10476/resource
User-Agent : Mozilla/5.0 (compatible; MSIE 10.0; Windows NT 6.2; WOW64; Trident/6.0; Touch; ASU2JS)

[ QueryString ]


[ Form ]


2013-01-23 17:10:08,463 [10] - http://localhost:10476/content/themes/webget/easyui/default/images/pagination_next.gif [ 2013/1/23 17:10:08 ] 

[ Headers ]

Connection : Keep-Alive
Accept : image/png, image/svg+xml, image/*;q=0.8, */*;q=0.5
Accept-Encoding : gzip, deflate
Accept-Language : zh-CN
Cookie : __RequestVerificationToken_Lw__=7oyDqz1XBMMEBlM0Qmrcr4AKX2JOmyEAIJZ8QLhp9/eOVl2vJP1NS9DagaQ5YrSG445+5AXphO0ToyYup6XQuCoqiBsES3zt5gdzBy2wnuTtRTWo3zsSYOCVvpMcr4KnVq70y/+qaYhgdnOX86uWgyHDn/XvSM+NgQxtCIJEo7E=; .ASPXAUTH=04F6B73AE19CACCF6A95BAAC584CF5C1EA4EE165611547FAA12C8311B92EDCA6664D11A7B459A723A32BC4D3C3D75E9D32FD2536DE70FDDD37893052A61121AFB20E1D7B88C3F7843FCE80A31854A5F336B9A99B422996F7877833E1EFB2B0DAC37F0B4AB71F237A780FD8CE2975983A5F8EBC17325C212C29E60FDFCB566699A018D51999ACD2FC4C5C608E93C630BEE505E1AF5908B1F2C94E51B070F05C67E92AE4CF770F100C3DCC3CA319DF87A6380B02FEE8445C944124BC61F37F7991557DF87494A50F228923BBC5763F82E2
Host : localhost:10476
Referer : http://localhost:10476/resource
User-Agent : Mozilla/5.0 (compatible; MSIE 10.0; Windows NT 6.2; WOW64; Trident/6.0; Touch; ASU2JS)

[ QueryString ]


[ Form ]


2013-01-23 17:10:08,463 [6] - http://localhost:10476/content/themes/webget/easyui/default/images/pagination_first.gif [ 2013/1/23 17:10:08 ] 

[ Headers ]

Connection : Keep-Alive
Accept : image/png, image/svg+xml, image/*;q=0.8, */*;q=0.5
Accept-Encoding : gzip, deflate
Accept-Language : zh-CN
Cookie : __RequestVerificationToken_Lw__=7oyDqz1XBMMEBlM0Qmrcr4AKX2JOmyEAIJZ8QLhp9/eOVl2vJP1NS9DagaQ5YrSG445+5AXphO0ToyYup6XQuCoqiBsES3zt5gdzBy2wnuTtRTWo3zsSYOCVvpMcr4KnVq70y/+qaYhgdnOX86uWgyHDn/XvSM+NgQxtCIJEo7E=; .ASPXAUTH=04F6B73AE19CACCF6A95BAAC584CF5C1EA4EE165611547FAA12C8311B92EDCA6664D11A7B459A723A32BC4D3C3D75E9D32FD2536DE70FDDD37893052A61121AFB20E1D7B88C3F7843FCE80A31854A5F336B9A99B422996F7877833E1EFB2B0DAC37F0B4AB71F237A780FD8CE2975983A5F8EBC17325C212C29E60FDFCB566699A018D51999ACD2FC4C5C608E93C630BEE505E1AF5908B1F2C94E51B070F05C67E92AE4CF770F100C3DCC3CA319DF87A6380B02FEE8445C944124BC61F37F7991557DF87494A50F228923BBC5763F82E2
Host : localhost:10476
Referer : http://localhost:10476/resource
User-Agent : Mozilla/5.0 (compatible; MSIE 10.0; Windows NT 6.2; WOW64; Trident/6.0; Touch; ASU2JS)

[ QueryString ]


[ Form ]


2013-01-23 17:10:08,464 [13] - http://localhost:10476/content/themes/webget/easyui/default/images/pagination_prev.gif [ 2013/1/23 17:10:08 ] 

[ Headers ]

Connection : Keep-Alive
Accept : image/png, image/svg+xml, image/*;q=0.8, */*;q=0.5
Accept-Encoding : gzip, deflate
Accept-Language : zh-CN
Cookie : __RequestVerificationToken_Lw__=7oyDqz1XBMMEBlM0Qmrcr4AKX2JOmyEAIJZ8QLhp9/eOVl2vJP1NS9DagaQ5YrSG445+5AXphO0ToyYup6XQuCoqiBsES3zt5gdzBy2wnuTtRTWo3zsSYOCVvpMcr4KnVq70y/+qaYhgdnOX86uWgyHDn/XvSM+NgQxtCIJEo7E=; .ASPXAUTH=04F6B73AE19CACCF6A95BAAC584CF5C1EA4EE165611547FAA12C8311B92EDCA6664D11A7B459A723A32BC4D3C3D75E9D32FD2536DE70FDDD37893052A61121AFB20E1D7B88C3F7843FCE80A31854A5F336B9A99B422996F7877833E1EFB2B0DAC37F0B4AB71F237A780FD8CE2975983A5F8EBC17325C212C29E60FDFCB566699A018D51999ACD2FC4C5C608E93C630BEE505E1AF5908B1F2C94E51B070F05C67E92AE4CF770F100C3DCC3CA319DF87A6380B02FEE8445C944124BC61F37F7991557DF87494A50F228923BBC5763F82E2
Host : localhost:10476
Referer : http://localhost:10476/resource
User-Agent : Mozilla/5.0 (compatible; MSIE 10.0; Windows NT 6.2; WOW64; Trident/6.0; Touch; ASU2JS)

[ QueryString ]


[ Form ]


2013-01-23 17:10:21,926 [6] - http://localhost:10476/resource/edit/463 [ 2013/1/23 17:10:21 ] 

[ Headers ]

Connection : Keep-Alive
Accept : text/html, application/xhtml+xml, */*
Accept-Encoding : gzip, deflate
Accept-Language : zh-CN
Cookie : __RequestVerificationToken_Lw__=7oyDqz1XBMMEBlM0Qmrcr4AKX2JOmyEAIJZ8QLhp9/eOVl2vJP1NS9DagaQ5YrSG445+5AXphO0ToyYup6XQuCoqiBsES3zt5gdzBy2wnuTtRTWo3zsSYOCVvpMcr4KnVq70y/+qaYhgdnOX86uWgyHDn/XvSM+NgQxtCIJEo7E=; .ASPXAUTH=04F6B73AE19CACCF6A95BAAC584CF5C1EA4EE165611547FAA12C8311B92EDCA6664D11A7B459A723A32BC4D3C3D75E9D32FD2536DE70FDDD37893052A61121AFB20E1D7B88C3F7843FCE80A31854A5F336B9A99B422996F7877833E1EFB2B0DAC37F0B4AB71F237A780FD8CE2975983A5F8EBC17325C212C29E60FDFCB566699A018D51999ACD2FC4C5C608E93C630BEE505E1AF5908B1F2C94E51B070F05C67E92AE4CF770F100C3DCC3CA319DF87A6380B02FEE8445C944124BC61F37F7991557DF87494A50F228923BBC5763F82E2
Host : localhost:10476
Referer : http://localhost:10476/resource
User-Agent : Mozilla/5.0 (compatible; MSIE 10.0; Windows NT 6.2; WOW64; Trident/6.0; Touch; ASU2JS)

[ QueryString ]


[ Form ]


2013-01-23 17:10:32,089 [13] - http://localhost:10476/promotion [ 2013/1/23 17:10:32 ] 

[ Headers ]

Connection : Keep-Alive
Accept : text/html, application/xhtml+xml, */*
Accept-Encoding : gzip, deflate
Accept-Language : zh-CN
Cookie : __RequestVerificationToken_Lw__=7oyDqz1XBMMEBlM0Qmrcr4AKX2JOmyEAIJZ8QLhp9/eOVl2vJP1NS9DagaQ5YrSG445+5AXphO0ToyYup6XQuCoqiBsES3zt5gdzBy2wnuTtRTWo3zsSYOCVvpMcr4KnVq70y/+qaYhgdnOX86uWgyHDn/XvSM+NgQxtCIJEo7E=; .ASPXAUTH=04F6B73AE19CACCF6A95BAAC584CF5C1EA4EE165611547FAA12C8311B92EDCA6664D11A7B459A723A32BC4D3C3D75E9D32FD2536DE70FDDD37893052A61121AFB20E1D7B88C3F7843FCE80A31854A5F336B9A99B422996F7877833E1EFB2B0DAC37F0B4AB71F237A780FD8CE2975983A5F8EBC17325C212C29E60FDFCB566699A018D51999ACD2FC4C5C608E93C630BEE505E1AF5908B1F2C94E51B070F05C67E92AE4CF770F100C3DCC3CA319DF87A6380B02FEE8445C944124BC61F37F7991557DF87494A50F228923BBC5763F82E2
Host : localhost:10476
Referer : http://localhost:10476/resource/edit/463
User-Agent : Mozilla/5.0 (compatible; MSIE 10.0; Windows NT 6.2; WOW64; Trident/6.0; Touch; ASU2JS)

[ QueryString ]


[ Form ]


2013-01-23 17:10:35,623 [11] - http://localhost:10476/Scripts/widget/jquery.easyui.min.js [ 2013/1/23 17:10:35 ] 

[ Headers ]

Connection : Keep-Alive
Accept : application/javascript, */*;q=0.8
Accept-Encoding : gzip, deflate
Accept-Language : zh-CN
Cookie : __RequestVerificationToken_Lw__=7oyDqz1XBMMEBlM0Qmrcr4AKX2JOmyEAIJZ8QLhp9/eOVl2vJP1NS9DagaQ5YrSG445+5AXphO0ToyYup6XQuCoqiBsES3zt5gdzBy2wnuTtRTWo3zsSYOCVvpMcr4KnVq70y/+qaYhgdnOX86uWgyHDn/XvSM+NgQxtCIJEo7E=; .ASPXAUTH=04F6B73AE19CACCF6A95BAAC584CF5C1EA4EE165611547FAA12C8311B92EDCA6664D11A7B459A723A32BC4D3C3D75E9D32FD2536DE70FDDD37893052A61121AFB20E1D7B88C3F7843FCE80A31854A5F336B9A99B422996F7877833E1EFB2B0DAC37F0B4AB71F237A780FD8CE2975983A5F8EBC17325C212C29E60FDFCB566699A018D51999ACD2FC4C5C608E93C630BEE505E1AF5908B1F2C94E51B070F05C67E92AE4CF770F100C3DCC3CA319DF87A6380B02FEE8445C944124BC61F37F7991557DF87494A50F228923BBC5763F82E2
Host : localhost:10476
If-None-Match : "1CDF887E6332F80"
Referer : http://localhost:10476/promotion
User-Agent : Mozilla/5.0 (compatible; MSIE 10.0; Windows NT 6.2; WOW64; Trident/6.0; Touch; ASU2JS)

[ QueryString ]


[ Form ]


2013-01-23 17:10:35,623 [6] - http://localhost:10476/content/themes/webget/easyui/default/easyui.css [ 2013/1/23 17:10:35 ] 

[ Headers ]

Connection : Keep-Alive
Accept : text/css
Accept-Encoding : gzip, deflate
Accept-Language : zh-CN
Cookie : __RequestVerificationToken_Lw__=7oyDqz1XBMMEBlM0Qmrcr4AKX2JOmyEAIJZ8QLhp9/eOVl2vJP1NS9DagaQ5YrSG445+5AXphO0ToyYup6XQuCoqiBsES3zt5gdzBy2wnuTtRTWo3zsSYOCVvpMcr4KnVq70y/+qaYhgdnOX86uWgyHDn/XvSM+NgQxtCIJEo7E=; .ASPXAUTH=04F6B73AE19CACCF6A95BAAC584CF5C1EA4EE165611547FAA12C8311B92EDCA6664D11A7B459A723A32BC4D3C3D75E9D32FD2536DE70FDDD37893052A61121AFB20E1D7B88C3F7843FCE80A31854A5F336B9A99B422996F7877833E1EFB2B0DAC37F0B4AB71F237A780FD8CE2975983A5F8EBC17325C212C29E60FDFCB566699A018D51999ACD2FC4C5C608E93C630BEE505E1AF5908B1F2C94E51B070F05C67E92AE4CF770F100C3DCC3CA319DF87A6380B02FEE8445C944124BC61F37F7991557DF87494A50F228923BBC5763F82E2
Host : localhost:10476
If-None-Match : "1CDF887E6332F80"
Referer : http://localhost:10476/promotion
User-Agent : Mozilla/5.0 (compatible; MSIE 10.0; Windows NT 6.2; WOW64; Trident/6.0; Touch; ASU2JS)

[ QueryString ]


[ Form ]


2013-01-23 17:10:35,623 [14] - http://localhost:10476/content/themes/webget/easyui/icon.css [ 2013/1/23 17:10:35 ] 

[ Headers ]

Connection : Keep-Alive
Accept : text/css
Accept-Encoding : gzip, deflate
Accept-Language : zh-CN
Cookie : __RequestVerificationToken_Lw__=7oyDqz1XBMMEBlM0Qmrcr4AKX2JOmyEAIJZ8QLhp9/eOVl2vJP1NS9DagaQ5YrSG445+5AXphO0ToyYup6XQuCoqiBsES3zt5gdzBy2wnuTtRTWo3zsSYOCVvpMcr4KnVq70y/+qaYhgdnOX86uWgyHDn/XvSM+NgQxtCIJEo7E=; .ASPXAUTH=04F6B73AE19CACCF6A95BAAC584CF5C1EA4EE165611547FAA12C8311B92EDCA6664D11A7B459A723A32BC4D3C3D75E9D32FD2536DE70FDDD37893052A61121AFB20E1D7B88C3F7843FCE80A31854A5F336B9A99B422996F7877833E1EFB2B0DAC37F0B4AB71F237A780FD8CE2975983A5F8EBC17325C212C29E60FDFCB566699A018D51999ACD2FC4C5C608E93C630BEE505E1AF5908B1F2C94E51B070F05C67E92AE4CF770F100C3DCC3CA319DF87A6380B02FEE8445C944124BC61F37F7991557DF87494A50F228923BBC5763F82E2
Host : localhost:10476
If-None-Match : "1CDF887E6332F80"
Referer : http://localhost:10476/promotion
User-Agent : Mozilla/5.0 (compatible; MSIE 10.0; Windows NT 6.2; WOW64; Trident/6.0; Touch; ASU2JS)

[ QueryString ]


[ Form ]


2013-01-23 17:10:35,828 [5] - http://localhost:10476/content/themes/webget/easyui/default/images/pagination_last.gif [ 2013/1/23 17:10:35 ] 

[ Headers ]

Connection : Keep-Alive
Accept : image/png, image/svg+xml, image/*;q=0.8, */*;q=0.5
Accept-Encoding : gzip, deflate
Accept-Language : zh-CN
Cookie : __RequestVerificationToken_Lw__=7oyDqz1XBMMEBlM0Qmrcr4AKX2JOmyEAIJZ8QLhp9/eOVl2vJP1NS9DagaQ5YrSG445+5AXphO0ToyYup6XQuCoqiBsES3zt5gdzBy2wnuTtRTWo3zsSYOCVvpMcr4KnVq70y/+qaYhgdnOX86uWgyHDn/XvSM+NgQxtCIJEo7E=; .ASPXAUTH=04F6B73AE19CACCF6A95BAAC584CF5C1EA4EE165611547FAA12C8311B92EDCA6664D11A7B459A723A32BC4D3C3D75E9D32FD2536DE70FDDD37893052A61121AFB20E1D7B88C3F7843FCE80A31854A5F336B9A99B422996F7877833E1EFB2B0DAC37F0B4AB71F237A780FD8CE2975983A5F8EBC17325C212C29E60FDFCB566699A018D51999ACD2FC4C5C608E93C630BEE505E1AF5908B1F2C94E51B070F05C67E92AE4CF770F100C3DCC3CA319DF87A6380B02FEE8445C944124BC61F37F7991557DF87494A50F228923BBC5763F82E2
Host : localhost:10476
If-None-Match : "1CDF887E6332F80"
Referer : http://localhost:10476/promotion
User-Agent : Mozilla/5.0 (compatible; MSIE 10.0; Windows NT 6.2; WOW64; Trident/6.0; Touch; ASU2JS)

[ QueryString ]


[ Form ]


2013-01-23 17:10:35,832 [14] - http://localhost:10476/content/themes/webget/easyui/default/images/pagination_next.gif [ 2013/1/23 17:10:35 ] 

[ Headers ]

Connection : Keep-Alive
Accept : image/png, image/svg+xml, image/*;q=0.8, */*;q=0.5
Accept-Encoding : gzip, deflate
Accept-Language : zh-CN
Cookie : __RequestVerificationToken_Lw__=7oyDqz1XBMMEBlM0Qmrcr4AKX2JOmyEAIJZ8QLhp9/eOVl2vJP1NS9DagaQ5YrSG445+5AXphO0ToyYup6XQuCoqiBsES3zt5gdzBy2wnuTtRTWo3zsSYOCVvpMcr4KnVq70y/+qaYhgdnOX86uWgyHDn/XvSM+NgQxtCIJEo7E=; .ASPXAUTH=04F6B73AE19CACCF6A95BAAC584CF5C1EA4EE165611547FAA12C8311B92EDCA6664D11A7B459A723A32BC4D3C3D75E9D32FD2536DE70FDDD37893052A61121AFB20E1D7B88C3F7843FCE80A31854A5F336B9A99B422996F7877833E1EFB2B0DAC37F0B4AB71F237A780FD8CE2975983A5F8EBC17325C212C29E60FDFCB566699A018D51999ACD2FC4C5C608E93C630BEE505E1AF5908B1F2C94E51B070F05C67E92AE4CF770F100C3DCC3CA319DF87A6380B02FEE8445C944124BC61F37F7991557DF87494A50F228923BBC5763F82E2
Host : localhost:10476
If-None-Match : "1CDF887E6332F80"
Referer : http://localhost:10476/promotion
User-Agent : Mozilla/5.0 (compatible; MSIE 10.0; Windows NT 6.2; WOW64; Trident/6.0; Touch; ASU2JS)

[ QueryString ]


[ Form ]


2013-01-23 17:10:35,834 [11] - http://localhost:10476/content/themes/webget/easyui/default/images/pagination_prev.gif [ 2013/1/23 17:10:35 ] 

[ Headers ]

Connection : Keep-Alive
Accept : image/png, image/svg+xml, image/*;q=0.8, */*;q=0.5
Accept-Encoding : gzip, deflate
Accept-Language : zh-CN
Cookie : __RequestVerificationToken_Lw__=7oyDqz1XBMMEBlM0Qmrcr4AKX2JOmyEAIJZ8QLhp9/eOVl2vJP1NS9DagaQ5YrSG445+5AXphO0ToyYup6XQuCoqiBsES3zt5gdzBy2wnuTtRTWo3zsSYOCVvpMcr4KnVq70y/+qaYhgdnOX86uWgyHDn/XvSM+NgQxtCIJEo7E=; .ASPXAUTH=04F6B73AE19CACCF6A95BAAC584CF5C1EA4EE165611547FAA12C8311B92EDCA6664D11A7B459A723A32BC4D3C3D75E9D32FD2536DE70FDDD37893052A61121AFB20E1D7B88C3F7843FCE80A31854A5F336B9A99B422996F7877833E1EFB2B0DAC37F0B4AB71F237A780FD8CE2975983A5F8EBC17325C212C29E60FDFCB566699A018D51999ACD2FC4C5C608E93C630BEE505E1AF5908B1F2C94E51B070F05C67E92AE4CF770F100C3DCC3CA319DF87A6380B02FEE8445C944124BC61F37F7991557DF87494A50F228923BBC5763F82E2
Host : localhost:10476
If-None-Match : "1CDF887E6332F80"
Referer : http://localhost:10476/promotion
User-Agent : Mozilla/5.0 (compatible; MSIE 10.0; Windows NT 6.2; WOW64; Trident/6.0; Touch; ASU2JS)

[ QueryString ]


[ Form ]


2013-01-23 17:10:35,862 [5] - http://localhost:10476/content/themes/webget/easyui/default/images/pagination_first.gif [ 2013/1/23 17:10:35 ] 

[ Headers ]

Connection : Keep-Alive
Accept : image/png, image/svg+xml, image/*;q=0.8, */*;q=0.5
Accept-Encoding : gzip, deflate
Accept-Language : zh-CN
Cookie : __RequestVerificationToken_Lw__=7oyDqz1XBMMEBlM0Qmrcr4AKX2JOmyEAIJZ8QLhp9/eOVl2vJP1NS9DagaQ5YrSG445+5AXphO0ToyYup6XQuCoqiBsES3zt5gdzBy2wnuTtRTWo3zsSYOCVvpMcr4KnVq70y/+qaYhgdnOX86uWgyHDn/XvSM+NgQxtCIJEo7E=; .ASPXAUTH=04F6B73AE19CACCF6A95BAAC584CF5C1EA4EE165611547FAA12C8311B92EDCA6664D11A7B459A723A32BC4D3C3D75E9D32FD2536DE70FDDD37893052A61121AFB20E1D7B88C3F7843FCE80A31854A5F336B9A99B422996F7877833E1EFB2B0DAC37F0B4AB71F237A780FD8CE2975983A5F8EBC17325C212C29E60FDFCB566699A018D51999ACD2FC4C5C608E93C630BEE505E1AF5908B1F2C94E51B070F05C67E92AE4CF770F100C3DCC3CA319DF87A6380B02FEE8445C944124BC61F37F7991557DF87494A50F228923BBC5763F82E2
Host : localhost:10476
If-None-Match : "1CDF887E6332F80"
Referer : http://localhost:10476/promotion
User-Agent : Mozilla/5.0 (compatible; MSIE 10.0; Windows NT 6.2; WOW64; Trident/6.0; Touch; ASU2JS)

[ QueryString ]


[ Form ]


2013-01-23 17:11:48,600 [14] - http://localhost:10476/promotion/create [ 2013/1/23 17:11:48 ] 

[ Headers ]

Connection : Keep-Alive
Accept : text/html, application/xhtml+xml, */*
Accept-Encoding : gzip, deflate
Accept-Language : zh-CN
Cookie : __RequestVerificationToken_Lw__=7oyDqz1XBMMEBlM0Qmrcr4AKX2JOmyEAIJZ8QLhp9/eOVl2vJP1NS9DagaQ5YrSG445+5AXphO0ToyYup6XQuCoqiBsES3zt5gdzBy2wnuTtRTWo3zsSYOCVvpMcr4KnVq70y/+qaYhgdnOX86uWgyHDn/XvSM+NgQxtCIJEo7E=; .ASPXAUTH=04F6B73AE19CACCF6A95BAAC584CF5C1EA4EE165611547FAA12C8311B92EDCA6664D11A7B459A723A32BC4D3C3D75E9D32FD2536DE70FDDD37893052A61121AFB20E1D7B88C3F7843FCE80A31854A5F336B9A99B422996F7877833E1EFB2B0DAC37F0B4AB71F237A780FD8CE2975983A5F8EBC17325C212C29E60FDFCB566699A018D51999ACD2FC4C5C608E93C630BEE505E1AF5908B1F2C94E51B070F05C67E92AE4CF770F100C3DCC3CA319DF87A6380B02FEE8445C944124BC61F37F7991557DF87494A50F228923BBC5763F82E2
Host : localhost:10476
Referer : http://localhost:10476/promotion
User-Agent : Mozilla/5.0 (compatible; MSIE 10.0; Windows NT 6.2; WOW64; Trident/6.0; Touch; ASU2JS)

[ QueryString ]


[ Form ]


