------------------------------------------------------------
2013-02-05 17:58:09,833 [10] - http://localhost:10476/ [ 2013/2/5 17:58:09 ] 

[ Headers ]

Connection : keep-alive
Accept : text/html,application/xhtml+xml,application/xml;q=0.9,*/*;q=0.8
Accept-Encoding : gzip, deflate
Accept-Language : zh-cn,zh;q=0.8,en-us;q=0.5,en;q=0.3
Host : localhost:10476
User-Agent : Mozilla/5.0 (Windows NT 6.1; WOW64; rv:18.0) Gecko/20100101 Firefox/18.0

[ QueryString ]


[ Form ]


2013-02-05 17:58:14,245 [9] - http://localhost:10476/Content/Bootstrap/bootstrap.min.css [ 2013/2/5 17:58:14 ] 

[ Headers ]

Connection : keep-alive
Accept : text/css,*/*;q=0.1
Accept-Encoding : gzip, deflate
Accept-Language : zh-cn,zh;q=0.8,en-us;q=0.5,en;q=0.3
Host : localhost:10476
Referer : http://localhost:10476/
User-Agent : Mozilla/5.0 (Windows NT 6.1; WOW64; rv:18.0) Gecko/20100101 Firefox/18.0

[ QueryString ]


[ Form ]


2013-02-05 17:58:14,257 [10] - http://localhost:10476/Content/Bootstrap/bootstrap-responsive.css [ 2013/2/5 17:58:14 ] 

[ Headers ]

Connection : keep-alive
Accept : text/css,*/*;q=0.1
Accept-Encoding : gzip, deflate
Accept-Language : zh-cn,zh;q=0.8,en-us;q=0.5,en;q=0.3
Host : localhost:10476
Referer : http://localhost:10476/
User-Agent : Mozilla/5.0 (Windows NT 6.1; WOW64; rv:18.0) Gecko/20100101 Firefox/18.0

[ QueryString ]


[ Form ]


2013-02-05 17:58:14,345 [10] - http://localhost:10476/Scripts/jquery-1.7.1.min.js [ 2013/2/5 17:58:14 ] 

[ Headers ]

Connection : keep-alive
Accept : */*
Accept-Encoding : gzip, deflate
Accept-Language : zh-cn,zh;q=0.8,en-us;q=0.5,en;q=0.3
Host : localhost:10476
Referer : http://localhost:10476/
User-Agent : Mozilla/5.0 (Windows NT 6.1; WOW64; rv:18.0) Gecko/20100101 Firefox/18.0

[ QueryString ]


[ Form ]


2013-02-05 17:58:14,357 [9] - http://localhost:10476/Scripts/jquery.unobtrusive-ajax.min.js [ 2013/2/5 17:58:14 ] 

[ Headers ]

Connection : keep-alive
Accept : */*
Accept-Encoding : gzip, deflate
Accept-Language : zh-cn,zh;q=0.8,en-us;q=0.5,en;q=0.3
Host : localhost:10476
Referer : http://localhost:10476/
User-Agent : Mozilla/5.0 (Windows NT 6.1; WOW64; rv:18.0) Gecko/20100101 Firefox/18.0

[ QueryString ]


[ Form ]


2013-02-05 17:58:14,418 [10] - http://localhost:10476/Scripts/modernizr-2.5.3.js [ 2013/2/5 17:58:14 ] 

[ Headers ]

Connection : keep-alive
Accept : */*
Accept-Encoding : gzip, deflate
Accept-Language : zh-cn,zh;q=0.8,en-us;q=0.5,en;q=0.3
Host : localhost:10476
Referer : http://localhost:10476/
User-Agent : Mozilla/5.0 (Windows NT 6.1; WOW64; rv:18.0) Gecko/20100101 Firefox/18.0

[ QueryString ]


[ Form ]


2013-02-05 17:58:14,422 [9] - http://localhost:10476/Scripts/jquery.validate.unobtrusive.min.js [ 2013/2/5 17:58:14 ] 

[ Headers ]

Connection : keep-alive
Accept : */*
Accept-Encoding : gzip, deflate
Accept-Language : zh-cn,zh;q=0.8,en-us;q=0.5,en;q=0.3
Host : localhost:10476
Referer : http://localhost:10476/
User-Agent : Mozilla/5.0 (Windows NT 6.1; WOW64; rv:18.0) Gecko/20100101 Firefox/18.0

[ QueryString ]


[ Form ]


2013-02-05 17:58:14,437 [9] - http://localhost:10476/Scripts/bootstrap.js [ 2013/2/5 17:58:14 ] 

[ Headers ]

Connection : keep-alive
Accept : */*
Accept-Encoding : gzip, deflate
Accept-Language : zh-cn,zh;q=0.8,en-us;q=0.5,en;q=0.3
Host : localhost:10476
Referer : http://localhost:10476/
User-Agent : Mozilla/5.0 (Windows NT 6.1; WOW64; rv:18.0) Gecko/20100101 Firefox/18.0

[ QueryString ]


[ Form ]


2013-02-05 17:58:15,391 [10] - http://localhost:10476/favicon.ico [ 2013/2/5 17:58:15 ] 

[ Headers ]

Connection : keep-alive
Accept : text/html,application/xhtml+xml,application/xml;q=0.9,*/*;q=0.8
Accept-Encoding : gzip, deflate
Accept-Language : zh-cn,zh;q=0.8,en-us;q=0.5,en;q=0.3
Host : localhost:10476
User-Agent : Mozilla/5.0 (Windows NT 6.1; WOW64; rv:18.0) Gecko/20100101 Firefox/18.0

[ QueryString ]


[ Form ]


2013-02-05 17:58:28,517 [9] - http://localhost:10476/promotion [ 2013/2/5 17:58:28 ] 

[ Headers ]

Connection : keep-alive
Accept : text/html,application/xhtml+xml,application/xml;q=0.9,*/*;q=0.8
Accept-Encoding : gzip, deflate
Accept-Language : zh-cn,zh;q=0.8,en-us;q=0.5,en;q=0.3
Host : localhost:10476
Referer : http://localhost:10476/
User-Agent : Mozilla/5.0 (Windows NT 6.1; WOW64; rv:18.0) Gecko/20100101 Firefox/18.0

[ QueryString ]


[ Form ]


2013-02-05 17:58:29,949 [6] - http://localhost:10476/account/login?ReturnUrl=%2fpromotion [ 2013/2/5 17:58:29 ] 

[ Headers ]

Connection : keep-alive
Accept : text/html,application/xhtml+xml,application/xml;q=0.9,*/*;q=0.8
Accept-Encoding : gzip, deflate
Accept-Language : zh-cn,zh;q=0.8,en-us;q=0.5,en;q=0.3
Host : localhost:10476
Referer : http://localhost:10476/
User-Agent : Mozilla/5.0 (Windows NT 6.1; WOW64; rv:18.0) Gecko/20100101 Firefox/18.0

[ QueryString ]

ReturnUrl : /promotion

[ Form ]


2013-02-05 17:58:32,737 [6] - http://localhost:10476/Scripts/jquery-1.7.1.min.js [ 2013/2/5 17:58:32 ] 

[ Headers ]

Connection : keep-alive
Accept : */*
Accept-Encoding : gzip, deflate
Accept-Language : zh-cn,zh;q=0.8,en-us;q=0.5,en;q=0.3
Cookie : __RequestVerificationToken_Lw__=MZkQXe8FvMEl2gW232i/jk42RgYzBBviEmGNxx4lGm+6r+9BtPhLbUfi6uJ+N/Fkd6hKGoJHhi0yq7uyOl/VKf7GJIg4stARBjtO3yPQj3yjs2qfKIzEE7FOvbKqU9+VOr0V81V1c2FmqOxY6rO2b/70RV1/rBSlEv+1wMX3GBI=
Host : localhost:10476
If-None-Match : "1CDF9D8F0187800"
Referer : http://localhost:10476/account/login?ReturnUrl=%2fpromotion
User-Agent : Mozilla/5.0 (Windows NT 6.1; WOW64; rv:18.0) Gecko/20100101 Firefox/18.0

[ QueryString ]


[ Form ]


2013-02-05 17:58:32,737 [9] - http://localhost:10476/Content/Bootstrap/bootstrap.min.css [ 2013/2/5 17:58:32 ] 

[ Headers ]

Connection : keep-alive
Accept : text/css,*/*;q=0.1
Accept-Encoding : gzip, deflate
Accept-Language : zh-cn,zh;q=0.8,en-us;q=0.5,en;q=0.3
Cookie : __RequestVerificationToken_Lw__=MZkQXe8FvMEl2gW232i/jk42RgYzBBviEmGNxx4lGm+6r+9BtPhLbUfi6uJ+N/Fkd6hKGoJHhi0yq7uyOl/VKf7GJIg4stARBjtO3yPQj3yjs2qfKIzEE7FOvbKqU9+VOr0V81V1c2FmqOxY6rO2b/70RV1/rBSlEv+1wMX3GBI=
Host : localhost:10476
If-None-Match : "1CE029C86CC1B00"
Referer : http://localhost:10476/account/login?ReturnUrl=%2fpromotion
User-Agent : Mozilla/5.0 (Windows NT 6.1; WOW64; rv:18.0) Gecko/20100101 Firefox/18.0

[ QueryString ]


[ Form ]


2013-02-05 17:58:32,754 [6] - http://localhost:10476/Scripts/jquery.unobtrusive-ajax.min.js [ 2013/2/5 17:58:32 ] 

[ Headers ]

Connection : keep-alive
Accept : */*
Accept-Encoding : gzip, deflate
Accept-Language : zh-cn,zh;q=0.8,en-us;q=0.5,en;q=0.3
Cookie : __RequestVerificationToken_Lw__=MZkQXe8FvMEl2gW232i/jk42RgYzBBviEmGNxx4lGm+6r+9BtPhLbUfi6uJ+N/Fkd6hKGoJHhi0yq7uyOl/VKf7GJIg4stARBjtO3yPQj3yjs2qfKIzEE7FOvbKqU9+VOr0V81V1c2FmqOxY6rO2b/70RV1/rBSlEv+1wMX3GBI=
Host : localhost:10476
If-None-Match : "1CDF9D8F0187800"
Referer : http://localhost:10476/account/login?ReturnUrl=%2fpromotion
User-Agent : Mozilla/5.0 (Windows NT 6.1; WOW64; rv:18.0) Gecko/20100101 Firefox/18.0

[ QueryString ]


[ Form ]


2013-02-05 17:58:32,764 [10] - http://localhost:10476/Content/Bootstrap/bootstrap-responsive.css [ 2013/2/5 17:58:32 ] 

[ Headers ]

Connection : keep-alive
Accept : text/css,*/*;q=0.1
Accept-Encoding : gzip, deflate
Accept-Language : zh-cn,zh;q=0.8,en-us;q=0.5,en;q=0.3
Cookie : __RequestVerificationToken_Lw__=MZkQXe8FvMEl2gW232i/jk42RgYzBBviEmGNxx4lGm+6r+9BtPhLbUfi6uJ+N/Fkd6hKGoJHhi0yq7uyOl/VKf7GJIg4stARBjtO3yPQj3yjs2qfKIzEE7FOvbKqU9+VOr0V81V1c2FmqOxY6rO2b/70RV1/rBSlEv+1wMX3GBI=
Host : localhost:10476
If-None-Match : "1CE029C86CC1B00"
Referer : http://localhost:10476/account/login?ReturnUrl=%2fpromotion
User-Agent : Mozilla/5.0 (Windows NT 6.1; WOW64; rv:18.0) Gecko/20100101 Firefox/18.0

[ QueryString ]


[ Form ]


2013-02-05 17:58:32,771 [6] - http://localhost:10476/Scripts/jquery.validate.unobtrusive.min.js [ 2013/2/5 17:58:32 ] 

[ Headers ]

Connection : keep-alive
Accept : */*
Accept-Encoding : gzip, deflate
Accept-Language : zh-cn,zh;q=0.8,en-us;q=0.5,en;q=0.3
Cookie : __RequestVerificationToken_Lw__=MZkQXe8FvMEl2gW232i/jk42RgYzBBviEmGNxx4lGm+6r+9BtPhLbUfi6uJ+N/Fkd6hKGoJHhi0yq7uyOl/VKf7GJIg4stARBjtO3yPQj3yjs2qfKIzEE7FOvbKqU9+VOr0V81V1c2FmqOxY6rO2b/70RV1/rBSlEv+1wMX3GBI=
Host : localhost:10476
If-None-Match : "1CDF9D8F0187800"
Referer : http://localhost:10476/account/login?ReturnUrl=%2fpromotion
User-Agent : Mozilla/5.0 (Windows NT 6.1; WOW64; rv:18.0) Gecko/20100101 Firefox/18.0

[ QueryString ]


[ Form ]


2013-02-05 17:58:32,775 [9] - http://localhost:10476/Scripts/modernizr-2.5.3.js [ 2013/2/5 17:58:32 ] 

[ Headers ]

Connection : keep-alive
Accept : */*
Accept-Encoding : gzip, deflate
Accept-Language : zh-cn,zh;q=0.8,en-us;q=0.5,en;q=0.3
Cookie : __RequestVerificationToken_Lw__=MZkQXe8FvMEl2gW232i/jk42RgYzBBviEmGNxx4lGm+6r+9BtPhLbUfi6uJ+N/Fkd6hKGoJHhi0yq7uyOl/VKf7GJIg4stARBjtO3yPQj3yjs2qfKIzEE7FOvbKqU9+VOr0V81V1c2FmqOxY6rO2b/70RV1/rBSlEv+1wMX3GBI=
Host : localhost:10476
If-None-Match : "1CDF9D8F0187800"
Referer : http://localhost:10476/account/login?ReturnUrl=%2fpromotion
User-Agent : Mozilla/5.0 (Windows NT 6.1; WOW64; rv:18.0) Gecko/20100101 Firefox/18.0

[ QueryString ]


[ Form ]


2013-02-05 17:58:32,801 [10] - http://localhost:10476/Scripts/bootstrap.js [ 2013/2/5 17:58:32 ] 

[ Headers ]

Connection : keep-alive
Accept : */*
Accept-Encoding : gzip, deflate
Accept-Language : zh-cn,zh;q=0.8,en-us;q=0.5,en;q=0.3
Cookie : __RequestVerificationToken_Lw__=MZkQXe8FvMEl2gW232i/jk42RgYzBBviEmGNxx4lGm+6r+9BtPhLbUfi6uJ+N/Fkd6hKGoJHhi0yq7uyOl/VKf7GJIg4stARBjtO3yPQj3yjs2qfKIzEE7FOvbKqU9+VOr0V81V1c2FmqOxY6rO2b/70RV1/rBSlEv+1wMX3GBI=
Host : localhost:10476
If-None-Match : "1CE029C86CC1B00"
Referer : http://localhost:10476/account/login?ReturnUrl=%2fpromotion
User-Agent : Mozilla/5.0 (Windows NT 6.1; WOW64; rv:18.0) Gecko/20100101 Firefox/18.0

[ QueryString ]


[ Form ]


2013-02-05 17:58:32,813 [6] - http://localhost:10476/Scripts/jquery.validate.min.js [ 2013/2/5 17:58:32 ] 

[ Headers ]

Connection : keep-alive
Accept : */*
Accept-Encoding : gzip, deflate
Accept-Language : zh-cn,zh;q=0.8,en-us;q=0.5,en;q=0.3
Cookie : __RequestVerificationToken_Lw__=MZkQXe8FvMEl2gW232i/jk42RgYzBBviEmGNxx4lGm+6r+9BtPhLbUfi6uJ+N/Fkd6hKGoJHhi0yq7uyOl/VKf7GJIg4stARBjtO3yPQj3yjs2qfKIzEE7FOvbKqU9+VOr0V81V1c2FmqOxY6rO2b/70RV1/rBSlEv+1wMX3GBI=
Host : localhost:10476
Referer : http://localhost:10476/account/login?ReturnUrl=%2fpromotion
User-Agent : Mozilla/5.0 (Windows NT 6.1; WOW64; rv:18.0) Gecko/20100101 Firefox/18.0

[ QueryString ]


[ Form ]


2013-02-05 17:58:33,195 [10] - http://localhost:10476/favicon.ico [ 2013/2/5 17:58:33 ] 

[ Headers ]

Connection : keep-alive
Accept : text/html,application/xhtml+xml,application/xml;q=0.9,*/*;q=0.8
Accept-Encoding : gzip, deflate
Accept-Language : zh-cn,zh;q=0.8,en-us;q=0.5,en;q=0.3
Cookie : __RequestVerificationToken_Lw__=MZkQXe8FvMEl2gW232i/jk42RgYzBBviEmGNxx4lGm+6r+9BtPhLbUfi6uJ+N/Fkd6hKGoJHhi0yq7uyOl/VKf7GJIg4stARBjtO3yPQj3yjs2qfKIzEE7FOvbKqU9+VOr0V81V1c2FmqOxY6rO2b/70RV1/rBSlEv+1wMX3GBI=
Host : localhost:10476
If-None-Match : "1CDF9D8F0187800"
User-Agent : Mozilla/5.0 (Windows NT 6.1; WOW64; rv:18.0) Gecko/20100101 Firefox/18.0

[ QueryString ]


[ Form ]


2013-02-05 17:58:34,932 [9] - http://localhost:10476/account/login?returnurl=%2Fpromotion [ 2013/2/5 17:58:34 ] 

[ Headers ]

Connection : keep-alive
Content-Length : 255
Content-Type : application/x-www-form-urlencoded
Accept : text/html,application/xhtml+xml,application/xml;q=0.9,*/*;q=0.8
Accept-Encoding : gzip, deflate
Accept-Language : zh-cn,zh;q=0.8,en-us;q=0.5,en;q=0.3
Cookie : __RequestVerificationToken_Lw__=MZkQXe8FvMEl2gW232i/jk42RgYzBBviEmGNxx4lGm+6r+9BtPhLbUfi6uJ+N/Fkd6hKGoJHhi0yq7uyOl/VKf7GJIg4stARBjtO3yPQj3yjs2qfKIzEE7FOvbKqU9+VOr0V81V1c2FmqOxY6rO2b/70RV1/rBSlEv+1wMX3GBI=
Host : localhost:10476
Referer : http://localhost:10476/account/login?ReturnUrl=%2fpromotion
User-Agent : Mozilla/5.0 (Windows NT 6.1; WOW64; rv:18.0) Gecko/20100101 Firefox/18.0

[ QueryString ]

returnurl : /promotion

[ Form ]

__RequestVerificationToken : k/0esv5Mhem+vLNi6gKW9CxM7WfyR+dKZpEng24prqzaNmepKOhP/dFdO3wPt/Ox0lQjIknL2A98RGTq/UoHVaz6j6oj1eAT2aZm7qU0CnHt+/RS2G4wEPqkBBD8kAzPjHDiv0OrVc4hJDCLj3Bs8mMtfgBbLH9h4H4JK2nUufM=
UserName : AdminTest
Password : AdminTest

2013-02-05 17:58:36,970 [6] - http://localhost:10476/promotion [ 2013/2/5 17:58:36 ] 

[ Headers ]

Connection : keep-alive
Accept : text/html,application/xhtml+xml,application/xml;q=0.9,*/*;q=0.8
Accept-Encoding : gzip, deflate
Accept-Language : zh-cn,zh;q=0.8,en-us;q=0.5,en;q=0.3
Cookie : __RequestVerificationToken_Lw__=MZkQXe8FvMEl2gW232i/jk42RgYzBBviEmGNxx4lGm+6r+9BtPhLbUfi6uJ+N/Fkd6hKGoJHhi0yq7uyOl/VKf7GJIg4stARBjtO3yPQj3yjs2qfKIzEE7FOvbKqU9+VOr0V81V1c2FmqOxY6rO2b/70RV1/rBSlEv+1wMX3GBI=; .ASPXAUTH=BB388BDB65A0C8E06A6141ECCFAFDACA8ECE6044A4C894E6D4281F6B95639B6EC2EF81525BF74A16255FC1857A60C7CA55B7DD2BBF250FF7F0DF4045BF8AA6D517BDD98539D2C0161345BE637E3487BE5E64BE3FCC41CF23DB6ED7CD42F7A81B806798309903EFD7F47B7B58F9B593E7672E65AFFF5076516A8101837684636D8B2A86047C0295217EF4A5BB2412FAE7F3C9F3294DD85BD2A1C375A04447FE828E3E0C3BF145FF3852CAB1A6B16319C82CC54B857BACFAA581D7C083993E8B60757A32AD62E5C80C59D71ABB1BAC5AEB
Host : localhost:10476
Referer : http://localhost:10476/account/login?ReturnUrl=%2fpromotion
User-Agent : Mozilla/5.0 (Windows NT 6.1; WOW64; rv:18.0) Gecko/20100101 Firefox/18.0

[ QueryString ]


[ Form ]


2013-02-05 17:58:38,734 [10] - http://localhost:10476/account/login?returnurl=%2Fpromotion [ 2013/2/5 17:58:38 ] 

[ Headers ]

Connection : keep-alive
Content-Length : 255
Content-Type : application/x-www-form-urlencoded
Accept : text/html,application/xhtml+xml,application/xml;q=0.9,*/*;q=0.8
Accept-Encoding : gzip, deflate
Accept-Language : zh-cn,zh;q=0.8,en-us;q=0.5,en;q=0.3
Cookie : __RequestVerificationToken_Lw__=MZkQXe8FvMEl2gW232i/jk42RgYzBBviEmGNxx4lGm+6r+9BtPhLbUfi6uJ+N/Fkd6hKGoJHhi0yq7uyOl/VKf7GJIg4stARBjtO3yPQj3yjs2qfKIzEE7FOvbKqU9+VOr0V81V1c2FmqOxY6rO2b/70RV1/rBSlEv+1wMX3GBI=; .ASPXAUTH=BB388BDB65A0C8E06A6141ECCFAFDACA8ECE6044A4C894E6D4281F6B95639B6EC2EF81525BF74A16255FC1857A60C7CA55B7DD2BBF250FF7F0DF4045BF8AA6D517BDD98539D2C0161345BE637E3487BE5E64BE3FCC41CF23DB6ED7CD42F7A81B806798309903EFD7F47B7B58F9B593E7672E65AFFF5076516A8101837684636D8B2A86047C0295217EF4A5BB2412FAE7F3C9F3294DD85BD2A1C375A04447FE828E3E0C3BF145FF3852CAB1A6B16319C82CC54B857BACFAA581D7C083993E8B60757A32AD62E5C80C59D71ABB1BAC5AEB
Host : localhost:10476
Referer : http://localhost:10476/account/login?ReturnUrl=%2fpromotion
User-Agent : Mozilla/5.0 (Windows NT 6.1; WOW64; rv:18.0) Gecko/20100101 Firefox/18.0

[ QueryString ]

returnurl : /promotion

[ Form ]

__RequestVerificationToken : k/0esv5Mhem+vLNi6gKW9CxM7WfyR+dKZpEng24prqzaNmepKOhP/dFdO3wPt/Ox0lQjIknL2A98RGTq/UoHVaz6j6oj1eAT2aZm7qU0CnHt+/RS2G4wEPqkBBD8kAzPjHDiv0OrVc4hJDCLj3Bs8mMtfgBbLH9h4H4JK2nUufM=
UserName : AdminTest
Password : AdminTest

2013-02-05 17:58:40,989 [10] - http://localhost:10476/promotion [ 2013/2/5 17:58:40 ] 

[ Headers ]

Connection : keep-alive
Accept : text/html,application/xhtml+xml,application/xml;q=0.9,*/*;q=0.8
Accept-Encoding : gzip, deflate
Accept-Language : zh-cn,zh;q=0.8,en-us;q=0.5,en;q=0.3
Cookie : __RequestVerificationToken_Lw__=MZkQXe8FvMEl2gW232i/jk42RgYzBBviEmGNxx4lGm+6r+9BtPhLbUfi6uJ+N/Fkd6hKGoJHhi0yq7uyOl/VKf7GJIg4stARBjtO3yPQj3yjs2qfKIzEE7FOvbKqU9+VOr0V81V1c2FmqOxY6rO2b/70RV1/rBSlEv+1wMX3GBI=; .ASPXAUTH=4A6A37491880F83C3FE5DCA69CAA235AFD19C74068200BBC24AAA12EF73BEE73F4A2EC5A8B6BB9028D5DF52495531F27901F7076A15E73FFDDC512DA502F18EAC44BA7BE87F6962CED8D87D027DB137C8540A7DD3EA14A46D7CC824193320589E871AC2CB007ED8B22B006478F576BE3B3EE0FC6054C3AC1D9083EB915B7A0F71F017CBCC633E00F0EBD7D30C861C0A4E3F64F10EF1E26AA162658A00DD021681B38687D6366EF13D0609CA10B5A5C8E87D2E3BB065E9C6E10AAF90007C994054F78045048804287E960F908F673E060
Host : localhost:10476
Referer : http://localhost:10476/account/login?ReturnUrl=%2fpromotion
User-Agent : Mozilla/5.0 (Windows NT 6.1; WOW64; rv:18.0) Gecko/20100101 Firefox/18.0

[ QueryString ]


[ Form ]


2013-02-05 17:58:42,157 [6] - http://localhost:10476/Scripts/widget/jquery.easyui.min.js [ 2013/2/5 17:58:42 ] 

[ Headers ]

Connection : keep-alive
Accept : */*
Accept-Encoding : gzip, deflate
Accept-Language : zh-cn,zh;q=0.8,en-us;q=0.5,en;q=0.3
Cookie : __RequestVerificationToken_Lw__=MZkQXe8FvMEl2gW232i/jk42RgYzBBviEmGNxx4lGm+6r+9BtPhLbUfi6uJ+N/Fkd6hKGoJHhi0yq7uyOl/VKf7GJIg4stARBjtO3yPQj3yjs2qfKIzEE7FOvbKqU9+VOr0V81V1c2FmqOxY6rO2b/70RV1/rBSlEv+1wMX3GBI=; .ASPXAUTH=4A6A37491880F83C3FE5DCA69CAA235AFD19C74068200BBC24AAA12EF73BEE73F4A2EC5A8B6BB9028D5DF52495531F27901F7076A15E73FFDDC512DA502F18EAC44BA7BE87F6962CED8D87D027DB137C8540A7DD3EA14A46D7CC824193320589E871AC2CB007ED8B22B006478F576BE3B3EE0FC6054C3AC1D9083EB915B7A0F71F017CBCC633E00F0EBD7D30C861C0A4E3F64F10EF1E26AA162658A00DD021681B38687D6366EF13D0609CA10B5A5C8E87D2E3BB065E9C6E10AAF90007C994054F78045048804287E960F908F673E060
Host : localhost:10476
Referer : http://localhost:10476/promotion
User-Agent : Mozilla/5.0 (Windows NT 6.1; WOW64; rv:18.0) Gecko/20100101 Firefox/18.0

[ QueryString ]


[ Form ]


2013-02-05 17:58:42,158 [9] - http://localhost:10476/content/themes/webget/easyui/default/easyui.css [ 2013/2/5 17:58:42 ] 

[ Headers ]

Connection : keep-alive
Accept : text/css,*/*;q=0.1
Accept-Encoding : gzip, deflate
Accept-Language : zh-cn,zh;q=0.8,en-us;q=0.5,en;q=0.3
Cookie : __RequestVerificationToken_Lw__=MZkQXe8FvMEl2gW232i/jk42RgYzBBviEmGNxx4lGm+6r+9BtPhLbUfi6uJ+N/Fkd6hKGoJHhi0yq7uyOl/VKf7GJIg4stARBjtO3yPQj3yjs2qfKIzEE7FOvbKqU9+VOr0V81V1c2FmqOxY6rO2b/70RV1/rBSlEv+1wMX3GBI=; .ASPXAUTH=4A6A37491880F83C3FE5DCA69CAA235AFD19C74068200BBC24AAA12EF73BEE73F4A2EC5A8B6BB9028D5DF52495531F27901F7076A15E73FFDDC512DA502F18EAC44BA7BE87F6962CED8D87D027DB137C8540A7DD3EA14A46D7CC824193320589E871AC2CB007ED8B22B006478F576BE3B3EE0FC6054C3AC1D9083EB915B7A0F71F017CBCC633E00F0EBD7D30C861C0A4E3F64F10EF1E26AA162658A00DD021681B38687D6366EF13D0609CA10B5A5C8E87D2E3BB065E9C6E10AAF90007C994054F78045048804287E960F908F673E060
Host : localhost:10476
Referer : http://localhost:10476/promotion
User-Agent : Mozilla/5.0 (Windows NT 6.1; WOW64; rv:18.0) Gecko/20100101 Firefox/18.0

[ QueryString ]


[ Form ]


2013-02-05 17:58:42,220 [10] - http://localhost:10476/content/themes/webget/easyui/icon.css [ 2013/2/5 17:58:42 ] 

[ Headers ]

Connection : keep-alive
Accept : text/css,*/*;q=0.1
Accept-Encoding : gzip, deflate
Accept-Language : zh-cn,zh;q=0.8,en-us;q=0.5,en;q=0.3
Cookie : __RequestVerificationToken_Lw__=MZkQXe8FvMEl2gW232i/jk42RgYzBBviEmGNxx4lGm+6r+9BtPhLbUfi6uJ+N/Fkd6hKGoJHhi0yq7uyOl/VKf7GJIg4stARBjtO3yPQj3yjs2qfKIzEE7FOvbKqU9+VOr0V81V1c2FmqOxY6rO2b/70RV1/rBSlEv+1wMX3GBI=; .ASPXAUTH=4A6A37491880F83C3FE5DCA69CAA235AFD19C74068200BBC24AAA12EF73BEE73F4A2EC5A8B6BB9028D5DF52495531F27901F7076A15E73FFDDC512DA502F18EAC44BA7BE87F6962CED8D87D027DB137C8540A7DD3EA14A46D7CC824193320589E871AC2CB007ED8B22B006478F576BE3B3EE0FC6054C3AC1D9083EB915B7A0F71F017CBCC633E00F0EBD7D30C861C0A4E3F64F10EF1E26AA162658A00DD021681B38687D6366EF13D0609CA10B5A5C8E87D2E3BB065E9C6E10AAF90007C994054F78045048804287E960F908F673E060
Host : localhost:10476
Referer : http://localhost:10476/promotion
User-Agent : Mozilla/5.0 (Windows NT 6.1; WOW64; rv:18.0) Gecko/20100101 Firefox/18.0

[ QueryString ]


[ Form ]


2013-02-05 17:58:42,715 [9] - http://localhost:10476/content/themes/webget/easyui/default/images/pagination_first.gif [ 2013/2/5 17:58:42 ] 

[ Headers ]

Connection : keep-alive
Accept : image/png,image/*;q=0.8,*/*;q=0.5
Accept-Encoding : gzip, deflate
Accept-Language : zh-cn,zh;q=0.8,en-us;q=0.5,en;q=0.3
Cookie : __RequestVerificationToken_Lw__=MZkQXe8FvMEl2gW232i/jk42RgYzBBviEmGNxx4lGm+6r+9BtPhLbUfi6uJ+N/Fkd6hKGoJHhi0yq7uyOl/VKf7GJIg4stARBjtO3yPQj3yjs2qfKIzEE7FOvbKqU9+VOr0V81V1c2FmqOxY6rO2b/70RV1/rBSlEv+1wMX3GBI=; .ASPXAUTH=4A6A37491880F83C3FE5DCA69CAA235AFD19C74068200BBC24AAA12EF73BEE73F4A2EC5A8B6BB9028D5DF52495531F27901F7076A15E73FFDDC512DA502F18EAC44BA7BE87F6962CED8D87D027DB137C8540A7DD3EA14A46D7CC824193320589E871AC2CB007ED8B22B006478F576BE3B3EE0FC6054C3AC1D9083EB915B7A0F71F017CBCC633E00F0EBD7D30C861C0A4E3F64F10EF1E26AA162658A00DD021681B38687D6366EF13D0609CA10B5A5C8E87D2E3BB065E9C6E10AAF90007C994054F78045048804287E960F908F673E060
Host : localhost:10476
Referer : http://localhost:10476/content/themes/webget/easyui/default/easyui.css
User-Agent : Mozilla/5.0 (Windows NT 6.1; WOW64; rv:18.0) Gecko/20100101 Firefox/18.0

[ QueryString ]


[ Form ]


2013-02-05 17:58:42,715 [6] - http://localhost:10476/content/themes/webget/easyui/default/images/pagination_next.gif [ 2013/2/5 17:58:42 ] 

[ Headers ]

Connection : keep-alive
Accept : image/png,image/*;q=0.8,*/*;q=0.5
Accept-Encoding : gzip, deflate
Accept-Language : zh-cn,zh;q=0.8,en-us;q=0.5,en;q=0.3
Cookie : __RequestVerificationToken_Lw__=MZkQXe8FvMEl2gW232i/jk42RgYzBBviEmGNxx4lGm+6r+9BtPhLbUfi6uJ+N/Fkd6hKGoJHhi0yq7uyOl/VKf7GJIg4stARBjtO3yPQj3yjs2qfKIzEE7FOvbKqU9+VOr0V81V1c2FmqOxY6rO2b/70RV1/rBSlEv+1wMX3GBI=; .ASPXAUTH=4A6A37491880F83C3FE5DCA69CAA235AFD19C74068200BBC24AAA12EF73BEE73F4A2EC5A8B6BB9028D5DF52495531F27901F7076A15E73FFDDC512DA502F18EAC44BA7BE87F6962CED8D87D027DB137C8540A7DD3EA14A46D7CC824193320589E871AC2CB007ED8B22B006478F576BE3B3EE0FC6054C3AC1D9083EB915B7A0F71F017CBCC633E00F0EBD7D30C861C0A4E3F64F10EF1E26AA162658A00DD021681B38687D6366EF13D0609CA10B5A5C8E87D2E3BB065E9C6E10AAF90007C994054F78045048804287E960F908F673E060
Host : localhost:10476
Referer : http://localhost:10476/content/themes/webget/easyui/default/easyui.css
User-Agent : Mozilla/5.0 (Windows NT 6.1; WOW64; rv:18.0) Gecko/20100101 Firefox/18.0

[ QueryString ]


[ Form ]


2013-02-05 17:58:42,718 [10] - http://localhost:10476/content/themes/webget/easyui/default/images/pagination_prev.gif [ 2013/2/5 17:58:42 ] 

[ Headers ]

Connection : keep-alive
Accept : image/png,image/*;q=0.8,*/*;q=0.5
Accept-Encoding : gzip, deflate
Accept-Language : zh-cn,zh;q=0.8,en-us;q=0.5,en;q=0.3
Cookie : __RequestVerificationToken_Lw__=MZkQXe8FvMEl2gW232i/jk42RgYzBBviEmGNxx4lGm+6r+9BtPhLbUfi6uJ+N/Fkd6hKGoJHhi0yq7uyOl/VKf7GJIg4stARBjtO3yPQj3yjs2qfKIzEE7FOvbKqU9+VOr0V81V1c2FmqOxY6rO2b/70RV1/rBSlEv+1wMX3GBI=; .ASPXAUTH=4A6A37491880F83C3FE5DCA69CAA235AFD19C74068200BBC24AAA12EF73BEE73F4A2EC5A8B6BB9028D5DF52495531F27901F7076A15E73FFDDC512DA502F18EAC44BA7BE87F6962CED8D87D027DB137C8540A7DD3EA14A46D7CC824193320589E871AC2CB007ED8B22B006478F576BE3B3EE0FC6054C3AC1D9083EB915B7A0F71F017CBCC633E00F0EBD7D30C861C0A4E3F64F10EF1E26AA162658A00DD021681B38687D6366EF13D0609CA10B5A5C8E87D2E3BB065E9C6E10AAF90007C994054F78045048804287E960F908F673E060
Host : localhost:10476
Referer : http://localhost:10476/content/themes/webget/easyui/default/easyui.css
User-Agent : Mozilla/5.0 (Windows NT 6.1; WOW64; rv:18.0) Gecko/20100101 Firefox/18.0

[ QueryString ]


[ Form ]


2013-02-05 17:58:42,756 [6] - http://localhost:10476/content/themes/webget/easyui/default/images/pagination_last.gif [ 2013/2/5 17:58:42 ] 

[ Headers ]

Connection : keep-alive
Accept : image/png,image/*;q=0.8,*/*;q=0.5
Accept-Encoding : gzip, deflate
Accept-Language : zh-cn,zh;q=0.8,en-us;q=0.5,en;q=0.3
Cookie : __RequestVerificationToken_Lw__=MZkQXe8FvMEl2gW232i/jk42RgYzBBviEmGNxx4lGm+6r+9BtPhLbUfi6uJ+N/Fkd6hKGoJHhi0yq7uyOl/VKf7GJIg4stARBjtO3yPQj3yjs2qfKIzEE7FOvbKqU9+VOr0V81V1c2FmqOxY6rO2b/70RV1/rBSlEv+1wMX3GBI=; .ASPXAUTH=4A6A37491880F83C3FE5DCA69CAA235AFD19C74068200BBC24AAA12EF73BEE73F4A2EC5A8B6BB9028D5DF52495531F27901F7076A15E73FFDDC512DA502F18EAC44BA7BE87F6962CED8D87D027DB137C8540A7DD3EA14A46D7CC824193320589E871AC2CB007ED8B22B006478F576BE3B3EE0FC6054C3AC1D9083EB915B7A0F71F017CBCC633E00F0EBD7D30C861C0A4E3F64F10EF1E26AA162658A00DD021681B38687D6366EF13D0609CA10B5A5C8E87D2E3BB065E9C6E10AAF90007C994054F78045048804287E960F908F673E060
Host : localhost:10476
Referer : http://localhost:10476/content/themes/webget/easyui/default/easyui.css
User-Agent : Mozilla/5.0 (Windows NT 6.1; WOW64; rv:18.0) Gecko/20100101 Firefox/18.0

[ QueryString ]


[ Form ]


2013-02-05 18:00:05,632 [10] - http://localhost:10476/promotion/edit/135 [ 2013/2/5 18:00:05 ] 

[ Headers ]

Connection : keep-alive
Accept : text/html,application/xhtml+xml,application/xml;q=0.9,*/*;q=0.8
Accept-Encoding : gzip, deflate
Accept-Language : zh-cn,zh;q=0.8,en-us;q=0.5,en;q=0.3
Cookie : __RequestVerificationToken_Lw__=MZkQXe8FvMEl2gW232i/jk42RgYzBBviEmGNxx4lGm+6r+9BtPhLbUfi6uJ+N/Fkd6hKGoJHhi0yq7uyOl/VKf7GJIg4stARBjtO3yPQj3yjs2qfKIzEE7FOvbKqU9+VOr0V81V1c2FmqOxY6rO2b/70RV1/rBSlEv+1wMX3GBI=; .ASPXAUTH=4A6A37491880F83C3FE5DCA69CAA235AFD19C74068200BBC24AAA12EF73BEE73F4A2EC5A8B6BB9028D5DF52495531F27901F7076A15E73FFDDC512DA502F18EAC44BA7BE87F6962CED8D87D027DB137C8540A7DD3EA14A46D7CC824193320589E871AC2CB007ED8B22B006478F576BE3B3EE0FC6054C3AC1D9083EB915B7A0F71F017CBCC633E00F0EBD7D30C861C0A4E3F64F10EF1E26AA162658A00DD021681B38687D6366EF13D0609CA10B5A5C8E87D2E3BB065E9C6E10AAF90007C994054F78045048804287E960F908F673E060
Host : localhost:10476
Referer : http://localhost:10476/promotion
User-Agent : Mozilla/5.0 (Windows NT 6.1; WOW64; rv:18.0) Gecko/20100101 Firefox/18.0

[ QueryString ]


[ Form ]


2013-02-05 18:00:06,543 [10] - http://localhost:10476/Scripts/jquery.validate.min.js [ 2013/2/5 18:00:06 ] 

[ Headers ]

Connection : keep-alive
Accept : */*
Accept-Encoding : gzip, deflate
Accept-Language : zh-cn,zh;q=0.8,en-us;q=0.5,en;q=0.3
Cookie : __RequestVerificationToken_Lw__=MZkQXe8FvMEl2gW232i/jk42RgYzBBviEmGNxx4lGm+6r+9BtPhLbUfi6uJ+N/Fkd6hKGoJHhi0yq7uyOl/VKf7GJIg4stARBjtO3yPQj3yjs2qfKIzEE7FOvbKqU9+VOr0V81V1c2FmqOxY6rO2b/70RV1/rBSlEv+1wMX3GBI=; .ASPXAUTH=4A6A37491880F83C3FE5DCA69CAA235AFD19C74068200BBC24AAA12EF73BEE73F4A2EC5A8B6BB9028D5DF52495531F27901F7076A15E73FFDDC512DA502F18EAC44BA7BE87F6962CED8D87D027DB137C8540A7DD3EA14A46D7CC824193320589E871AC2CB007ED8B22B006478F576BE3B3EE0FC6054C3AC1D9083EB915B7A0F71F017CBCC633E00F0EBD7D30C861C0A4E3F64F10EF1E26AA162658A00DD021681B38687D6366EF13D0609CA10B5A5C8E87D2E3BB065E9C6E10AAF90007C994054F78045048804287E960F908F673E060
Host : localhost:10476
If-None-Match : "1CDF9D8F0187800"
Referer : http://localhost:10476/promotion/edit/135
User-Agent : Mozilla/5.0 (Windows NT 6.1; WOW64; rv:18.0) Gecko/20100101 Firefox/18.0

[ QueryString ]


[ Form ]


2013-02-05 18:00:13,787 [14] - http://localhost:10476/promotion/edit/135 [ 2013/2/5 18:00:13 ] 

[ Headers ]

Connection : keep-alive
Content-Length : 191
Content-Type : application/x-www-form-urlencoded
Accept : text/html,application/xhtml+xml,application/xml;q=0.9,*/*;q=0.8
Accept-Encoding : gzip, deflate
Accept-Language : zh-cn,zh;q=0.8,en-us;q=0.5,en;q=0.3
Cookie : __RequestVerificationToken_Lw__=MZkQXe8FvMEl2gW232i/jk42RgYzBBviEmGNxx4lGm+6r+9BtPhLbUfi6uJ+N/Fkd6hKGoJHhi0yq7uyOl/VKf7GJIg4stARBjtO3yPQj3yjs2qfKIzEE7FOvbKqU9+VOr0V81V1c2FmqOxY6rO2b/70RV1/rBSlEv+1wMX3GBI=; .ASPXAUTH=4A6A37491880F83C3FE5DCA69CAA235AFD19C74068200BBC24AAA12EF73BEE73F4A2EC5A8B6BB9028D5DF52495531F27901F7076A15E73FFDDC512DA502F18EAC44BA7BE87F6962CED8D87D027DB137C8540A7DD3EA14A46D7CC824193320589E871AC2CB007ED8B22B006478F576BE3B3EE0FC6054C3AC1D9083EB915B7A0F71F017CBCC633E00F0EBD7D30C861C0A4E3F64F10EF1E26AA162658A00DD021681B38687D6366EF13D0609CA10B5A5C8E87D2E3BB065E9C6E10AAF90007C994054F78045048804287E960F908F673E060
Host : localhost:10476
Referer : http://localhost:10476/promotion/edit/135
User-Agent : Mozilla/5.0 (Windows NT 6.1; WOW64; rv:18.0) Gecko/20100101 Firefox/18.0

[ QueryString ]


[ Form ]

Id : 135
Name : nsj
description : s?ji?s
StartDate : 2013/1/28 16:12:25
EndDate : 2013/1/28 16:12:28
Store_Id : 3
IsTop : false
IsProdBindable : 
PublicationLimit : 100
Status : 1

2013-02-05 18:00:17,555 [14] - http://localhost:10476/promotion/list?length=9 [ 2013/2/5 18:00:17 ] 

[ Headers ]

Connection : keep-alive
Accept : text/html,application/xhtml+xml,application/xml;q=0.9,*/*;q=0.8
Accept-Encoding : gzip, deflate
Accept-Language : zh-cn,zh;q=0.8,en-us;q=0.5,en;q=0.3
Cookie : __RequestVerificationToken_Lw__=MZkQXe8FvMEl2gW232i/jk42RgYzBBviEmGNxx4lGm+6r+9BtPhLbUfi6uJ+N/Fkd6hKGoJHhi0yq7uyOl/VKf7GJIg4stARBjtO3yPQj3yjs2qfKIzEE7FOvbKqU9+VOr0V81V1c2FmqOxY6rO2b/70RV1/rBSlEv+1wMX3GBI=; .ASPXAUTH=4A6A37491880F83C3FE5DCA69CAA235AFD19C74068200BBC24AAA12EF73BEE73F4A2EC5A8B6BB9028D5DF52495531F27901F7076A15E73FFDDC512DA502F18EAC44BA7BE87F6962CED8D87D027DB137C8540A7DD3EA14A46D7CC824193320589E871AC2CB007ED8B22B006478F576BE3B3EE0FC6054C3AC1D9083EB915B7A0F71F017CBCC633E00F0EBD7D30C861C0A4E3F64F10EF1E26AA162658A00DD021681B38687D6366EF13D0609CA10B5A5C8E87D2E3BB065E9C6E10AAF90007C994054F78045048804287E960F908F673E060
Host : localhost:10476
Referer : http://localhost:10476/promotion/edit/135
User-Agent : Mozilla/5.0 (Windows NT 6.1; WOW64; rv:18.0) Gecko/20100101 Firefox/18.0

[ QueryString ]

length : 9

[ Form ]


2013-02-05 18:00:18,556 [11] - http://localhost:10476/Scripts/widget/jquery.easyui.min.js [ 2013/2/5 18:00:18 ] 

[ Headers ]

Connection : keep-alive
Accept : */*
Accept-Encoding : gzip, deflate
Accept-Language : zh-cn,zh;q=0.8,en-us;q=0.5,en;q=0.3
Cookie : __RequestVerificationToken_Lw__=MZkQXe8FvMEl2gW232i/jk42RgYzBBviEmGNxx4lGm+6r+9BtPhLbUfi6uJ+N/Fkd6hKGoJHhi0yq7uyOl/VKf7GJIg4stARBjtO3yPQj3yjs2qfKIzEE7FOvbKqU9+VOr0V81V1c2FmqOxY6rO2b/70RV1/rBSlEv+1wMX3GBI=; .ASPXAUTH=4A6A37491880F83C3FE5DCA69CAA235AFD19C74068200BBC24AAA12EF73BEE73F4A2EC5A8B6BB9028D5DF52495531F27901F7076A15E73FFDDC512DA502F18EAC44BA7BE87F6962CED8D87D027DB137C8540A7DD3EA14A46D7CC824193320589E871AC2CB007ED8B22B006478F576BE3B3EE0FC6054C3AC1D9083EB915B7A0F71F017CBCC633E00F0EBD7D30C861C0A4E3F64F10EF1E26AA162658A00DD021681B38687D6366EF13D0609CA10B5A5C8E87D2E3BB065E9C6E10AAF90007C994054F78045048804287E960F908F673E060
Host : localhost:10476
If-None-Match : "1CDF9D8F0187800"
Referer : http://localhost:10476/promotion/list?length=9
User-Agent : Mozilla/5.0 (Windows NT 6.1; WOW64; rv:18.0) Gecko/20100101 Firefox/18.0

[ QueryString ]


[ Form ]


2013-02-05 18:00:18,562 [14] - http://localhost:10476/content/themes/webget/easyui/default/easyui.css [ 2013/2/5 18:00:18 ] 

[ Headers ]

Connection : keep-alive
Accept : text/css,*/*;q=0.1
Accept-Encoding : gzip, deflate
Accept-Language : zh-cn,zh;q=0.8,en-us;q=0.5,en;q=0.3
Cookie : __RequestVerificationToken_Lw__=MZkQXe8FvMEl2gW232i/jk42RgYzBBviEmGNxx4lGm+6r+9BtPhLbUfi6uJ+N/Fkd6hKGoJHhi0yq7uyOl/VKf7GJIg4stARBjtO3yPQj3yjs2qfKIzEE7FOvbKqU9+VOr0V81V1c2FmqOxY6rO2b/70RV1/rBSlEv+1wMX3GBI=; .ASPXAUTH=4A6A37491880F83C3FE5DCA69CAA235AFD19C74068200BBC24AAA12EF73BEE73F4A2EC5A8B6BB9028D5DF52495531F27901F7076A15E73FFDDC512DA502F18EAC44BA7BE87F6962CED8D87D027DB137C8540A7DD3EA14A46D7CC824193320589E871AC2CB007ED8B22B006478F576BE3B3EE0FC6054C3AC1D9083EB915B7A0F71F017CBCC633E00F0EBD7D30C861C0A4E3F64F10EF1E26AA162658A00DD021681B38687D6366EF13D0609CA10B5A5C8E87D2E3BB065E9C6E10AAF90007C994054F78045048804287E960F908F673E060
Host : localhost:10476
If-None-Match : "1CDF9D8F0187800"
Referer : http://localhost:10476/promotion/list?length=9
User-Agent : Mozilla/5.0 (Windows NT 6.1; WOW64; rv:18.0) Gecko/20100101 Firefox/18.0

[ QueryString ]


[ Form ]


2013-02-05 18:00:18,571 [10] - http://localhost:10476/content/themes/webget/easyui/icon.css [ 2013/2/5 18:00:18 ] 

[ Headers ]

Connection : keep-alive
Accept : text/css,*/*;q=0.1
Accept-Encoding : gzip, deflate
Accept-Language : zh-cn,zh;q=0.8,en-us;q=0.5,en;q=0.3
Cookie : __RequestVerificationToken_Lw__=MZkQXe8FvMEl2gW232i/jk42RgYzBBviEmGNxx4lGm+6r+9BtPhLbUfi6uJ+N/Fkd6hKGoJHhi0yq7uyOl/VKf7GJIg4stARBjtO3yPQj3yjs2qfKIzEE7FOvbKqU9+VOr0V81V1c2FmqOxY6rO2b/70RV1/rBSlEv+1wMX3GBI=; .ASPXAUTH=4A6A37491880F83C3FE5DCA69CAA235AFD19C74068200BBC24AAA12EF73BEE73F4A2EC5A8B6BB9028D5DF52495531F27901F7076A15E73FFDDC512DA502F18EAC44BA7BE87F6962CED8D87D027DB137C8540A7DD3EA14A46D7CC824193320589E871AC2CB007ED8B22B006478F576BE3B3EE0FC6054C3AC1D9083EB915B7A0F71F017CBCC633E00F0EBD7D30C861C0A4E3F64F10EF1E26AA162658A00DD021681B38687D6366EF13D0609CA10B5A5C8E87D2E3BB065E9C6E10AAF90007C994054F78045048804287E960F908F673E060
Host : localhost:10476
If-None-Match : "1CDF9D8F0187800"
Referer : http://localhost:10476/promotion/list?length=9
User-Agent : Mozilla/5.0 (Windows NT 6.1; WOW64; rv:18.0) Gecko/20100101 Firefox/18.0

[ QueryString ]


[ Form ]


2013-02-05 18:00:18,806 [11] - http://localhost:10476/content/themes/webget/easyui/default/images/pagination_first.gif [ 2013/2/5 18:00:18 ] 

[ Headers ]

Connection : keep-alive
Accept : image/png,image/*;q=0.8,*/*;q=0.5
Accept-Encoding : gzip, deflate
Accept-Language : zh-cn,zh;q=0.8,en-us;q=0.5,en;q=0.3
Cookie : __RequestVerificationToken_Lw__=MZkQXe8FvMEl2gW232i/jk42RgYzBBviEmGNxx4lGm+6r+9BtPhLbUfi6uJ+N/Fkd6hKGoJHhi0yq7uyOl/VKf7GJIg4stARBjtO3yPQj3yjs2qfKIzEE7FOvbKqU9+VOr0V81V1c2FmqOxY6rO2b/70RV1/rBSlEv+1wMX3GBI=; .ASPXAUTH=4A6A37491880F83C3FE5DCA69CAA235AFD19C74068200BBC24AAA12EF73BEE73F4A2EC5A8B6BB9028D5DF52495531F27901F7076A15E73FFDDC512DA502F18EAC44BA7BE87F6962CED8D87D027DB137C8540A7DD3EA14A46D7CC824193320589E871AC2CB007ED8B22B006478F576BE3B3EE0FC6054C3AC1D9083EB915B7A0F71F017CBCC633E00F0EBD7D30C861C0A4E3F64F10EF1E26AA162658A00DD021681B38687D6366EF13D0609CA10B5A5C8E87D2E3BB065E9C6E10AAF90007C994054F78045048804287E960F908F673E060
Host : localhost:10476
If-None-Match : "1CDF9D8F0187800"
Referer : http://localhost:10476/content/themes/webget/easyui/default/easyui.css
User-Agent : Mozilla/5.0 (Windows NT 6.1; WOW64; rv:18.0) Gecko/20100101 Firefox/18.0

[ QueryString ]


[ Form ]


2013-02-05 18:00:18,809 [10] - http://localhost:10476/content/themes/webget/easyui/default/images/pagination_prev.gif [ 2013/2/5 18:00:18 ] 

[ Headers ]

Connection : keep-alive
Accept : image/png,image/*;q=0.8,*/*;q=0.5
Accept-Encoding : gzip, deflate
Accept-Language : zh-cn,zh;q=0.8,en-us;q=0.5,en;q=0.3
Cookie : __RequestVerificationToken_Lw__=MZkQXe8FvMEl2gW232i/jk42RgYzBBviEmGNxx4lGm+6r+9BtPhLbUfi6uJ+N/Fkd6hKGoJHhi0yq7uyOl/VKf7GJIg4stARBjtO3yPQj3yjs2qfKIzEE7FOvbKqU9+VOr0V81V1c2FmqOxY6rO2b/70RV1/rBSlEv+1wMX3GBI=; .ASPXAUTH=4A6A37491880F83C3FE5DCA69CAA235AFD19C74068200BBC24AAA12EF73BEE73F4A2EC5A8B6BB9028D5DF52495531F27901F7076A15E73FFDDC512DA502F18EAC44BA7BE87F6962CED8D87D027DB137C8540A7DD3EA14A46D7CC824193320589E871AC2CB007ED8B22B006478F576BE3B3EE0FC6054C3AC1D9083EB915B7A0F71F017CBCC633E00F0EBD7D30C861C0A4E3F64F10EF1E26AA162658A00DD021681B38687D6366EF13D0609CA10B5A5C8E87D2E3BB065E9C6E10AAF90007C994054F78045048804287E960F908F673E060
Host : localhost:10476
If-None-Match : "1CDF9D8F0187800"
Referer : http://localhost:10476/content/themes/webget/easyui/default/easyui.css
User-Agent : Mozilla/5.0 (Windows NT 6.1; WOW64; rv:18.0) Gecko/20100101 Firefox/18.0

[ QueryString ]


[ Form ]


2013-02-05 18:00:18,835 [14] - http://localhost:10476/content/themes/webget/easyui/default/images/pagination_next.gif [ 2013/2/5 18:00:18 ] 

[ Headers ]

Connection : keep-alive
Accept : image/png,image/*;q=0.8,*/*;q=0.5
Accept-Encoding : gzip, deflate
Accept-Language : zh-cn,zh;q=0.8,en-us;q=0.5,en;q=0.3
Cookie : __RequestVerificationToken_Lw__=MZkQXe8FvMEl2gW232i/jk42RgYzBBviEmGNxx4lGm+6r+9BtPhLbUfi6uJ+N/Fkd6hKGoJHhi0yq7uyOl/VKf7GJIg4stARBjtO3yPQj3yjs2qfKIzEE7FOvbKqU9+VOr0V81V1c2FmqOxY6rO2b/70RV1/rBSlEv+1wMX3GBI=; .ASPXAUTH=4A6A37491880F83C3FE5DCA69CAA235AFD19C74068200BBC24AAA12EF73BEE73F4A2EC5A8B6BB9028D5DF52495531F27901F7076A15E73FFDDC512DA502F18EAC44BA7BE87F6962CED8D87D027DB137C8540A7DD3EA14A46D7CC824193320589E871AC2CB007ED8B22B006478F576BE3B3EE0FC6054C3AC1D9083EB915B7A0F71F017CBCC633E00F0EBD7D30C861C0A4E3F64F10EF1E26AA162658A00DD021681B38687D6366EF13D0609CA10B5A5C8E87D2E3BB065E9C6E10AAF90007C994054F78045048804287E960F908F673E060
Host : localhost:10476
If-None-Match : "1CDF9D8F0187800"
Referer : http://localhost:10476/content/themes/webget/easyui/default/easyui.css
User-Agent : Mozilla/5.0 (Windows NT 6.1; WOW64; rv:18.0) Gecko/20100101 Firefox/18.0

[ QueryString ]


[ Form ]


2013-02-05 18:00:18,839 [5] - http://localhost:10476/content/themes/webget/easyui/default/images/pagination_last.gif [ 2013/2/5 18:00:18 ] 

[ Headers ]

Connection : keep-alive
Accept : image/png,image/*;q=0.8,*/*;q=0.5
Accept-Encoding : gzip, deflate
Accept-Language : zh-cn,zh;q=0.8,en-us;q=0.5,en;q=0.3
Cookie : __RequestVerificationToken_Lw__=MZkQXe8FvMEl2gW232i/jk42RgYzBBviEmGNxx4lGm+6r+9BtPhLbUfi6uJ+N/Fkd6hKGoJHhi0yq7uyOl/VKf7GJIg4stARBjtO3yPQj3yjs2qfKIzEE7FOvbKqU9+VOr0V81V1c2FmqOxY6rO2b/70RV1/rBSlEv+1wMX3GBI=; .ASPXAUTH=4A6A37491880F83C3FE5DCA69CAA235AFD19C74068200BBC24AAA12EF73BEE73F4A2EC5A8B6BB9028D5DF52495531F27901F7076A15E73FFDDC512DA502F18EAC44BA7BE87F6962CED8D87D027DB137C8540A7DD3EA14A46D7CC824193320589E871AC2CB007ED8B22B006478F576BE3B3EE0FC6054C3AC1D9083EB915B7A0F71F017CBCC633E00F0EBD7D30C861C0A4E3F64F10EF1E26AA162658A00DD021681B38687D6366EF13D0609CA10B5A5C8E87D2E3BB065E9C6E10AAF90007C994054F78045048804287E960F908F673E060
Host : localhost:10476
If-None-Match : "1CDF9D8F0187800"
Referer : http://localhost:10476/content/themes/webget/easyui/default/easyui.css
User-Agent : Mozilla/5.0 (Windows NT 6.1; WOW64; rv:18.0) Gecko/20100101 Firefox/18.0

[ QueryString ]


[ Form ]


2013-02-05 18:00:31,029 [14] - http://localhost:10476/promotion/edit/136 [ 2013/2/5 18:00:31 ] 

[ Headers ]

Connection : keep-alive
Accept : text/html,application/xhtml+xml,application/xml;q=0.9,*/*;q=0.8
Accept-Encoding : gzip, deflate
Accept-Language : zh-cn,zh;q=0.8,en-us;q=0.5,en;q=0.3
Cookie : __RequestVerificationToken_Lw__=MZkQXe8FvMEl2gW232i/jk42RgYzBBviEmGNxx4lGm+6r+9BtPhLbUfi6uJ+N/Fkd6hKGoJHhi0yq7uyOl/VKf7GJIg4stARBjtO3yPQj3yjs2qfKIzEE7FOvbKqU9+VOr0V81V1c2FmqOxY6rO2b/70RV1/rBSlEv+1wMX3GBI=; .ASPXAUTH=4A6A37491880F83C3FE5DCA69CAA235AFD19C74068200BBC24AAA12EF73BEE73F4A2EC5A8B6BB9028D5DF52495531F27901F7076A15E73FFDDC512DA502F18EAC44BA7BE87F6962CED8D87D027DB137C8540A7DD3EA14A46D7CC824193320589E871AC2CB007ED8B22B006478F576BE3B3EE0FC6054C3AC1D9083EB915B7A0F71F017CBCC633E00F0EBD7D30C861C0A4E3F64F10EF1E26AA162658A00DD021681B38687D6366EF13D0609CA10B5A5C8E87D2E3BB065E9C6E10AAF90007C994054F78045048804287E960F908F673E060
Host : localhost:10476
Referer : http://localhost:10476/promotion/list?length=9
User-Agent : Mozilla/5.0 (Windows NT 6.1; WOW64; rv:18.0) Gecko/20100101 Firefox/18.0

[ QueryString ]


[ Form ]


2013-02-05 18:00:45,786 [14] - http://localhost:10476/promotion/edit/136 [ 2013/2/5 18:00:45 ] 

[ Headers ]

Connection : keep-alive
Content-Length : 180
Content-Type : application/x-www-form-urlencoded
Accept : text/html,application/xhtml+xml,application/xml;q=0.9,*/*;q=0.8
Accept-Encoding : gzip, deflate
Accept-Language : zh-cn,zh;q=0.8,en-us;q=0.5,en;q=0.3
Cookie : __RequestVerificationToken_Lw__=MZkQXe8FvMEl2gW232i/jk42RgYzBBviEmGNxx4lGm+6r+9BtPhLbUfi6uJ+N/Fkd6hKGoJHhi0yq7uyOl/VKf7GJIg4stARBjtO3yPQj3yjs2qfKIzEE7FOvbKqU9+VOr0V81V1c2FmqOxY6rO2b/70RV1/rBSlEv+1wMX3GBI=; .ASPXAUTH=4A6A37491880F83C3FE5DCA69CAA235AFD19C74068200BBC24AAA12EF73BEE73F4A2EC5A8B6BB9028D5DF52495531F27901F7076A15E73FFDDC512DA502F18EAC44BA7BE87F6962CED8D87D027DB137C8540A7DD3EA14A46D7CC824193320589E871AC2CB007ED8B22B006478F576BE3B3EE0FC6054C3AC1D9083EB915B7A0F71F017CBCC633E00F0EBD7D30C861C0A4E3F64F10EF1E26AA162658A00DD021681B38687D6366EF13D0609CA10B5A5C8E87D2E3BB065E9C6E10AAF90007C994054F78045048804287E960F908F673E060
Host : localhost:10476
Referer : http://localhost:10476/promotion/edit/136
User-Agent : Mozilla/5.0 (Windows NT 6.1; WOW64; rv:18.0) Gecko/20100101 Firefox/18.0

[ QueryString ]


[ Form ]

Id : 136
Name : mxm
description : zi?x
StartDate : 2013/1/28 16:27:50
EndDate : 2013/1/28 23:25:53
Store_Id : 3
IsTop : false
IsProdBindable : 
PublicationLimit : -1
Status : 1

2013-02-05 18:00:48,167 [5] - http://localhost:10476/promotion/list?length=9 [ 2013/2/5 18:00:48 ] 

[ Headers ]

Connection : keep-alive
Accept : text/html,application/xhtml+xml,application/xml;q=0.9,*/*;q=0.8
Accept-Encoding : gzip, deflate
Accept-Language : zh-cn,zh;q=0.8,en-us;q=0.5,en;q=0.3
Cookie : __RequestVerificationToken_Lw__=MZkQXe8FvMEl2gW232i/jk42RgYzBBviEmGNxx4lGm+6r+9BtPhLbUfi6uJ+N/Fkd6hKGoJHhi0yq7uyOl/VKf7GJIg4stARBjtO3yPQj3yjs2qfKIzEE7FOvbKqU9+VOr0V81V1c2FmqOxY6rO2b/70RV1/rBSlEv+1wMX3GBI=; .ASPXAUTH=4A6A37491880F83C3FE5DCA69CAA235AFD19C74068200BBC24AAA12EF73BEE73F4A2EC5A8B6BB9028D5DF52495531F27901F7076A15E73FFDDC512DA502F18EAC44BA7BE87F6962CED8D87D027DB137C8540A7DD3EA14A46D7CC824193320589E871AC2CB007ED8B22B006478F576BE3B3EE0FC6054C3AC1D9083EB915B7A0F71F017CBCC633E00F0EBD7D30C861C0A4E3F64F10EF1E26AA162658A00DD021681B38687D6366EF13D0609CA10B5A5C8E87D2E3BB065E9C6E10AAF90007C994054F78045048804287E960F908F673E060
Host : localhost:10476
Referer : http://localhost:10476/promotion/edit/136
User-Agent : Mozilla/5.0 (Windows NT 6.1; WOW64; rv:18.0) Gecko/20100101 Firefox/18.0

[ QueryString ]

length : 9

[ Form ]


2013-02-05 18:01:00,183 [10] - http://localhost:10476/promotion/edit/136 [ 2013/2/5 18:01:00 ] 

[ Headers ]

Connection : keep-alive
Accept : text/html,application/xhtml+xml,application/xml;q=0.9,*/*;q=0.8
Accept-Encoding : gzip, deflate
Accept-Language : zh-cn,zh;q=0.8,en-us;q=0.5,en;q=0.3
Cookie : __RequestVerificationToken_Lw__=MZkQXe8FvMEl2gW232i/jk42RgYzBBviEmGNxx4lGm+6r+9BtPhLbUfi6uJ+N/Fkd6hKGoJHhi0yq7uyOl/VKf7GJIg4stARBjtO3yPQj3yjs2qfKIzEE7FOvbKqU9+VOr0V81V1c2FmqOxY6rO2b/70RV1/rBSlEv+1wMX3GBI=; .ASPXAUTH=4A6A37491880F83C3FE5DCA69CAA235AFD19C74068200BBC24AAA12EF73BEE73F4A2EC5A8B6BB9028D5DF52495531F27901F7076A15E73FFDDC512DA502F18EAC44BA7BE87F6962CED8D87D027DB137C8540A7DD3EA14A46D7CC824193320589E871AC2CB007ED8B22B006478F576BE3B3EE0FC6054C3AC1D9083EB915B7A0F71F017CBCC633E00F0EBD7D30C861C0A4E3F64F10EF1E26AA162658A00DD021681B38687D6366EF13D0609CA10B5A5C8E87D2E3BB065E9C6E10AAF90007C994054F78045048804287E960F908F673E060
Host : localhost:10476
Referer : http://localhost:10476/promotion/list?length=9
User-Agent : Mozilla/5.0 (Windows NT 6.1; WOW64; rv:18.0) Gecko/20100101 Firefox/18.0

[ QueryString ]


[ Form ]


2013-02-05 18:01:04,992 [7] - http://localhost:10476/promotion/edit/136 [ 2013/2/5 18:01:04 ] 

[ Headers ]

Connection : keep-alive
Content-Length : 178
Content-Type : application/x-www-form-urlencoded
Accept : text/html,application/xhtml+xml,application/xml;q=0.9,*/*;q=0.8
Accept-Encoding : gzip, deflate
Accept-Language : zh-cn,zh;q=0.8,en-us;q=0.5,en;q=0.3
Cookie : __RequestVerificationToken_Lw__=MZkQXe8FvMEl2gW232i/jk42RgYzBBviEmGNxx4lGm+6r+9BtPhLbUfi6uJ+N/Fkd6hKGoJHhi0yq7uyOl/VKf7GJIg4stARBjtO3yPQj3yjs2qfKIzEE7FOvbKqU9+VOr0V81V1c2FmqOxY6rO2b/70RV1/rBSlEv+1wMX3GBI=; .ASPXAUTH=4A6A37491880F83C3FE5DCA69CAA235AFD19C74068200BBC24AAA12EF73BEE73F4A2EC5A8B6BB9028D5DF52495531F27901F7076A15E73FFDDC512DA502F18EAC44BA7BE87F6962CED8D87D027DB137C8540A7DD3EA14A46D7CC824193320589E871AC2CB007ED8B22B006478F576BE3B3EE0FC6054C3AC1D9083EB915B7A0F71F017CBCC633E00F0EBD7D30C861C0A4E3F64F10EF1E26AA162658A00DD021681B38687D6366EF13D0609CA10B5A5C8E87D2E3BB065E9C6E10AAF90007C994054F78045048804287E960F908F673E060
Host : localhost:10476
Referer : http://localhost:10476/promotion/edit/136
User-Agent : Mozilla/5.0 (Windows NT 6.1; WOW64; rv:18.0) Gecko/20100101 Firefox/18.0

[ QueryString ]


[ Form ]

Id : 136
Name : mxm
description : zi?x
StartDate : 2013/1/28 16:27:50
EndDate : 2013/1/28 23:25:53
Store_Id : 3
IsTop : false
IsProdBindable : 
PublicationLimit : 
Status : 1

2013-02-05 18:01:07,498 [10] - http://localhost:10476/promotion/list?length=9 [ 2013/2/5 18:01:07 ] 

[ Headers ]

Connection : keep-alive
Accept : text/html,application/xhtml+xml,application/xml;q=0.9,*/*;q=0.8
Accept-Encoding : gzip, deflate
Accept-Language : zh-cn,zh;q=0.8,en-us;q=0.5,en;q=0.3
Cookie : __RequestVerificationToken_Lw__=MZkQXe8FvMEl2gW232i/jk42RgYzBBviEmGNxx4lGm+6r+9BtPhLbUfi6uJ+N/Fkd6hKGoJHhi0yq7uyOl/VKf7GJIg4stARBjtO3yPQj3yjs2qfKIzEE7FOvbKqU9+VOr0V81V1c2FmqOxY6rO2b/70RV1/rBSlEv+1wMX3GBI=; .ASPXAUTH=4A6A37491880F83C3FE5DCA69CAA235AFD19C74068200BBC24AAA12EF73BEE73F4A2EC5A8B6BB9028D5DF52495531F27901F7076A15E73FFDDC512DA502F18EAC44BA7BE87F6962CED8D87D027DB137C8540A7DD3EA14A46D7CC824193320589E871AC2CB007ED8B22B006478F576BE3B3EE0FC6054C3AC1D9083EB915B7A0F71F017CBCC633E00F0EBD7D30C861C0A4E3F64F10EF1E26AA162658A00DD021681B38687D6366EF13D0609CA10B5A5C8E87D2E3BB065E9C6E10AAF90007C994054F78045048804287E960F908F673E060
Host : localhost:10476
Referer : http://localhost:10476/promotion/edit/136
User-Agent : Mozilla/5.0 (Windows NT 6.1; WOW64; rv:18.0) Gecko/20100101 Firefox/18.0

[ QueryString ]

length : 9

[ Form ]


