------------------------------------------------------------
2013-02-01 21:33:16,804 [5] - http://localhost:10476/ [ 2013/2/1 21:33:16 ] 

[ Headers ]

Cache-Control : max-age=0
Connection : keep-alive
Accept : text/html,application/xhtml+xml,application/xml;q=0.9,*/*;q=0.8
Accept-Encoding : gzip, deflate
Accept-Language : zh-cn,zh;q=0.8,en-us;q=0.5,en;q=0.3
Cookie : probulksessionid=0
Host : localhost:10476
User-Agent : Mozilla/5.0 (Windows NT 6.2; WOW64; rv:18.0) Gecko/20100101 Firefox/18.0

[ QueryString ]


[ Form ]


------------------------------------------------------------
2013-02-01 21:33:26,710 [12] - http://localhost:10476/Scripts/modernizr-2.5.3.js [ 2013/2/1 21:33:26 ] 

[ Headers ]

Connection : keep-alive
Accept : */*
Accept-Encoding : gzip, deflate
Accept-Language : zh-cn,zh;q=0.8,en-us;q=0.5,en;q=0.3
Cookie : probulksessionid=0
Host : localhost:10476
Referer : http://localhost:10476/
User-Agent : Mozilla/5.0 (Windows NT 6.2; WOW64; rv:18.0) Gecko/20100101 Firefox/18.0

[ QueryString ]


[ Form ]


2013-02-01 21:33:26,710 [5] - http://localhost:10476/Scripts/jquery-1.7.1.min.js [ 2013/2/1 21:33:26 ] 

[ Headers ]

Connection : keep-alive
Accept : */*
Accept-Encoding : gzip, deflate
Accept-Language : zh-cn,zh;q=0.8,en-us;q=0.5,en;q=0.3
Cookie : probulksessionid=0
Host : localhost:10476
Referer : http://localhost:10476/
User-Agent : Mozilla/5.0 (Windows NT 6.2; WOW64; rv:18.0) Gecko/20100101 Firefox/18.0

[ QueryString ]


[ Form ]


2013-02-01 21:33:26,710 [6] - http://localhost:10476/Content/Site.css [ 2013/2/1 21:33:26 ] 

[ Headers ]

Connection : keep-alive
Accept : text/css,*/*;q=0.1
Accept-Encoding : gzip, deflate
Accept-Language : zh-cn,zh;q=0.8,en-us;q=0.5,en;q=0.3
Cookie : probulksessionid=0
Host : localhost:10476
Referer : http://localhost:10476/
User-Agent : Mozilla/5.0 (Windows NT 6.2; WOW64; rv:18.0) Gecko/20100101 Firefox/18.0

[ QueryString ]


[ Form ]


2013-02-01 21:33:28,823 [12] - http://localhost:10476/probulkupload [ 2013/2/1 21:33:28 ] 

[ Headers ]

Connection : keep-alive
Accept : text/html,application/xhtml+xml,application/xml;q=0.9,*/*;q=0.8
Accept-Encoding : gzip, deflate
Accept-Language : zh-cn,zh;q=0.8,en-us;q=0.5,en;q=0.3
Cookie : probulksessionid=0
Host : localhost:10476
Referer : http://localhost:10476/
User-Agent : Mozilla/5.0 (Windows NT 6.2; WOW64; rv:18.0) Gecko/20100101 Firefox/18.0

[ QueryString ]


[ Form ]


2013-02-01 21:33:31,738 [12] - http://localhost:10476/Scripts/jquery-1.7.1.min.js [ 2013/2/1 21:33:31 ] 

[ Headers ]

Connection : keep-alive
Accept : */*
Accept-Encoding : gzip, deflate
Accept-Language : zh-cn,zh;q=0.8,en-us;q=0.5,en;q=0.3
Cookie : probulksessionid=0
Host : localhost:10476
If-None-Match : "1CDF887E6332F80"
Referer : http://localhost:10476/probulkupload
User-Agent : Mozilla/5.0 (Windows NT 6.2; WOW64; rv:18.0) Gecko/20100101 Firefox/18.0

[ QueryString ]


[ Form ]


2013-02-01 21:33:31,741 [5] - http://localhost:10476/Content/Bootstrap/bootstrap-responsive.css [ 2013/2/1 21:33:31 ] 

[ Headers ]

Connection : keep-alive
Accept : text/css,*/*;q=0.1
Accept-Encoding : gzip, deflate
Accept-Language : zh-cn,zh;q=0.8,en-us;q=0.5,en;q=0.3
Cookie : probulksessionid=0
Host : localhost:10476
Referer : http://localhost:10476/probulkupload
User-Agent : Mozilla/5.0 (Windows NT 6.2; WOW64; rv:18.0) Gecko/20100101 Firefox/18.0

[ QueryString ]


[ Form ]


2013-02-01 21:33:31,744 [14] - http://localhost:10476/Content/Bootstrap/bootstrap.min.css [ 2013/2/1 21:33:31 ] 

[ Headers ]

Connection : keep-alive
Accept : text/css,*/*;q=0.1
Accept-Encoding : gzip, deflate
Accept-Language : zh-cn,zh;q=0.8,en-us;q=0.5,en;q=0.3
Cookie : probulksessionid=0
Host : localhost:10476
Referer : http://localhost:10476/probulkupload
User-Agent : Mozilla/5.0 (Windows NT 6.2; WOW64; rv:18.0) Gecko/20100101 Firefox/18.0

[ QueryString ]


[ Form ]


2013-02-01 21:33:31,770 [6] - http://localhost:10476/Scripts/jquery.unobtrusive-ajax.min.js [ 2013/2/1 21:33:31 ] 

[ Headers ]

Connection : keep-alive
Accept : */*
Accept-Encoding : gzip, deflate
Accept-Language : zh-cn,zh;q=0.8,en-us;q=0.5,en;q=0.3
Cookie : probulksessionid=0
Host : localhost:10476
Referer : http://localhost:10476/probulkupload
User-Agent : Mozilla/5.0 (Windows NT 6.2; WOW64; rv:18.0) Gecko/20100101 Firefox/18.0

[ QueryString ]


[ Form ]


2013-02-01 21:33:31,775 [12] - http://localhost:10476/Scripts/jquery.validate.unobtrusive.min.js [ 2013/2/1 21:33:31 ] 

[ Headers ]

Connection : keep-alive
Accept : */*
Accept-Encoding : gzip, deflate
Accept-Language : zh-cn,zh;q=0.8,en-us;q=0.5,en;q=0.3
Cookie : probulksessionid=0
Host : localhost:10476
Referer : http://localhost:10476/probulkupload
User-Agent : Mozilla/5.0 (Windows NT 6.2; WOW64; rv:18.0) Gecko/20100101 Firefox/18.0

[ QueryString ]


[ Form ]


2013-02-01 21:33:31,779 [5] - http://localhost:10476/Scripts/modernizr-2.5.3.js [ 2013/2/1 21:33:31 ] 

[ Headers ]

Connection : keep-alive
Accept : */*
Accept-Encoding : gzip, deflate
Accept-Language : zh-cn,zh;q=0.8,en-us;q=0.5,en;q=0.3
Cookie : probulksessionid=0
Host : localhost:10476
If-None-Match : "1CDF887E6332F80"
Referer : http://localhost:10476/probulkupload
User-Agent : Mozilla/5.0 (Windows NT 6.2; WOW64; rv:18.0) Gecko/20100101 Firefox/18.0

[ QueryString ]


[ Form ]


2013-02-01 21:33:31,782 [14] - http://localhost:10476/Scripts/bootstrap.js [ 2013/2/1 21:33:31 ] 

[ Headers ]

Connection : keep-alive
Accept : */*
Accept-Encoding : gzip, deflate
Accept-Language : zh-cn,zh;q=0.8,en-us;q=0.5,en;q=0.3
Cookie : probulksessionid=0
Host : localhost:10476
Referer : http://localhost:10476/probulkupload
User-Agent : Mozilla/5.0 (Windows NT 6.2; WOW64; rv:18.0) Gecko/20100101 Firefox/18.0

[ QueryString ]


[ Form ]


2013-02-01 21:33:33,572 [12] - http://localhost:10476/probulkupload/display [ 2013/2/1 21:33:33 ] 

[ Headers ]

Connection : keep-alive
Accept : text/html,application/xhtml+xml,application/xml;q=0.9,*/*;q=0.8
Accept-Encoding : gzip, deflate
Accept-Language : zh-cn,zh;q=0.8,en-us;q=0.5,en;q=0.3
Cookie : probulksessionid=0
Host : localhost:10476
Referer : http://localhost:10476/probulkupload
User-Agent : Mozilla/5.0 (Windows NT 6.2; WOW64; rv:18.0) Gecko/20100101 Firefox/18.0

[ QueryString ]


[ Form ]


2013-02-01 21:33:34,068 [6] - http://localhost:10476/Content/Bootstrap/bootstrap.min.css [ 2013/2/1 21:33:34 ] 

[ Headers ]

Connection : keep-alive
Accept : text/css,*/*;q=0.1
Accept-Encoding : gzip, deflate
Accept-Language : zh-cn,zh;q=0.8,en-us;q=0.5,en;q=0.3
Cookie : probulksessionid=0
Host : localhost:10476
If-None-Match : "1CE007D4478C300"
Referer : http://localhost:10476/probulkupload/display
User-Agent : Mozilla/5.0 (Windows NT 6.2; WOW64; rv:18.0) Gecko/20100101 Firefox/18.0

[ QueryString ]


[ Form ]


2013-02-01 21:33:34,074 [5] - http://localhost:10476/Content/Bootstrap/bootstrap-responsive.css [ 2013/2/1 21:33:34 ] 

[ Headers ]

Connection : keep-alive
Accept : text/css,*/*;q=0.1
Accept-Encoding : gzip, deflate
Accept-Language : zh-cn,zh;q=0.8,en-us;q=0.5,en;q=0.3
Cookie : probulksessionid=0
Host : localhost:10476
If-None-Match : "1CE007D4478C300"
Referer : http://localhost:10476/probulkupload/display
User-Agent : Mozilla/5.0 (Windows NT 6.2; WOW64; rv:18.0) Gecko/20100101 Firefox/18.0

[ QueryString ]


[ Form ]


2013-02-01 21:33:34,074 [14] - http://localhost:10476/Scripts/jquery.unobtrusive-ajax.min.js [ 2013/2/1 21:33:34 ] 

[ Headers ]

Connection : keep-alive
Accept : */*
Accept-Encoding : gzip, deflate
Accept-Language : zh-cn,zh;q=0.8,en-us;q=0.5,en;q=0.3
Cookie : probulksessionid=0
Host : localhost:10476
If-None-Match : "1CDF887E6332F80"
Referer : http://localhost:10476/probulkupload/display
User-Agent : Mozilla/5.0 (Windows NT 6.2; WOW64; rv:18.0) Gecko/20100101 Firefox/18.0

[ QueryString ]


[ Form ]


2013-02-01 21:33:34,100 [12] - http://localhost:10476/Scripts/jquery.validate.unobtrusive.min.js [ 2013/2/1 21:33:34 ] 

[ Headers ]

Connection : keep-alive
Accept : */*
Accept-Encoding : gzip, deflate
Accept-Language : zh-cn,zh;q=0.8,en-us;q=0.5,en;q=0.3
Cookie : probulksessionid=0
Host : localhost:10476
If-None-Match : "1CDF887E6332F80"
Referer : http://localhost:10476/probulkupload/display
User-Agent : Mozilla/5.0 (Windows NT 6.2; WOW64; rv:18.0) Gecko/20100101 Firefox/18.0

[ QueryString ]


[ Form ]


2013-02-01 21:33:34,107 [6] - http://localhost:10476/Scripts/bootstrap.js [ 2013/2/1 21:33:34 ] 

[ Headers ]

Connection : keep-alive
Accept : */*
Accept-Encoding : gzip, deflate
Accept-Language : zh-cn,zh;q=0.8,en-us;q=0.5,en;q=0.3
Cookie : probulksessionid=0
Host : localhost:10476
If-None-Match : "1CE007D5EB2A100"
Referer : http://localhost:10476/probulkupload/display
User-Agent : Mozilla/5.0 (Windows NT 6.2; WOW64; rv:18.0) Gecko/20100101 Firefox/18.0

[ QueryString ]


[ Form ]


2013-02-01 21:33:34,117 [5] - http://localhost:10476/Content/Bootstrap/bootstrap-image-gallery.min.css [ 2013/2/1 21:33:34 ] 

[ Headers ]

Connection : keep-alive
Accept : text/css,*/*;q=0.1
Accept-Encoding : gzip, deflate
Accept-Language : zh-cn,zh;q=0.8,en-us;q=0.5,en;q=0.3
Cookie : probulksessionid=0
Host : localhost:10476
Referer : http://localhost:10476/probulkupload/display
User-Agent : Mozilla/5.0 (Windows NT 6.2; WOW64; rv:18.0) Gecko/20100101 Firefox/18.0

[ QueryString ]


[ Form ]


2013-02-01 21:33:34,119 [14] - http://localhost:10476/Content/FileUpload/jquery.fileupload-ui.css [ 2013/2/1 21:33:34 ] 

[ Headers ]

Connection : keep-alive
Accept : text/css,*/*;q=0.1
Accept-Encoding : gzip, deflate
Accept-Language : zh-cn,zh;q=0.8,en-us;q=0.5,en;q=0.3
Cookie : probulksessionid=0
Host : localhost:10476
Referer : http://localhost:10476/probulkupload/display
User-Agent : Mozilla/5.0 (Windows NT 6.2; WOW64; rv:18.0) Gecko/20100101 Firefox/18.0

[ QueryString ]


[ Form ]


2013-02-01 21:33:34,131 [12] - http://localhost:10476/Scripts/jquery-ui-1.8.20.js [ 2013/2/1 21:33:34 ] 

[ Headers ]

Connection : keep-alive
Accept : */*
Accept-Encoding : gzip, deflate
Accept-Language : zh-cn,zh;q=0.8,en-us;q=0.5,en;q=0.3
Cookie : probulksessionid=0
Host : localhost:10476
Referer : http://localhost:10476/probulkupload/display
User-Agent : Mozilla/5.0 (Windows NT 6.2; WOW64; rv:18.0) Gecko/20100101 Firefox/18.0

[ QueryString ]


[ Form ]


2013-02-01 21:33:34,169 [14] - http://localhost:10476/Scripts/FileUpload/canvas-to-blob.min.js [ 2013/2/1 21:33:34 ] 

[ Headers ]

Connection : keep-alive
Accept : */*
Accept-Encoding : gzip, deflate
Accept-Language : zh-cn,zh;q=0.8,en-us;q=0.5,en;q=0.3
Cookie : probulksessionid=0
Host : localhost:10476
Referer : http://localhost:10476/probulkupload/display
User-Agent : Mozilla/5.0 (Windows NT 6.2; WOW64; rv:18.0) Gecko/20100101 Firefox/18.0

[ QueryString ]


[ Form ]


2013-02-01 21:33:34,170 [6] - http://localhost:10476/Scripts/FileUpload/load-image.min.js [ 2013/2/1 21:33:34 ] 

[ Headers ]

Connection : keep-alive
Accept : */*
Accept-Encoding : gzip, deflate
Accept-Language : zh-cn,zh;q=0.8,en-us;q=0.5,en;q=0.3
Cookie : probulksessionid=0
Host : localhost:10476
Referer : http://localhost:10476/probulkupload/display
User-Agent : Mozilla/5.0 (Windows NT 6.2; WOW64; rv:18.0) Gecko/20100101 Firefox/18.0

[ QueryString ]


[ Form ]


2013-02-01 21:33:34,170 [5] - http://localhost:10476/Scripts/FileUpload/tmpl.min.js [ 2013/2/1 21:33:34 ] 

[ Headers ]

Connection : keep-alive
Accept : */*
Accept-Encoding : gzip, deflate
Accept-Language : zh-cn,zh;q=0.8,en-us;q=0.5,en;q=0.3
Cookie : probulksessionid=0
Host : localhost:10476
Referer : http://localhost:10476/probulkupload/display
User-Agent : Mozilla/5.0 (Windows NT 6.2; WOW64; rv:18.0) Gecko/20100101 Firefox/18.0

[ QueryString ]


[ Form ]


2013-02-01 21:33:34,180 [14] - http://localhost:10476/Scripts/bootstrap.min.js [ 2013/2/1 21:33:34 ] 

[ Headers ]

Connection : keep-alive
Accept : */*
Accept-Encoding : gzip, deflate
Accept-Language : zh-cn,zh;q=0.8,en-us;q=0.5,en;q=0.3
Cookie : probulksessionid=0
Host : localhost:10476
Referer : http://localhost:10476/probulkupload/display
User-Agent : Mozilla/5.0 (Windows NT 6.2; WOW64; rv:18.0) Gecko/20100101 Firefox/18.0

[ QueryString ]


[ Form ]


2013-02-01 21:33:34,183 [5] - http://localhost:10476/Scripts/bootstrap-image-gallery.min.js [ 2013/2/1 21:33:34 ] 

[ Headers ]

Connection : keep-alive
Accept : */*
Accept-Encoding : gzip, deflate
Accept-Language : zh-cn,zh;q=0.8,en-us;q=0.5,en;q=0.3
Cookie : probulksessionid=0
Host : localhost:10476
Referer : http://localhost:10476/probulkupload/display
User-Agent : Mozilla/5.0 (Windows NT 6.2; WOW64; rv:18.0) Gecko/20100101 Firefox/18.0

[ QueryString ]


[ Form ]


2013-02-01 21:33:34,190 [6] - http://localhost:10476/Scripts/FileUpload/jquery.iframe-transport.js [ 2013/2/1 21:33:34 ] 

[ Headers ]

Connection : keep-alive
Accept : */*
Accept-Encoding : gzip, deflate
Accept-Language : zh-cn,zh;q=0.8,en-us;q=0.5,en;q=0.3
Cookie : probulksessionid=0
Host : localhost:10476
Referer : http://localhost:10476/probulkupload/display
User-Agent : Mozilla/5.0 (Windows NT 6.2; WOW64; rv:18.0) Gecko/20100101 Firefox/18.0

[ QueryString ]


[ Form ]


2013-02-01 21:33:34,197 [14] - http://localhost:10476/Scripts/FileUpload/jquery.fileupload.js [ 2013/2/1 21:33:34 ] 

[ Headers ]

Connection : keep-alive
Accept : */*
Accept-Encoding : gzip, deflate
Accept-Language : zh-cn,zh;q=0.8,en-us;q=0.5,en;q=0.3
Cookie : probulksessionid=0
Host : localhost:10476
Referer : http://localhost:10476/probulkupload/display
User-Agent : Mozilla/5.0 (Windows NT 6.2; WOW64; rv:18.0) Gecko/20100101 Firefox/18.0

[ QueryString ]


[ Form ]


2013-02-01 21:33:34,207 [5] - http://localhost:10476/Scripts/FileUpload/jquery.fileupload-ip.js [ 2013/2/1 21:33:34 ] 

[ Headers ]

Connection : keep-alive
Accept : */*
Accept-Encoding : gzip, deflate
Accept-Language : zh-cn,zh;q=0.8,en-us;q=0.5,en;q=0.3
Cookie : probulksessionid=0
Host : localhost:10476
Referer : http://localhost:10476/probulkupload/display
User-Agent : Mozilla/5.0 (Windows NT 6.2; WOW64; rv:18.0) Gecko/20100101 Firefox/18.0

[ QueryString ]


[ Form ]


2013-02-01 21:33:34,217 [6] - http://localhost:10476/Scripts/FileUpload/jquery.fileupload-ui.js [ 2013/2/1 21:33:34 ] 

[ Headers ]

Connection : keep-alive
Accept : */*
Accept-Encoding : gzip, deflate
Accept-Language : zh-cn,zh;q=0.8,en-us;q=0.5,en;q=0.3
Cookie : probulksessionid=0
Host : localhost:10476
Referer : http://localhost:10476/probulkupload/display
User-Agent : Mozilla/5.0 (Windows NT 6.2; WOW64; rv:18.0) Gecko/20100101 Firefox/18.0

[ QueryString ]


[ Form ]


2013-02-01 21:33:34,219 [12] - http://localhost:10476/Scripts/FileUpload/locale.js [ 2013/2/1 21:33:34 ] 

[ Headers ]

Connection : keep-alive
Accept : */*
Accept-Encoding : gzip, deflate
Accept-Language : zh-cn,zh;q=0.8,en-us;q=0.5,en;q=0.3
Cookie : probulksessionid=0
Host : localhost:10476
Referer : http://localhost:10476/probulkupload/display
User-Agent : Mozilla/5.0 (Windows NT 6.2; WOW64; rv:18.0) Gecko/20100101 Firefox/18.0

[ QueryString ]


[ Form ]


2013-02-01 21:33:34,224 [14] - http://localhost:10476/Scripts/FileUpload/main.js [ 2013/2/1 21:33:34 ] 

[ Headers ]

Connection : keep-alive
Accept : */*
Accept-Encoding : gzip, deflate
Accept-Language : zh-cn,zh;q=0.8,en-us;q=0.5,en;q=0.3
Cookie : probulksessionid=0
Host : localhost:10476
Referer : http://localhost:10476/probulkupload/display
User-Agent : Mozilla/5.0 (Windows NT 6.2; WOW64; rv:18.0) Gecko/20100101 Firefox/18.0

[ QueryString ]


[ Form ]


2013-02-01 21:33:34,233 [6] - http://localhost:10476/Content/img/loading.gif [ 2013/2/1 21:33:34 ] 

[ Headers ]

Connection : keep-alive
Accept : image/png,image/*;q=0.8,*/*;q=0.5
Accept-Encoding : gzip, deflate
Accept-Language : zh-cn,zh;q=0.8,en-us;q=0.5,en;q=0.3
Cookie : probulksessionid=0
Host : localhost:10476
Referer : http://localhost:10476/probulkupload/display
User-Agent : Mozilla/5.0 (Windows NT 6.2; WOW64; rv:18.0) Gecko/20100101 Firefox/18.0

[ QueryString ]


[ Form ]


2013-02-01 21:33:34,964 [5] - http://localhost:10476/Content/img/glyphicons-halflings-white.png [ 2013/2/1 21:33:34 ] 

[ Headers ]

Connection : keep-alive
Accept : image/png,image/*;q=0.8,*/*;q=0.5
Accept-Encoding : gzip, deflate
Accept-Language : zh-cn,zh;q=0.8,en-us;q=0.5,en;q=0.3
Cookie : probulksessionid=0
Host : localhost:10476
Referer : http://localhost:10476/Content/Bootstrap/bootstrap.min.css
User-Agent : Mozilla/5.0 (Windows NT 6.2; WOW64; rv:18.0) Gecko/20100101 Firefox/18.0

[ QueryString ]


[ Form ]


2013-02-01 21:33:45,411 [14] - http://localhost:10476/probulkupload/upload [ 2013/2/1 21:33:45 ] 

[ Headers ]

Cache-Control : no-cache
Connection : keep-alive
Pragma : no-cache
Content-Length : 23768
Content-Type : multipart/form-data; boundary=---------------------------66642531315193
Accept : application/json, text/javascript, */*; q=0.01
Accept-Encoding : gzip, deflate
Accept-Language : zh-cn,zh;q=0.8,en-us;q=0.5,en;q=0.3
Cookie : probulksessionid=0
Host : localhost:10476
Referer : http://localhost:10476/probulkupload/display
User-Agent : Mozilla/5.0 (Windows NT 6.2; WOW64; rv:18.0) Gecko/20100101 Firefox/18.0
X-Requested-With : XMLHttpRequest

[ QueryString ]


[ Form ]


2013-02-01 21:34:38,288 [14] - http://localhost:10476/probulkupload/uploadimage [ 2013/2/1 21:34:38 ] 

[ Headers ]

Cache-Control : no-cache
Connection : keep-alive
Pragma : no-cache
Content-Length : 2216
Content-Type : multipart/form-data; boundary=---------------------------91141377732364
Accept : application/json, text/javascript, */*; q=0.01
Accept-Encoding : gzip, deflate
Accept-Language : zh-cn,zh;q=0.8,en-us;q=0.5,en;q=0.3
Cookie : probulksessionid=66
Host : localhost:10476
Referer : http://localhost:10476/probulkupload/display
User-Agent : Mozilla/5.0 (Windows NT 6.2; WOW64; rv:18.0) Gecko/20100101 Firefox/18.0
X-Requested-With : XMLHttpRequest

[ QueryString ]


[ Form ]


2013-02-01 21:34:38,288 [15] - http://localhost:10476/probulkupload/uploadimage [ 2013/2/1 21:34:38 ] 

[ Headers ]

Cache-Control : no-cache
Connection : keep-alive
Pragma : no-cache
Content-Length : 2216
Content-Type : multipart/form-data; boundary=---------------------------17991274898454
Accept : application/json, text/javascript, */*; q=0.01
Accept-Encoding : gzip, deflate
Accept-Language : zh-cn,zh;q=0.8,en-us;q=0.5,en;q=0.3
Cookie : probulksessionid=66
Host : localhost:10476
Referer : http://localhost:10476/probulkupload/display
User-Agent : Mozilla/5.0 (Windows NT 6.2; WOW64; rv:18.0) Gecko/20100101 Firefox/18.0
X-Requested-With : XMLHttpRequest

[ QueryString ]


[ Form ]


2013-02-01 21:34:48,459 [14] - http://localhost:10476/probulkupload/validate?X-Requested-With=XMLHttpRequest [ 2013/2/1 21:34:48 ] 

[ Headers ]

Connection : keep-alive
Accept : */*
Accept-Encoding : gzip, deflate
Accept-Language : zh-cn,zh;q=0.8,en-us;q=0.5,en;q=0.3
Cookie : probulksessionid=66
Host : localhost:10476
Referer : http://localhost:10476/probulkupload/display
User-Agent : Mozilla/5.0 (Windows NT 6.2; WOW64; rv:18.0) Gecko/20100101 Firefox/18.0
X-Requested-With : XMLHttpRequest

[ QueryString ]

X-Requested-With : XMLHttpRequest

[ Form ]


2013-02-01 21:35:06,661 [12] - http://localhost:10476/probulkupload/publish [ 2013/2/1 21:35:06 ] 

[ Headers ]

Cache-Control : no-cache
Connection : keep-alive
Pragma : no-cache
Content-Length : 31
Content-Type : application/x-www-form-urlencoded; charset=UTF-8
Accept : */*
Accept-Encoding : gzip, deflate
Accept-Language : zh-cn,zh;q=0.8,en-us;q=0.5,en;q=0.3
Cookie : probulksessionid=66
Host : localhost:10476
Referer : http://localhost:10476/probulkupload/display
User-Agent : Mozilla/5.0 (Windows NT 6.2; WOW64; rv:18.0) Gecko/20100101 Firefox/18.0
X-Requested-With : XMLHttpRequest

[ QueryString ]


[ Form ]

X-Requested-With : XMLHttpRequest

2013-02-01 21:35:10,422 [15] - http://localhost:10476/probulkupload/validate?X-Requested-With=XMLHttpRequest [ 2013/2/1 21:35:10 ] 

[ Headers ]

Connection : keep-alive
Accept : */*
Accept-Encoding : gzip, deflate
Accept-Language : zh-cn,zh;q=0.8,en-us;q=0.5,en;q=0.3
Cookie : probulksessionid=0
Host : localhost:10476
Referer : http://localhost:10476/probulkupload/display
User-Agent : Mozilla/5.0 (Windows NT 6.2; WOW64; rv:18.0) Gecko/20100101 Firefox/18.0
X-Requested-With : XMLHttpRequest

[ QueryString ]

X-Requested-With : XMLHttpRequest

[ Form ]


2013-02-01 21:35:13,557 [12] - http://localhost:10476/probulkupload/publish [ 2013/2/1 21:35:13 ] 

[ Headers ]

Cache-Control : no-cache
Connection : keep-alive
Pragma : no-cache
Content-Length : 31
Content-Type : application/x-www-form-urlencoded; charset=UTF-8
Accept : */*
Accept-Encoding : gzip, deflate
Accept-Language : zh-cn,zh;q=0.8,en-us;q=0.5,en;q=0.3
Cookie : probulksessionid=0
Host : localhost:10476
Referer : http://localhost:10476/probulkupload/display
User-Agent : Mozilla/5.0 (Windows NT 6.2; WOW64; rv:18.0) Gecko/20100101 Firefox/18.0
X-Requested-With : XMLHttpRequest

[ QueryString ]


[ Form ]

X-Requested-With : XMLHttpRequest

2013-02-01 21:35:23,690 [15] - http://localhost:10476/probulkupload/validate?X-Requested-With=XMLHttpRequest [ 2013/2/1 21:35:23 ] 

[ Headers ]

Connection : keep-alive
Accept : */*
Accept-Encoding : gzip, deflate
Accept-Language : zh-cn,zh;q=0.8,en-us;q=0.5,en;q=0.3
Cookie : probulksessionid=0
Host : localhost:10476
Referer : http://localhost:10476/probulkupload/display
User-Agent : Mozilla/5.0 (Windows NT 6.2; WOW64; rv:18.0) Gecko/20100101 Firefox/18.0
X-Requested-With : XMLHttpRequest

[ QueryString ]

X-Requested-With : XMLHttpRequest

[ Form ]


2013-02-01 21:35:27,622 [15] - http://localhost:10476/probulkupload/publish [ 2013/2/1 21:35:27 ] 

[ Headers ]

Cache-Control : no-cache
Connection : keep-alive
Pragma : no-cache
Content-Length : 31
Content-Type : application/x-www-form-urlencoded; charset=UTF-8
Accept : */*
Accept-Encoding : gzip, deflate
Accept-Language : zh-cn,zh;q=0.8,en-us;q=0.5,en;q=0.3
Cookie : probulksessionid=0
Host : localhost:10476
Referer : http://localhost:10476/probulkupload/display
User-Agent : Mozilla/5.0 (Windows NT 6.2; WOW64; rv:18.0) Gecko/20100101 Firefox/18.0
X-Requested-With : XMLHttpRequest

[ QueryString ]


[ Form ]

X-Requested-With : XMLHttpRequest

2013-02-01 21:40:00,403 [18] - http://localhost:10476/probulkupload [ 2013/2/1 21:40:00 ] 

[ Headers ]

Connection : keep-alive
Accept : text/html,application/xhtml+xml,application/xml;q=0.9,*/*;q=0.8
Accept-Encoding : gzip, deflate
Accept-Language : zh-cn,zh;q=0.8,en-us;q=0.5,en;q=0.3
Cookie : probulksessionid=0
Host : localhost:10476
User-Agent : Mozilla/5.0 (Windows NT 6.2; WOW64; rv:18.0) Gecko/20100101 Firefox/18.0

[ QueryString ]


[ Form ]


2013-02-01 21:40:02,329 [12] - http://localhost:10476/probulkupload/display [ 2013/2/1 21:40:02 ] 

[ Headers ]

Connection : keep-alive
Accept : text/html,application/xhtml+xml,application/xml;q=0.9,*/*;q=0.8
Accept-Encoding : gzip, deflate
Accept-Language : zh-cn,zh;q=0.8,en-us;q=0.5,en;q=0.3
Cookie : probulksessionid=0
Host : localhost:10476
Referer : http://localhost:10476/probulkupload
User-Agent : Mozilla/5.0 (Windows NT 6.2; WOW64; rv:18.0) Gecko/20100101 Firefox/18.0

[ QueryString ]


[ Form ]


2013-02-01 21:40:02,791 [5] - http://localhost:10476/Content/Bootstrap/bootstrap-image-gallery.min.css [ 2013/2/1 21:40:02 ] 

[ Headers ]

Connection : keep-alive
Accept : text/css,*/*;q=0.1
Accept-Encoding : gzip, deflate
Accept-Language : zh-cn,zh;q=0.8,en-us;q=0.5,en;q=0.3
Cookie : probulksessionid=0
Host : localhost:10476
If-None-Match : "1CE007D4478C300"
Referer : http://localhost:10476/probulkupload/display
User-Agent : Mozilla/5.0 (Windows NT 6.2; WOW64; rv:18.0) Gecko/20100101 Firefox/18.0

[ QueryString ]


[ Form ]


2013-02-01 21:40:02,797 [12] - http://localhost:10476/Content/FileUpload/jquery.fileupload-ui.css [ 2013/2/1 21:40:02 ] 

[ Headers ]

Connection : keep-alive
Accept : text/css,*/*;q=0.1
Accept-Encoding : gzip, deflate
Accept-Language : zh-cn,zh;q=0.8,en-us;q=0.5,en;q=0.3
Cookie : probulksessionid=0
Host : localhost:10476
If-None-Match : "1CE007D4478C300"
Referer : http://localhost:10476/probulkupload/display
User-Agent : Mozilla/5.0 (Windows NT 6.2; WOW64; rv:18.0) Gecko/20100101 Firefox/18.0

[ QueryString ]


[ Form ]


2013-02-01 21:40:02,801 [5] - http://localhost:10476/Scripts/jquery-ui-1.8.20.js [ 2013/2/1 21:40:02 ] 

[ Headers ]

Connection : keep-alive
Accept : */*
Accept-Encoding : gzip, deflate
Accept-Language : zh-cn,zh;q=0.8,en-us;q=0.5,en;q=0.3
Cookie : probulksessionid=0
Host : localhost:10476
If-None-Match : "1CDF887E6332F80"
Referer : http://localhost:10476/probulkupload/display
User-Agent : Mozilla/5.0 (Windows NT 6.2; WOW64; rv:18.0) Gecko/20100101 Firefox/18.0

[ QueryString ]


[ Form ]


2013-02-01 21:40:02,811 [12] - http://localhost:10476/Scripts/FileUpload/tmpl.min.js [ 2013/2/1 21:40:02 ] 

[ Headers ]

Connection : keep-alive
Accept : */*
Accept-Encoding : gzip, deflate
Accept-Language : zh-cn,zh;q=0.8,en-us;q=0.5,en;q=0.3
Cookie : probulksessionid=0
Host : localhost:10476
If-None-Match : "1CE007D5EB2A100"
Referer : http://localhost:10476/probulkupload/display
User-Agent : Mozilla/5.0 (Windows NT 6.2; WOW64; rv:18.0) Gecko/20100101 Firefox/18.0

[ QueryString ]


[ Form ]


2013-02-01 21:40:02,811 [5] - http://localhost:10476/Scripts/FileUpload/canvas-to-blob.min.js [ 2013/2/1 21:40:02 ] 

[ Headers ]

Connection : keep-alive
Accept : */*
Accept-Encoding : gzip, deflate
Accept-Language : zh-cn,zh;q=0.8,en-us;q=0.5,en;q=0.3
Cookie : probulksessionid=0
Host : localhost:10476
If-None-Match : "1CE007D5EB2A100"
Referer : http://localhost:10476/probulkupload/display
User-Agent : Mozilla/5.0 (Windows NT 6.2; WOW64; rv:18.0) Gecko/20100101 Firefox/18.0

[ QueryString ]


[ Form ]


2013-02-01 21:40:02,820 [12] - http://localhost:10476/Scripts/FileUpload/load-image.min.js [ 2013/2/1 21:40:02 ] 

[ Headers ]

Connection : keep-alive
Accept : */*
Accept-Encoding : gzip, deflate
Accept-Language : zh-cn,zh;q=0.8,en-us;q=0.5,en;q=0.3
Cookie : probulksessionid=0
Host : localhost:10476
If-None-Match : "1CE007D5EB2A100"
Referer : http://localhost:10476/probulkupload/display
User-Agent : Mozilla/5.0 (Windows NT 6.2; WOW64; rv:18.0) Gecko/20100101 Firefox/18.0

[ QueryString ]


[ Form ]


2013-02-01 21:40:02,823 [5] - http://localhost:10476/Scripts/bootstrap.min.js [ 2013/2/1 21:40:02 ] 

[ Headers ]

Connection : keep-alive
Accept : */*
Accept-Encoding : gzip, deflate
Accept-Language : zh-cn,zh;q=0.8,en-us;q=0.5,en;q=0.3
Cookie : probulksessionid=0
Host : localhost:10476
If-None-Match : "1CE007D5EB2A100"
Referer : http://localhost:10476/probulkupload/display
User-Agent : Mozilla/5.0 (Windows NT 6.2; WOW64; rv:18.0) Gecko/20100101 Firefox/18.0

[ QueryString ]


[ Form ]


2013-02-01 21:40:02,832 [12] - http://localhost:10476/Scripts/bootstrap-image-gallery.min.js [ 2013/2/1 21:40:02 ] 

[ Headers ]

Connection : keep-alive
Accept : */*
Accept-Encoding : gzip, deflate
Accept-Language : zh-cn,zh;q=0.8,en-us;q=0.5,en;q=0.3
Cookie : probulksessionid=0
Host : localhost:10476
If-None-Match : "1CE007D5EB2A100"
Referer : http://localhost:10476/probulkupload/display
User-Agent : Mozilla/5.0 (Windows NT 6.2; WOW64; rv:18.0) Gecko/20100101 Firefox/18.0

[ QueryString ]


[ Form ]


2013-02-01 21:40:02,833 [5] - http://localhost:10476/Scripts/FileUpload/jquery.iframe-transport.js [ 2013/2/1 21:40:02 ] 

[ Headers ]

Connection : keep-alive
Accept : */*
Accept-Encoding : gzip, deflate
Accept-Language : zh-cn,zh;q=0.8,en-us;q=0.5,en;q=0.3
Cookie : probulksessionid=0
Host : localhost:10476
If-None-Match : "1CE007D5EB2A100"
Referer : http://localhost:10476/probulkupload/display
User-Agent : Mozilla/5.0 (Windows NT 6.2; WOW64; rv:18.0) Gecko/20100101 Firefox/18.0

[ QueryString ]


[ Form ]


2013-02-01 21:40:02,865 [12] - http://localhost:10476/Scripts/FileUpload/jquery.fileupload.js [ 2013/2/1 21:40:02 ] 

[ Headers ]

Connection : keep-alive
Accept : */*
Accept-Encoding : gzip, deflate
Accept-Language : zh-cn,zh;q=0.8,en-us;q=0.5,en;q=0.3
Cookie : probulksessionid=0
Host : localhost:10476
If-None-Match : "1CE007D5EB2A100"
Referer : http://localhost:10476/probulkupload/display
User-Agent : Mozilla/5.0 (Windows NT 6.2; WOW64; rv:18.0) Gecko/20100101 Firefox/18.0

[ QueryString ]


[ Form ]


2013-02-01 21:40:02,865 [5] - http://localhost:10476/Scripts/FileUpload/jquery.fileupload-ip.js [ 2013/2/1 21:40:02 ] 

[ Headers ]

Connection : keep-alive
Accept : */*
Accept-Encoding : gzip, deflate
Accept-Language : zh-cn,zh;q=0.8,en-us;q=0.5,en;q=0.3
Cookie : probulksessionid=0
Host : localhost:10476
If-None-Match : "1CE007D5EB2A100"
Referer : http://localhost:10476/probulkupload/display
User-Agent : Mozilla/5.0 (Windows NT 6.2; WOW64; rv:18.0) Gecko/20100101 Firefox/18.0

[ QueryString ]


[ Form ]


2013-02-01 21:40:02,873 [5] - http://localhost:10476/Scripts/FileUpload/jquery.fileupload-ui.js [ 2013/2/1 21:40:02 ] 

[ Headers ]

Connection : keep-alive
Accept : */*
Accept-Encoding : gzip, deflate
Accept-Language : zh-cn,zh;q=0.8,en-us;q=0.5,en;q=0.3
Cookie : probulksessionid=0
Host : localhost:10476
If-None-Match : "1CE007D5EB2A100"
Referer : http://localhost:10476/probulkupload/display
User-Agent : Mozilla/5.0 (Windows NT 6.2; WOW64; rv:18.0) Gecko/20100101 Firefox/18.0

[ QueryString ]


[ Form ]


2013-02-01 21:40:02,874 [12] - http://localhost:10476/Scripts/FileUpload/locale.js [ 2013/2/1 21:40:02 ] 

[ Headers ]

Connection : keep-alive
Accept : */*
Accept-Encoding : gzip, deflate
Accept-Language : zh-cn,zh;q=0.8,en-us;q=0.5,en;q=0.3
Cookie : probulksessionid=0
Host : localhost:10476
If-None-Match : "1CE007D5EB2A100"
Referer : http://localhost:10476/probulkupload/display
User-Agent : Mozilla/5.0 (Windows NT 6.2; WOW64; rv:18.0) Gecko/20100101 Firefox/18.0

[ QueryString ]


[ Form ]


2013-02-01 21:40:02,880 [12] - http://localhost:10476/Scripts/FileUpload/main.js [ 2013/2/1 21:40:02 ] 

[ Headers ]

Connection : keep-alive
Accept : */*
Accept-Encoding : gzip, deflate
Accept-Language : zh-cn,zh;q=0.8,en-us;q=0.5,en;q=0.3
Cookie : probulksessionid=0
Host : localhost:10476
If-None-Match : "1CE007D5EB2A100"
Referer : http://localhost:10476/probulkupload/display
User-Agent : Mozilla/5.0 (Windows NT 6.2; WOW64; rv:18.0) Gecko/20100101 Firefox/18.0

[ QueryString ]


[ Form ]


2013-02-01 21:40:03,039 [5] - http://localhost:10476/Content/img/loading.gif [ 2013/2/1 21:40:03 ] 

[ Headers ]

Connection : keep-alive
Accept : image/png,image/*;q=0.8,*/*;q=0.5
Accept-Encoding : gzip, deflate
Accept-Language : zh-cn,zh;q=0.8,en-us;q=0.5,en;q=0.3
Cookie : probulksessionid=0
Host : localhost:10476
If-None-Match : "1CE007D4478C300"
Referer : http://localhost:10476/probulkupload/display
User-Agent : Mozilla/5.0 (Windows NT 6.2; WOW64; rv:18.0) Gecko/20100101 Firefox/18.0

[ QueryString ]


[ Form ]


2013-02-01 21:40:03,039 [12] - http://localhost:10476/Content/img/glyphicons-halflings-white.png [ 2013/2/1 21:40:03 ] 

[ Headers ]

Connection : keep-alive
Accept : image/png,image/*;q=0.8,*/*;q=0.5
Accept-Encoding : gzip, deflate
Accept-Language : zh-cn,zh;q=0.8,en-us;q=0.5,en;q=0.3
Cookie : probulksessionid=0
Host : localhost:10476
If-None-Match : "1CE007D4478C300"
Referer : http://localhost:10476/Content/Bootstrap/bootstrap.min.css
User-Agent : Mozilla/5.0 (Windows NT 6.2; WOW64; rv:18.0) Gecko/20100101 Firefox/18.0

[ QueryString ]


[ Form ]


2013-02-01 21:40:10,684 [12] - http://localhost:10476/probulkupload/upload [ 2013/2/1 21:40:10 ] 

[ Headers ]

Cache-Control : no-cache
Connection : keep-alive
Pragma : no-cache
Content-Length : 23766
Content-Type : multipart/form-data; boundary=---------------------------1122139628337
Accept : application/json, text/javascript, */*; q=0.01
Accept-Encoding : gzip, deflate
Accept-Language : zh-cn,zh;q=0.8,en-us;q=0.5,en;q=0.3
Cookie : probulksessionid=0
Host : localhost:10476
Referer : http://localhost:10476/probulkupload/display
User-Agent : Mozilla/5.0 (Windows NT 6.2; WOW64; rv:18.0) Gecko/20100101 Firefox/18.0
X-Requested-With : XMLHttpRequest

[ QueryString ]


[ Form ]


2013-02-01 21:40:21,209 [12] - http://localhost:10476/probulkupload/uploadimage [ 2013/2/1 21:40:21 ] 

[ Headers ]

Cache-Control : no-cache
Connection : keep-alive
Pragma : no-cache
Content-Length : 2218
Content-Type : multipart/form-data; boundary=---------------------------260302199015138
Accept : application/json, text/javascript, */*; q=0.01
Accept-Encoding : gzip, deflate
Accept-Language : zh-cn,zh;q=0.8,en-us;q=0.5,en;q=0.3
Cookie : probulksessionid=67
Host : localhost:10476
Referer : http://localhost:10476/probulkupload/display
User-Agent : Mozilla/5.0 (Windows NT 6.2; WOW64; rv:18.0) Gecko/20100101 Firefox/18.0
X-Requested-With : XMLHttpRequest

[ QueryString ]


[ Form ]


2013-02-01 21:40:21,300 [5] - http://localhost:10476/probulkupload/uploadimage [ 2013/2/1 21:40:21 ] 

[ Headers ]

Cache-Control : no-cache
Connection : keep-alive
Pragma : no-cache
Content-Length : 2214
Content-Type : multipart/form-data; boundary=---------------------------2417138731228
Accept : application/json, text/javascript, */*; q=0.01
Accept-Encoding : gzip, deflate
Accept-Language : zh-cn,zh;q=0.8,en-us;q=0.5,en;q=0.3
Cookie : probulksessionid=67
Host : localhost:10476
Referer : http://localhost:10476/probulkupload/display
User-Agent : Mozilla/5.0 (Windows NT 6.2; WOW64; rv:18.0) Gecko/20100101 Firefox/18.0
X-Requested-With : XMLHttpRequest

[ QueryString ]


[ Form ]


2013-02-01 21:41:03,870 [12] - http://localhost:10476/probulkupload/uploadimage [ 2013/2/1 21:41:03 ] 

[ Headers ]

Cache-Control : no-cache
Connection : keep-alive
Pragma : no-cache
Content-Length : 2218
Content-Type : multipart/form-data; boundary=---------------------------192582082732090
Accept : application/json, text/javascript, */*; q=0.01
Accept-Encoding : gzip, deflate
Accept-Language : zh-cn,zh;q=0.8,en-us;q=0.5,en;q=0.3
Cookie : probulksessionid=67
Host : localhost:10476
Referer : http://localhost:10476/probulkupload/display
User-Agent : Mozilla/5.0 (Windows NT 6.2; WOW64; rv:18.0) Gecko/20100101 Firefox/18.0
X-Requested-With : XMLHttpRequest

[ QueryString ]


[ Form ]


2013-02-01 21:42:04,977 [5] - http://localhost:10476/probulkupload/uploadimage [ 2013/2/1 21:42:04 ] 

[ Headers ]

Cache-Control : no-cache
Connection : keep-alive
Pragma : no-cache
Content-Length : 2216
Content-Type : multipart/form-data; boundary=---------------------------31337295323797
Accept : application/json, text/javascript, */*; q=0.01
Accept-Encoding : gzip, deflate
Accept-Language : zh-cn,zh;q=0.8,en-us;q=0.5,en;q=0.3
Cookie : probulksessionid=67
Host : localhost:10476
Referer : http://localhost:10476/probulkupload/display
User-Agent : Mozilla/5.0 (Windows NT 6.2; WOW64; rv:18.0) Gecko/20100101 Firefox/18.0
X-Requested-With : XMLHttpRequest

[ QueryString ]


[ Form ]


2013-02-01 21:43:13,558 [12] - http://localhost:10476/probulkupload/uploadimage [ 2013/2/1 21:43:13 ] 

[ Headers ]

Cache-Control : no-cache
Connection : keep-alive
Pragma : no-cache
Content-Length : 2216
Content-Type : multipart/form-data; boundary=---------------------------16699562912648
Accept : application/json, text/javascript, */*; q=0.01
Accept-Encoding : gzip, deflate
Accept-Language : zh-cn,zh;q=0.8,en-us;q=0.5,en;q=0.3
Cookie : probulksessionid=67
Host : localhost:10476
Referer : http://localhost:10476/probulkupload/display
User-Agent : Mozilla/5.0 (Windows NT 6.2; WOW64; rv:18.0) Gecko/20100101 Firefox/18.0
X-Requested-With : XMLHttpRequest

[ QueryString ]


[ Form ]


------------------------------------------------------------
2013-02-01 21:54:25,721 [5] - http://localhost:10476/ [ 2013/2/1 21:54:25 ] 

[ Headers ]

Connection : keep-alive
Accept : text/html,application/xhtml+xml,application/xml;q=0.9,*/*;q=0.8
Accept-Encoding : gzip, deflate
Accept-Language : zh-cn,zh;q=0.8,en-us;q=0.5,en;q=0.3
Cookie : probulksessionid=67
Host : localhost:10476
User-Agent : Mozilla/5.0 (Windows NT 6.2; WOW64; rv:18.0) Gecko/20100101 Firefox/18.0

[ QueryString ]


[ Form ]


------------------------------------------------------------
2013-02-01 21:54:30,682 [10] - http://localhost:10476/Content/Site.css [ 2013/2/1 21:54:30 ] 

[ Headers ]

Connection : keep-alive
Accept : text/css,*/*;q=0.1
Accept-Encoding : gzip, deflate
Accept-Language : zh-cn,zh;q=0.8,en-us;q=0.5,en;q=0.3
Cookie : probulksessionid=67
Host : localhost:10476
If-None-Match : "1CDF887E6332F80"
Referer : http://localhost:10476/
User-Agent : Mozilla/5.0 (Windows NT 6.2; WOW64; rv:18.0) Gecko/20100101 Firefox/18.0

[ QueryString ]


[ Form ]


2013-02-01 21:54:32,766 [5] - http://localhost:10476/probulkupload [ 2013/2/1 21:54:32 ] 

[ Headers ]

Connection : keep-alive
Accept : text/html,application/xhtml+xml,application/xml;q=0.9,*/*;q=0.8
Accept-Encoding : gzip, deflate
Accept-Language : zh-cn,zh;q=0.8,en-us;q=0.5,en;q=0.3
Cookie : probulksessionid=67
Host : localhost:10476
Referer : http://localhost:10476/
User-Agent : Mozilla/5.0 (Windows NT 6.2; WOW64; rv:18.0) Gecko/20100101 Firefox/18.0

[ QueryString ]


[ Form ]


2013-02-01 21:54:36,574 [10] - http://localhost:10476/probulkupload/display [ 2013/2/1 21:54:36 ] 

[ Headers ]

Connection : keep-alive
Accept : text/html,application/xhtml+xml,application/xml;q=0.9,*/*;q=0.8
Accept-Encoding : gzip, deflate
Accept-Language : zh-cn,zh;q=0.8,en-us;q=0.5,en;q=0.3
Cookie : probulksessionid=67
Host : localhost:10476
Referer : http://localhost:10476/probulkupload
User-Agent : Mozilla/5.0 (Windows NT 6.2; WOW64; rv:18.0) Gecko/20100101 Firefox/18.0

[ QueryString ]


[ Form ]


2013-02-01 21:54:43,636 [24] - http://localhost:10476/probulkupload/upload [ 2013/2/1 21:54:43 ] 

[ Headers ]

Cache-Control : no-cache
Connection : keep-alive
Pragma : no-cache
Content-Length : 23770
Content-Type : multipart/form-data; boundary=---------------------------304022913810620
Accept : application/json, text/javascript, */*; q=0.01
Accept-Encoding : gzip, deflate
Accept-Language : zh-cn,zh;q=0.8,en-us;q=0.5,en;q=0.3
Cookie : probulksessionid=0
Host : localhost:10476
Referer : http://localhost:10476/probulkupload/display
User-Agent : Mozilla/5.0 (Windows NT 6.2; WOW64; rv:18.0) Gecko/20100101 Firefox/18.0
X-Requested-With : XMLHttpRequest

[ QueryString ]


[ Form ]


2013-02-01 21:54:55,895 [10] - http://localhost:10476/probulkupload/uploadimage [ 2013/2/1 21:54:55 ] 

[ Headers ]

Cache-Control : no-cache
Connection : keep-alive
Pragma : no-cache
Content-Length : 2216
Content-Type : multipart/form-data; boundary=---------------------------10593428121132
Accept : application/json, text/javascript, */*; q=0.01
Accept-Encoding : gzip, deflate
Accept-Language : zh-cn,zh;q=0.8,en-us;q=0.5,en;q=0.3
Cookie : probulksessionid=68
Host : localhost:10476
Referer : http://localhost:10476/probulkupload/display
User-Agent : Mozilla/5.0 (Windows NT 6.2; WOW64; rv:18.0) Gecko/20100101 Firefox/18.0
X-Requested-With : XMLHttpRequest

[ QueryString ]


[ Form ]


2013-02-01 21:54:55,937 [24] - http://localhost:10476/probulkupload/uploadimage [ 2013/2/1 21:54:55 ] 

[ Headers ]

Cache-Control : no-cache
Connection : keep-alive
Pragma : no-cache
Content-Length : 2216
Content-Type : multipart/form-data; boundary=---------------------------24236230223062
Accept : application/json, text/javascript, */*; q=0.01
Accept-Encoding : gzip, deflate
Accept-Language : zh-cn,zh;q=0.8,en-us;q=0.5,en;q=0.3
Cookie : probulksessionid=68
Host : localhost:10476
Referer : http://localhost:10476/probulkupload/display
User-Agent : Mozilla/5.0 (Windows NT 6.2; WOW64; rv:18.0) Gecko/20100101 Firefox/18.0
X-Requested-With : XMLHttpRequest

[ QueryString ]


[ Form ]


2013-02-01 21:55:00,194 [20] - http://localhost:10476/probulkupload/validate?X-Requested-With=XMLHttpRequest [ 2013/2/1 21:55:00 ] 

[ Headers ]

Connection : keep-alive
Accept : */*
Accept-Encoding : gzip, deflate
Accept-Language : zh-cn,zh;q=0.8,en-us;q=0.5,en;q=0.3
Cookie : probulksessionid=68
Host : localhost:10476
Referer : http://localhost:10476/probulkupload/display
User-Agent : Mozilla/5.0 (Windows NT 6.2; WOW64; rv:18.0) Gecko/20100101 Firefox/18.0
X-Requested-With : XMLHttpRequest

[ QueryString ]

X-Requested-With : XMLHttpRequest

[ Form ]


2013-02-01 21:55:02,291 [24] - http://localhost:10476/probulkupload/publish [ 2013/2/1 21:55:02 ] 

[ Headers ]

Cache-Control : no-cache
Connection : keep-alive
Pragma : no-cache
Content-Length : 31
Content-Type : application/x-www-form-urlencoded; charset=UTF-8
Accept : */*
Accept-Encoding : gzip, deflate
Accept-Language : zh-cn,zh;q=0.8,en-us;q=0.5,en;q=0.3
Cookie : probulksessionid=68
Host : localhost:10476
Referer : http://localhost:10476/probulkupload/display
User-Agent : Mozilla/5.0 (Windows NT 6.2; WOW64; rv:18.0) Gecko/20100101 Firefox/18.0
X-Requested-With : XMLHttpRequest

[ QueryString ]


[ Form ]

X-Requested-With : XMLHttpRequest

2013-02-01 21:55:03,988 [20] - http://localhost:10476/probulkupload/display [ 2013/2/1 21:55:03 ] 

[ Headers ]

Connection : keep-alive
Accept : text/html,application/xhtml+xml,application/xml;q=0.9,*/*;q=0.8
Accept-Encoding : gzip, deflate
Accept-Language : zh-cn,zh;q=0.8,en-us;q=0.5,en;q=0.3
Cookie : probulksessionid=0
Host : localhost:10476
Referer : http://localhost:10476/probulkupload/display
User-Agent : Mozilla/5.0 (Windows NT 6.2; WOW64; rv:18.0) Gecko/20100101 Firefox/18.0

[ QueryString ]


[ Form ]


------------------------------------------------------------
2013-02-01 21:59:30,532 [21] - http://localhost:10476/probulkupload [ 2013/2/1 21:59:30 ] 

[ Headers ]

Connection : keep-alive
Accept : text/html,application/xhtml+xml,application/xml;q=0.9,*/*;q=0.8
Accept-Encoding : gzip, deflate
Accept-Language : zh-cn,zh;q=0.8,en-us;q=0.5,en;q=0.3
Cookie : probulksessionid=0
Host : localhost:10476
User-Agent : Mozilla/5.0 (Windows NT 6.2; WOW64; rv:18.0) Gecko/20100101 Firefox/18.0

[ QueryString ]


[ Form ]


2013-02-01 21:59:31,850 [21] - http://localhost:10476/account/login?ReturnUrl=%2fprobulkupload [ 2013/2/1 21:59:31 ] 

[ Headers ]

Connection : keep-alive
Accept : text/html,application/xhtml+xml,application/xml;q=0.9,*/*;q=0.8
Accept-Encoding : gzip, deflate
Accept-Language : zh-cn,zh;q=0.8,en-us;q=0.5,en;q=0.3
Cookie : probulksessionid=0
Host : localhost:10476
User-Agent : Mozilla/5.0 (Windows NT 6.2; WOW64; rv:18.0) Gecko/20100101 Firefox/18.0

[ QueryString ]

ReturnUrl : /probulkupload

[ Form ]


------------------------------------------------------------
2013-02-01 21:59:36,056 [20] - http://localhost:10476/Scripts/jquery.validate.min.js [ 2013/2/1 21:59:36 ] 

[ Headers ]

Connection : keep-alive
Accept : */*
Accept-Encoding : gzip, deflate
Accept-Language : zh-cn,zh;q=0.8,en-us;q=0.5,en;q=0.3
Cookie : probulksessionid=0; __RequestVerificationToken_Lw__=G9+a2X70NdLO1OvzuEEkx3ijsGBCdKfMeqsR9qN6RHnU6s7caFI3Aq16bKA93rb0hKXFYDYBCv/V/BaezPeTqSyOxqN2DGDy/l6QyYqlOSu7MXMSYHa4Az24MjK0w7SoBKNJ9Adn6RchiEy2BotG13xQY/lwq6N2NjXhvwkZthc=
Host : localhost:10476
Referer : http://localhost:10476/account/login?ReturnUrl=%2fprobulkupload
User-Agent : Mozilla/5.0 (Windows NT 6.2; WOW64; rv:18.0) Gecko/20100101 Firefox/18.0

[ QueryString ]


[ Form ]


2013-02-01 21:59:36,056 [22] - http://localhost:10476/Content/Site.css [ 2013/2/1 21:59:36 ] 

[ Headers ]

Connection : keep-alive
Accept : text/css,*/*;q=0.1
Accept-Encoding : gzip, deflate
Accept-Language : zh-cn,zh;q=0.8,en-us;q=0.5,en;q=0.3
Cookie : probulksessionid=0; __RequestVerificationToken_Lw__=G9+a2X70NdLO1OvzuEEkx3ijsGBCdKfMeqsR9qN6RHnU6s7caFI3Aq16bKA93rb0hKXFYDYBCv/V/BaezPeTqSyOxqN2DGDy/l6QyYqlOSu7MXMSYHa4Az24MjK0w7SoBKNJ9Adn6RchiEy2BotG13xQY/lwq6N2NjXhvwkZthc=
Host : localhost:10476
If-None-Match : "1CDF887E6332F80"
Referer : http://localhost:10476/account/login?ReturnUrl=%2fprobulkupload
User-Agent : Mozilla/5.0 (Windows NT 6.2; WOW64; rv:18.0) Gecko/20100101 Firefox/18.0

[ QueryString ]


[ Form ]


2013-02-01 21:59:42,043 [22] - http://localhost:10476/account/login?returnurl=%2Fprobulkupload [ 2013/2/1 21:59:42 ] 

[ Headers ]

Connection : keep-alive
Content-Length : 249
Content-Type : application/x-www-form-urlencoded
Accept : text/html,application/xhtml+xml,application/xml;q=0.9,*/*;q=0.8
Accept-Encoding : gzip, deflate
Accept-Language : zh-cn,zh;q=0.8,en-us;q=0.5,en;q=0.3
Cookie : probulksessionid=0; __RequestVerificationToken_Lw__=G9+a2X70NdLO1OvzuEEkx3ijsGBCdKfMeqsR9qN6RHnU6s7caFI3Aq16bKA93rb0hKXFYDYBCv/V/BaezPeTqSyOxqN2DGDy/l6QyYqlOSu7MXMSYHa4Az24MjK0w7SoBKNJ9Adn6RchiEy2BotG13xQY/lwq6N2NjXhvwkZthc=
Host : localhost:10476
Referer : http://localhost:10476/account/login?ReturnUrl=%2fprobulkupload
User-Agent : Mozilla/5.0 (Windows NT 6.2; WOW64; rv:18.0) Gecko/20100101 Firefox/18.0

[ QueryString ]

returnurl : /probulkupload

[ Form ]

__RequestVerificationToken : r3T4UYXtC/ZZfH0f2kQgCQIGLtwHhJ3f7lguFgcIv2tQa0lJ7JznzUmLx46APPg5uSZOJkc/Gy5w5UzDLOkXoNSOoEdYtmrzBzZvzy84s/+Gt+uuzc4aSsMLyDhPzNK4kaxsV7Wwv3Ia9RQWg0JvoFvpsp37P8z3HuXxPU6kZKA=
UserName : AdminTest
Password : AdminTest

2013-02-01 21:59:44,532 [20] - http://localhost:10476/probulkupload [ 2013/2/1 21:59:44 ] 

[ Headers ]

Connection : keep-alive
Accept : text/html,application/xhtml+xml,application/xml;q=0.9,*/*;q=0.8
Accept-Encoding : gzip, deflate
Accept-Language : zh-cn,zh;q=0.8,en-us;q=0.5,en;q=0.3
Cookie : probulksessionid=0; __RequestVerificationToken_Lw__=G9+a2X70NdLO1OvzuEEkx3ijsGBCdKfMeqsR9qN6RHnU6s7caFI3Aq16bKA93rb0hKXFYDYBCv/V/BaezPeTqSyOxqN2DGDy/l6QyYqlOSu7MXMSYHa4Az24MjK0w7SoBKNJ9Adn6RchiEy2BotG13xQY/lwq6N2NjXhvwkZthc=; .ASPXAUTH=F4BE1BE8C28B1530D551C7CC6885D168332957FEA7AE6634B63C2B9FDCE8888F3FBE2E2CCFD695CBD05DEEB70BD737D0FF657CDEB032DC27F0B8E05C84B33FF02CF07E3CE23BA9A4D742A74379D08B2BEA443D2C0E97F269EB18C156D039526985081C302D9F7F27609AFFCAF7ACC813EE2307949972A45C28FAAAF8BD15D6A27E4903ECE90E29005B0D4463D352F740EC124CB4FBA9D754CB77A30D65E3B2DB1B5E578FEFB67AF1A15B81443856E95023934A087630712EE7B38926DF326E846C683662BA2CFAD94BFE57F83C400AA0
Host : localhost:10476
Referer : http://localhost:10476/account/login?ReturnUrl=%2fprobulkupload
User-Agent : Mozilla/5.0 (Windows NT 6.2; WOW64; rv:18.0) Gecko/20100101 Firefox/18.0

[ QueryString ]


[ Form ]


2013-02-01 21:59:48,463 [22] - http://localhost:10476/probulkupload/display [ 2013/2/1 21:59:48 ] 

[ Headers ]

Connection : keep-alive
Accept : text/html,application/xhtml+xml,application/xml;q=0.9,*/*;q=0.8
Accept-Encoding : gzip, deflate
Accept-Language : zh-cn,zh;q=0.8,en-us;q=0.5,en;q=0.3
Cookie : probulksessionid=0; __RequestVerificationToken_Lw__=G9+a2X70NdLO1OvzuEEkx3ijsGBCdKfMeqsR9qN6RHnU6s7caFI3Aq16bKA93rb0hKXFYDYBCv/V/BaezPeTqSyOxqN2DGDy/l6QyYqlOSu7MXMSYHa4Az24MjK0w7SoBKNJ9Adn6RchiEy2BotG13xQY/lwq6N2NjXhvwkZthc=; .ASPXAUTH=F4BE1BE8C28B1530D551C7CC6885D168332957FEA7AE6634B63C2B9FDCE8888F3FBE2E2CCFD695CBD05DEEB70BD737D0FF657CDEB032DC27F0B8E05C84B33FF02CF07E3CE23BA9A4D742A74379D08B2BEA443D2C0E97F269EB18C156D039526985081C302D9F7F27609AFFCAF7ACC813EE2307949972A45C28FAAAF8BD15D6A27E4903ECE90E29005B0D4463D352F740EC124CB4FBA9D754CB77A30D65E3B2DB1B5E578FEFB67AF1A15B81443856E95023934A087630712EE7B38926DF326E846C683662BA2CFAD94BFE57F83C400AA0
Host : localhost:10476
Referer : http://localhost:10476/probulkupload
User-Agent : Mozilla/5.0 (Windows NT 6.2; WOW64; rv:18.0) Gecko/20100101 Firefox/18.0

[ QueryString ]


[ Form ]


2013-02-01 22:00:20,237 [10] - http://localhost:10476/probulkupload/display [ 2013/2/1 22:00:20 ] 

[ Headers ]

Connection : keep-alive
Accept : text/html,application/xhtml+xml,application/xml;q=0.9,*/*;q=0.8
Accept-Encoding : gzip, deflate
Accept-Language : zh-cn,zh;q=0.8,en-us;q=0.5,en;q=0.3
Cookie : probulksessionid=0; __RequestVerificationToken_Lw__=G9+a2X70NdLO1OvzuEEkx3ijsGBCdKfMeqsR9qN6RHnU6s7caFI3Aq16bKA93rb0hKXFYDYBCv/V/BaezPeTqSyOxqN2DGDy/l6QyYqlOSu7MXMSYHa4Az24MjK0w7SoBKNJ9Adn6RchiEy2BotG13xQY/lwq6N2NjXhvwkZthc=; .ASPXAUTH=F4BE1BE8C28B1530D551C7CC6885D168332957FEA7AE6634B63C2B9FDCE8888F3FBE2E2CCFD695CBD05DEEB70BD737D0FF657CDEB032DC27F0B8E05C84B33FF02CF07E3CE23BA9A4D742A74379D08B2BEA443D2C0E97F269EB18C156D039526985081C302D9F7F27609AFFCAF7ACC813EE2307949972A45C28FAAAF8BD15D6A27E4903ECE90E29005B0D4463D352F740EC124CB4FBA9D754CB77A30D65E3B2DB1B5E578FEFB67AF1A15B81443856E95023934A087630712EE7B38926DF326E846C683662BA2CFAD94BFE57F83C400AA0
Host : localhost:10476
Referer : http://localhost:10476/probulkupload
User-Agent : Mozilla/5.0 (Windows NT 6.2; WOW64; rv:18.0) Gecko/20100101 Firefox/18.0

[ QueryString ]


[ Form ]


2013-02-01 22:06:01,238 [20] - http://localhost:10476/probulkupload/display [ 2013/2/1 22:06:01 ] 

[ Headers ]

Connection : keep-alive
Accept : text/html,application/xhtml+xml,application/xml;q=0.9,*/*;q=0.8
Accept-Encoding : gzip, deflate
Accept-Language : zh-cn,zh;q=0.8,en-us;q=0.5,en;q=0.3
Cookie : probulksessionid=0; __RequestVerificationToken_Lw__=G9+a2X70NdLO1OvzuEEkx3ijsGBCdKfMeqsR9qN6RHnU6s7caFI3Aq16bKA93rb0hKXFYDYBCv/V/BaezPeTqSyOxqN2DGDy/l6QyYqlOSu7MXMSYHa4Az24MjK0w7SoBKNJ9Adn6RchiEy2BotG13xQY/lwq6N2NjXhvwkZthc=; .ASPXAUTH=F4BE1BE8C28B1530D551C7CC6885D168332957FEA7AE6634B63C2B9FDCE8888F3FBE2E2CCFD695CBD05DEEB70BD737D0FF657CDEB032DC27F0B8E05C84B33FF02CF07E3CE23BA9A4D742A74379D08B2BEA443D2C0E97F269EB18C156D039526985081C302D9F7F27609AFFCAF7ACC813EE2307949972A45C28FAAAF8BD15D6A27E4903ECE90E29005B0D4463D352F740EC124CB4FBA9D754CB77A30D65E3B2DB1B5E578FEFB67AF1A15B81443856E95023934A087630712EE7B38926DF326E846C683662BA2CFAD94BFE57F83C400AA0
Host : localhost:10476
User-Agent : Mozilla/5.0 (Windows NT 6.2; WOW64; rv:18.0) Gecko/20100101 Firefox/18.0

[ QueryString ]


[ Form ]


2013-02-01 22:06:34,301 [20] - http://localhost:10476/probulkupload/display [ 2013/2/1 22:06:34 ] 

[ Headers ]

Cache-Control : no-cache
Connection : keep-alive
Pragma : no-cache
Accept : text/html,application/xhtml+xml,application/xml;q=0.9,*/*;q=0.8
Accept-Encoding : gzip, deflate
Accept-Language : zh-cn,zh;q=0.8,en-us;q=0.5,en;q=0.3
Cookie : probulksessionid=0; __RequestVerificationToken_Lw__=G9+a2X70NdLO1OvzuEEkx3ijsGBCdKfMeqsR9qN6RHnU6s7caFI3Aq16bKA93rb0hKXFYDYBCv/V/BaezPeTqSyOxqN2DGDy/l6QyYqlOSu7MXMSYHa4Az24MjK0w7SoBKNJ9Adn6RchiEy2BotG13xQY/lwq6N2NjXhvwkZthc=; .ASPXAUTH=F4BE1BE8C28B1530D551C7CC6885D168332957FEA7AE6634B63C2B9FDCE8888F3FBE2E2CCFD695CBD05DEEB70BD737D0FF657CDEB032DC27F0B8E05C84B33FF02CF07E3CE23BA9A4D742A74379D08B2BEA443D2C0E97F269EB18C156D039526985081C302D9F7F27609AFFCAF7ACC813EE2307949972A45C28FAAAF8BD15D6A27E4903ECE90E29005B0D4463D352F740EC124CB4FBA9D754CB77A30D65E3B2DB1B5E578FEFB67AF1A15B81443856E95023934A087630712EE7B38926DF326E846C683662BA2CFAD94BFE57F83C400AA0
Host : localhost:10476
User-Agent : Mozilla/5.0 (Windows NT 6.2; WOW64; rv:18.0) Gecko/20100101 Firefox/18.0

[ QueryString ]


[ Form ]


------------------------------------------------------------
2013-02-01 22:07:07,583 [17] - http://localhost:10476/probulkupload/display [ 2013/2/1 22:07:07 ] 

[ Headers ]

Connection : keep-alive
Accept : text/html,application/xhtml+xml,application/xml;q=0.9,*/*;q=0.8
Accept-Encoding : gzip, deflate
Accept-Language : zh-cn,zh;q=0.8,en-us;q=0.5,en;q=0.3
Cookie : probulksessionid=0; __RequestVerificationToken_Lw__=G9+a2X70NdLO1OvzuEEkx3ijsGBCdKfMeqsR9qN6RHnU6s7caFI3Aq16bKA93rb0hKXFYDYBCv/V/BaezPeTqSyOxqN2DGDy/l6QyYqlOSu7MXMSYHa4Az24MjK0w7SoBKNJ9Adn6RchiEy2BotG13xQY/lwq6N2NjXhvwkZthc=; .ASPXAUTH=F4BE1BE8C28B1530D551C7CC6885D168332957FEA7AE6634B63C2B9FDCE8888F3FBE2E2CCFD695CBD05DEEB70BD737D0FF657CDEB032DC27F0B8E05C84B33FF02CF07E3CE23BA9A4D742A74379D08B2BEA443D2C0E97F269EB18C156D039526985081C302D9F7F27609AFFCAF7ACC813EE2307949972A45C28FAAAF8BD15D6A27E4903ECE90E29005B0D4463D352F740EC124CB4FBA9D754CB77A30D65E3B2DB1B5E578FEFB67AF1A15B81443856E95023934A087630712EE7B38926DF326E846C683662BA2CFAD94BFE57F83C400AA0
Host : localhost:10476
User-Agent : Mozilla/5.0 (Windows NT 6.2; WOW64; rv:18.0) Gecko/20100101 Firefox/18.0

[ QueryString ]


[ Form ]


------------------------------------------------------------
2013-02-01 22:07:19,791 [10] - http://localhost:10476/probulkupload/upload [ 2013/2/1 22:07:19 ] 

[ Headers ]

Cache-Control : no-cache
Connection : keep-alive
Pragma : no-cache
Content-Length : 23766
Content-Type : multipart/form-data; boundary=---------------------------1699820909899
Accept : application/json, text/javascript, */*; q=0.01
Accept-Encoding : gzip, deflate
Accept-Language : zh-cn,zh;q=0.8,en-us;q=0.5,en;q=0.3
Cookie : probulksessionid=0; __RequestVerificationToken_Lw__=G9+a2X70NdLO1OvzuEEkx3ijsGBCdKfMeqsR9qN6RHnU6s7caFI3Aq16bKA93rb0hKXFYDYBCv/V/BaezPeTqSyOxqN2DGDy/l6QyYqlOSu7MXMSYHa4Az24MjK0w7SoBKNJ9Adn6RchiEy2BotG13xQY/lwq6N2NjXhvwkZthc=; .ASPXAUTH=F4BE1BE8C28B1530D551C7CC6885D168332957FEA7AE6634B63C2B9FDCE8888F3FBE2E2CCFD695CBD05DEEB70BD737D0FF657CDEB032DC27F0B8E05C84B33FF02CF07E3CE23BA9A4D742A74379D08B2BEA443D2C0E97F269EB18C156D039526985081C302D9F7F27609AFFCAF7ACC813EE2307949972A45C28FAAAF8BD15D6A27E4903ECE90E29005B0D4463D352F740EC124CB4FBA9D754CB77A30D65E3B2DB1B5E578FEFB67AF1A15B81443856E95023934A087630712EE7B38926DF326E846C683662BA2CFAD94BFE57F83C400AA0
Host : localhost:10476
Referer : http://localhost:10476/probulkupload/display
User-Agent : Mozilla/5.0 (Windows NT 6.2; WOW64; rv:18.0) Gecko/20100101 Firefox/18.0
X-Requested-With : XMLHttpRequest

[ QueryString ]


[ Form ]


2013-02-01 22:07:28,745 [17] - http://localhost:10476/probulkupload/uploadimage [ 2013/2/1 22:07:28 ] 

[ Headers ]

Cache-Control : no-cache
Connection : keep-alive
Pragma : no-cache
Content-Length : 2216
Content-Type : multipart/form-data; boundary=---------------------------10416153718329
Accept : application/json, text/javascript, */*; q=0.01
Accept-Encoding : gzip, deflate
Accept-Language : zh-cn,zh;q=0.8,en-us;q=0.5,en;q=0.3
Cookie : probulksessionid=69; __RequestVerificationToken_Lw__=G9+a2X70NdLO1OvzuEEkx3ijsGBCdKfMeqsR9qN6RHnU6s7caFI3Aq16bKA93rb0hKXFYDYBCv/V/BaezPeTqSyOxqN2DGDy/l6QyYqlOSu7MXMSYHa4Az24MjK0w7SoBKNJ9Adn6RchiEy2BotG13xQY/lwq6N2NjXhvwkZthc=; .ASPXAUTH=F4BE1BE8C28B1530D551C7CC6885D168332957FEA7AE6634B63C2B9FDCE8888F3FBE2E2CCFD695CBD05DEEB70BD737D0FF657CDEB032DC27F0B8E05C84B33FF02CF07E3CE23BA9A4D742A74379D08B2BEA443D2C0E97F269EB18C156D039526985081C302D9F7F27609AFFCAF7ACC813EE2307949972A45C28FAAAF8BD15D6A27E4903ECE90E29005B0D4463D352F740EC124CB4FBA9D754CB77A30D65E3B2DB1B5E578FEFB67AF1A15B81443856E95023934A087630712EE7B38926DF326E846C683662BA2CFAD94BFE57F83C400AA0
Host : localhost:10476
Referer : http://localhost:10476/probulkupload/display
User-Agent : Mozilla/5.0 (Windows NT 6.2; WOW64; rv:18.0) Gecko/20100101 Firefox/18.0
X-Requested-With : XMLHttpRequest

[ QueryString ]


[ Form ]


2013-02-01 22:07:28,748 [13] - http://localhost:10476/probulkupload/uploadimage [ 2013/2/1 22:07:28 ] 

[ Headers ]

Cache-Control : no-cache
Connection : keep-alive
Pragma : no-cache
Content-Length : 2216
Content-Type : multipart/form-data; boundary=---------------------------25039129078508
Accept : application/json, text/javascript, */*; q=0.01
Accept-Encoding : gzip, deflate
Accept-Language : zh-cn,zh;q=0.8,en-us;q=0.5,en;q=0.3
Cookie : probulksessionid=69; __RequestVerificationToken_Lw__=G9+a2X70NdLO1OvzuEEkx3ijsGBCdKfMeqsR9qN6RHnU6s7caFI3Aq16bKA93rb0hKXFYDYBCv/V/BaezPeTqSyOxqN2DGDy/l6QyYqlOSu7MXMSYHa4Az24MjK0w7SoBKNJ9Adn6RchiEy2BotG13xQY/lwq6N2NjXhvwkZthc=; .ASPXAUTH=F4BE1BE8C28B1530D551C7CC6885D168332957FEA7AE6634B63C2B9FDCE8888F3FBE2E2CCFD695CBD05DEEB70BD737D0FF657CDEB032DC27F0B8E05C84B33FF02CF07E3CE23BA9A4D742A74379D08B2BEA443D2C0E97F269EB18C156D039526985081C302D9F7F27609AFFCAF7ACC813EE2307949972A45C28FAAAF8BD15D6A27E4903ECE90E29005B0D4463D352F740EC124CB4FBA9D754CB77A30D65E3B2DB1B5E578FEFB67AF1A15B81443856E95023934A087630712EE7B38926DF326E846C683662BA2CFAD94BFE57F83C400AA0
Host : localhost:10476
Referer : http://localhost:10476/probulkupload/display
User-Agent : Mozilla/5.0 (Windows NT 6.2; WOW64; rv:18.0) Gecko/20100101 Firefox/18.0
X-Requested-With : XMLHttpRequest

[ QueryString ]


[ Form ]


2013-02-01 22:07:33,156 [17] - http://localhost:10476/probulkupload/validate?X-Requested-With=XMLHttpRequest [ 2013/2/1 22:07:33 ] 

[ Headers ]

Connection : keep-alive
Accept : */*
Accept-Encoding : gzip, deflate
Accept-Language : zh-cn,zh;q=0.8,en-us;q=0.5,en;q=0.3
Cookie : probulksessionid=69; __RequestVerificationToken_Lw__=G9+a2X70NdLO1OvzuEEkx3ijsGBCdKfMeqsR9qN6RHnU6s7caFI3Aq16bKA93rb0hKXFYDYBCv/V/BaezPeTqSyOxqN2DGDy/l6QyYqlOSu7MXMSYHa4Az24MjK0w7SoBKNJ9Adn6RchiEy2BotG13xQY/lwq6N2NjXhvwkZthc=; .ASPXAUTH=F4BE1BE8C28B1530D551C7CC6885D168332957FEA7AE6634B63C2B9FDCE8888F3FBE2E2CCFD695CBD05DEEB70BD737D0FF657CDEB032DC27F0B8E05C84B33FF02CF07E3CE23BA9A4D742A74379D08B2BEA443D2C0E97F269EB18C156D039526985081C302D9F7F27609AFFCAF7ACC813EE2307949972A45C28FAAAF8BD15D6A27E4903ECE90E29005B0D4463D352F740EC124CB4FBA9D754CB77A30D65E3B2DB1B5E578FEFB67AF1A15B81443856E95023934A087630712EE7B38926DF326E846C683662BA2CFAD94BFE57F83C400AA0
Host : localhost:10476
Referer : http://localhost:10476/probulkupload/display
User-Agent : Mozilla/5.0 (Windows NT 6.2; WOW64; rv:18.0) Gecko/20100101 Firefox/18.0
X-Requested-With : XMLHttpRequest

[ QueryString ]

X-Requested-With : XMLHttpRequest

[ Form ]


2013-02-01 22:07:35,229 [10] - http://localhost:10476/probulkupload/publish [ 2013/2/1 22:07:35 ] 

[ Headers ]

Cache-Control : no-cache
Connection : keep-alive
Pragma : no-cache
Content-Length : 31
Content-Type : application/x-www-form-urlencoded; charset=UTF-8
Accept : */*
Accept-Encoding : gzip, deflate
Accept-Language : zh-cn,zh;q=0.8,en-us;q=0.5,en;q=0.3
Cookie : probulksessionid=69; __RequestVerificationToken_Lw__=G9+a2X70NdLO1OvzuEEkx3ijsGBCdKfMeqsR9qN6RHnU6s7caFI3Aq16bKA93rb0hKXFYDYBCv/V/BaezPeTqSyOxqN2DGDy/l6QyYqlOSu7MXMSYHa4Az24MjK0w7SoBKNJ9Adn6RchiEy2BotG13xQY/lwq6N2NjXhvwkZthc=; .ASPXAUTH=F4BE1BE8C28B1530D551C7CC6885D168332957FEA7AE6634B63C2B9FDCE8888F3FBE2E2CCFD695CBD05DEEB70BD737D0FF657CDEB032DC27F0B8E05C84B33FF02CF07E3CE23BA9A4D742A74379D08B2BEA443D2C0E97F269EB18C156D039526985081C302D9F7F27609AFFCAF7ACC813EE2307949972A45C28FAAAF8BD15D6A27E4903ECE90E29005B0D4463D352F740EC124CB4FBA9D754CB77A30D65E3B2DB1B5E578FEFB67AF1A15B81443856E95023934A087630712EE7B38926DF326E846C683662BA2CFAD94BFE57F83C400AA0
Host : localhost:10476
Referer : http://localhost:10476/probulkupload/display
User-Agent : Mozilla/5.0 (Windows NT 6.2; WOW64; rv:18.0) Gecko/20100101 Firefox/18.0
X-Requested-With : XMLHttpRequest

[ QueryString ]


[ Form ]

X-Requested-With : XMLHttpRequest

2013-02-01 22:07:44,747 [17] - http://localhost:10476/probulkupload/display [ 2013/2/1 22:07:44 ] 

[ Headers ]

Connection : keep-alive
Accept : text/html,application/xhtml+xml,application/xml;q=0.9,*/*;q=0.8
Accept-Encoding : gzip, deflate
Accept-Language : zh-cn,zh;q=0.8,en-us;q=0.5,en;q=0.3
Cookie : probulksessionid=0; __RequestVerificationToken_Lw__=G9+a2X70NdLO1OvzuEEkx3ijsGBCdKfMeqsR9qN6RHnU6s7caFI3Aq16bKA93rb0hKXFYDYBCv/V/BaezPeTqSyOxqN2DGDy/l6QyYqlOSu7MXMSYHa4Az24MjK0w7SoBKNJ9Adn6RchiEy2BotG13xQY/lwq6N2NjXhvwkZthc=; .ASPXAUTH=F4BE1BE8C28B1530D551C7CC6885D168332957FEA7AE6634B63C2B9FDCE8888F3FBE2E2CCFD695CBD05DEEB70BD737D0FF657CDEB032DC27F0B8E05C84B33FF02CF07E3CE23BA9A4D742A74379D08B2BEA443D2C0E97F269EB18C156D039526985081C302D9F7F27609AFFCAF7ACC813EE2307949972A45C28FAAAF8BD15D6A27E4903ECE90E29005B0D4463D352F740EC124CB4FBA9D754CB77A30D65E3B2DB1B5E578FEFB67AF1A15B81443856E95023934A087630712EE7B38926DF326E846C683662BA2CFAD94BFE57F83C400AA0
Host : localhost:10476
Referer : http://localhost:10476/probulkupload/display
User-Agent : Mozilla/5.0 (Windows NT 6.2; WOW64; rv:18.0) Gecko/20100101 Firefox/18.0

[ QueryString ]


[ Form ]


